=== DAILY PIPELINE START 2026-01-14T223502Z ===
PWD=/home/ec2-user/project_3/ADZD-project/adzd-project
Python 3.9.25
Welcome to
      ____              __
     / __/__  ___ _____/ /__
    _\ \/ _ \/ _ `/ __/  '_/
   /___/ .__/\_,_/_/ /_/\_\   version 3.4.2
      /_/
                        
Using Scala version 2.12.17, OpenJDK 64-Bit Server VM, 17.0.17
Branch HEAD
Compiled by user centos on 2023-11-25T07:25:47Z
Revision 0c0e7d4087c64efca259b4fb656b8be643be5686
Url https://github.com/apache/spark
Type --help for more information.
26/01/14 22:35:08 WARN NativeCodeLoader: Unable to load native-hadoop library for your platform... using builtin-java classes where applicable
Traceback (most recent call last):
  File "/home/ec2-user/project_3/ADZD-project/adzd-project/spark_jobs/ingest/alpha_vantage_ingest.py", line 13, in <module>
    from utils.logger import setup_logger
  File "<frozen importlib._bootstrap>", line 1007, in _find_and_load
  File "<frozen importlib._bootstrap>", line 986, in _find_and_load_unlocked
  File "<frozen importlib._bootstrap>", line 664, in _load_unlocked
  File "<frozen importlib._bootstrap>", line 627, in _load_backward_compatible
  File "<frozen zipimport>", line 259, in load_module
  File "/home/ec2-user/project_3/ADZD-project/adzd-project/deps.zip/utils/logger.py", line 9, in <module>
TypeError: unsupported operand type(s) for |: 'type' and 'NoneType'
26/01/14 22:35:09 INFO ShutdownHookManager: Shutdown hook called
26/01/14 22:35:09 INFO ShutdownHookManager: Deleting directory /tmp/spark-1415d324-87b9-4fef-bb47-4ce5f62b7580
