=== DAILY PIPELINE START 2026-01-14T153241Z ===
PWD=/home/ec2-user/project/adzd-project
Python 3.9.25
Welcome to
      ____              __
     / __/__  ___ _____/ /__
    _\ \/ _ \/ _ `/ __/  '_/
   /___/ .__/\_,_/_/ /_/\_\   version 3.4.2
      /_/
                        
Using Scala version 2.12.17, OpenJDK 64-Bit Server VM, 17.0.17
Branch HEAD
Compiled by user centos on 2023-11-25T07:25:47Z
Revision 0c0e7d4087c64efca259b4fb656b8be643be5686
Url https://github.com/apache/spark
Type --help for more information.
26/01/14 15:32:46 WARN NativeCodeLoader: Unable to load native-hadoop library for your platform... using builtin-java classes where applicable
26/01/14 15:32:47 INFO SparkContext: Running Spark version 3.4.2
26/01/14 15:32:47 INFO ResourceUtils: ==============================================================
26/01/14 15:32:47 INFO ResourceUtils: No custom resources configured for spark.driver.
26/01/14 15:32:47 INFO ResourceUtils: ==============================================================
26/01/14 15:32:47 INFO SparkContext: Submitted application: alpha-vantage-fx-daily-ingest
26/01/14 15:32:47 INFO ResourceProfile: Default ResourceProfile created, executor resources: Map(cores -> name: cores, amount: 1, script: , vendor: , memory -> name: memory, amount: 1024, script: , vendor: , offHeap -> name: offHeap, amount: 0, script: , vendor: ), task resources: Map(cpus -> name: cpus, amount: 1.0)
26/01/14 15:32:47 INFO ResourceProfile: Limiting resource is cpu
26/01/14 15:32:47 INFO ResourceProfileManager: Added ResourceProfile id: 0
26/01/14 15:32:47 INFO SecurityManager: Changing view acls to: ec2-user
26/01/14 15:32:47 INFO SecurityManager: Changing modify acls to: ec2-user
26/01/14 15:32:47 INFO SecurityManager: Changing view acls groups to: 
26/01/14 15:32:47 INFO SecurityManager: Changing modify acls groups to: 
26/01/14 15:32:47 INFO SecurityManager: SecurityManager: authentication disabled; ui acls disabled; users with view permissions: ec2-user; groups with view permissions: EMPTY; users with modify permissions: ec2-user; groups with modify permissions: EMPTY
26/01/14 15:32:47 INFO Utils: Successfully started service 'sparkDriver' on port 35393.
26/01/14 15:32:47 INFO SparkEnv: Registering MapOutputTracker
26/01/14 15:32:47 INFO SparkEnv: Registering BlockManagerMaster
26/01/14 15:32:47 INFO BlockManagerMasterEndpoint: Using org.apache.spark.storage.DefaultTopologyMapper for getting topology information
26/01/14 15:32:47 INFO BlockManagerMasterEndpoint: BlockManagerMasterEndpoint up
26/01/14 15:32:47 INFO SparkEnv: Registering BlockManagerMasterHeartbeat
26/01/14 15:32:47 INFO DiskBlockManager: Created local directory at /tmp/blockmgr-9654b76a-9348-4dbe-82f2-aa78e4a27d47
26/01/14 15:32:47 INFO MemoryStore: MemoryStore started with capacity 434.4 MiB
26/01/14 15:32:47 INFO SparkEnv: Registering OutputCommitCoordinator
26/01/14 15:32:48 INFO JettyUtils: Start Jetty 0.0.0.0:4040 for SparkUI
26/01/14 15:32:48 INFO Utils: Successfully started service 'SparkUI' on port 4040.
26/01/14 15:32:48 INFO SparkContext: Added file file:///home/ec2-user/project/adzd-project/deps.zip at file:///home/ec2-user/project/adzd-project/deps.zip with timestamp 1768404767208
26/01/14 15:32:48 INFO Utils: Copying /home/ec2-user/project/adzd-project/deps.zip to /tmp/spark-dfcd4138-e174-4a57-ab24-48613439c2be/userFiles-eeda4922-2e6b-4765-9d00-4f1f03286206/deps.zip
26/01/14 15:32:48 INFO Executor: Starting executor ID driver on host ip-172-31-69-193.ec2.internal
26/01/14 15:32:48 INFO Executor: Starting executor with user classpath (userClassPathFirst = false): ''
26/01/14 15:32:48 INFO Executor: Fetching file:///home/ec2-user/project/adzd-project/deps.zip with timestamp 1768404767208
26/01/14 15:32:48 INFO Utils: /home/ec2-user/project/adzd-project/deps.zip has been previously copied to /tmp/spark-dfcd4138-e174-4a57-ab24-48613439c2be/userFiles-eeda4922-2e6b-4765-9d00-4f1f03286206/deps.zip
26/01/14 15:32:48 INFO Utils: Successfully started service 'org.apache.spark.network.netty.NettyBlockTransferService' on port 40783.
26/01/14 15:32:48 INFO NettyBlockTransferService: Server created on ip-172-31-69-193.ec2.internal:40783
26/01/14 15:32:48 INFO BlockManager: Using org.apache.spark.storage.RandomBlockReplicationPolicy for block replication policy
26/01/14 15:32:48 INFO BlockManagerMaster: Registering BlockManager BlockManagerId(driver, ip-172-31-69-193.ec2.internal, 40783, None)
26/01/14 15:32:48 INFO BlockManagerMasterEndpoint: Registering block manager ip-172-31-69-193.ec2.internal:40783 with 434.4 MiB RAM, BlockManagerId(driver, ip-172-31-69-193.ec2.internal, 40783, None)
26/01/14 15:32:48 INFO BlockManagerMaster: Registered BlockManager BlockManagerId(driver, ip-172-31-69-193.ec2.internal, 40783, None)
26/01/14 15:32:48 INFO BlockManager: Initialized BlockManager: BlockManagerId(driver, ip-172-31-69-193.ec2.internal, 40783, None)
26/01/14 15:32:48 INFO SingleEventLogFileWriter: Logging events to file:/opt/spark-events/local-1768404768219.inprogress
2026-01-14 15:32:49,069 | INFO | spark.ingest.alpha_vantage | Ingest start. pairs=[('EUR', 'USD'), ('GBP', 'USD'), ('USD', 'JPY')], parallelism=1, ingest_date=2026-01-14, min_sleep=1.1
26/01/14 15:32:49 INFO SharedState: Setting hive.metastore.warehouse.dir ('null') to the value of spark.sql.warehouse.dir.
26/01/14 15:32:49 INFO SharedState: Warehouse path is 'file:/tmp/spark-warehouse'.
26/01/14 15:32:53 INFO CodeGenerator: Code generated in 347.764667 ms
26/01/14 15:32:53 INFO CodeGenerator: Code generated in 58.333966 ms
26/01/14 15:32:53 INFO DAGScheduler: Registering RDD 12 (count at NativeMethodAccessorImpl.java:0) as input to shuffle 0
26/01/14 15:32:53 INFO DAGScheduler: Got map stage job 0 (count at NativeMethodAccessorImpl.java:0) with 1 output partitions
26/01/14 15:32:53 INFO DAGScheduler: Final stage: ShuffleMapStage 0 (count at NativeMethodAccessorImpl.java:0)
26/01/14 15:32:53 INFO DAGScheduler: Parents of final stage: List()
26/01/14 15:32:53 INFO DAGScheduler: Missing parents: List()
26/01/14 15:32:53 INFO DAGScheduler: Submitting ShuffleMapStage 0 (MapPartitionsRDD[12] at count at NativeMethodAccessorImpl.java:0), which has no missing parents
26/01/14 15:32:53 INFO MemoryStore: Block broadcast_0 stored as values in memory (estimated size 38.0 KiB, free 434.4 MiB)
26/01/14 15:32:54 INFO MemoryStore: Block broadcast_0_piece0 stored as bytes in memory (estimated size 17.5 KiB, free 434.3 MiB)
26/01/14 15:32:54 INFO BlockManagerInfo: Added broadcast_0_piece0 in memory on ip-172-31-69-193.ec2.internal:40783 (size: 17.5 KiB, free: 434.4 MiB)
26/01/14 15:32:54 INFO SparkContext: Created broadcast 0 from broadcast at DAGScheduler.scala:1535
26/01/14 15:32:54 INFO DAGScheduler: Submitting 1 missing tasks from ShuffleMapStage 0 (MapPartitionsRDD[12] at count at NativeMethodAccessorImpl.java:0) (first 15 tasks are for partitions Vector(0))
26/01/14 15:32:54 INFO TaskSchedulerImpl: Adding task set 0.0 with 1 tasks resource profile 0
26/01/14 15:32:54 INFO TaskSetManager: Starting task 0.0 in stage 0.0 (TID 0) (ip-172-31-69-193.ec2.internal, executor driver, partition 0, PROCESS_LOCAL, 7290 bytes) 
26/01/14 15:32:54 INFO Executor: Running task 0.0 in stage 0.0 (TID 0)
26/01/14 15:32:59 INFO PythonRunner: Times: total = 4844, boot = 675, init = 133, finish = 4036
26/01/14 15:32:59 INFO MemoryStore: Block rdd_7_0 stored as values in memory (estimated size 411.4 KiB, free 433.9 MiB)
26/01/14 15:32:59 INFO BlockManagerInfo: Added rdd_7_0 in memory on ip-172-31-69-193.ec2.internal:40783 (size: 411.4 KiB, free: 434.0 MiB)
26/01/14 15:32:59 INFO CodeGenerator: Code generated in 6.520347 ms
26/01/14 15:32:59 INFO CodeGenerator: Code generated in 15.516768 ms
26/01/14 15:32:59 INFO Executor: Finished task 0.0 in stage 0.0 (TID 0). 2509 bytes result sent to driver
26/01/14 15:32:59 INFO TaskSetManager: Finished task 0.0 in stage 0.0 (TID 0) in 5460 ms on ip-172-31-69-193.ec2.internal (executor driver) (1/1)
26/01/14 15:32:59 INFO TaskSchedulerImpl: Removed TaskSet 0.0, whose tasks have all completed, from pool 
26/01/14 15:32:59 INFO PythonAccumulatorV2: Connected to AccumulatorServer at host: 127.0.0.1 port: 60531
26/01/14 15:32:59 INFO DAGScheduler: ShuffleMapStage 0 (count at NativeMethodAccessorImpl.java:0) finished in 5.988 s
26/01/14 15:32:59 INFO DAGScheduler: looking for newly runnable stages
26/01/14 15:32:59 INFO DAGScheduler: running: Set()
26/01/14 15:32:59 INFO DAGScheduler: waiting: Set()
26/01/14 15:32:59 INFO DAGScheduler: failed: Set()
26/01/14 15:32:59 INFO CodeGenerator: Code generated in 24.912361 ms
26/01/14 15:32:59 INFO SparkContext: Starting job: count at NativeMethodAccessorImpl.java:0
26/01/14 15:33:00 INFO DAGScheduler: Got job 1 (count at NativeMethodAccessorImpl.java:0) with 1 output partitions
26/01/14 15:33:00 INFO DAGScheduler: Final stage: ResultStage 2 (count at NativeMethodAccessorImpl.java:0)
26/01/14 15:33:00 INFO DAGScheduler: Parents of final stage: List(ShuffleMapStage 1)
26/01/14 15:33:00 INFO DAGScheduler: Missing parents: List()
26/01/14 15:33:00 INFO DAGScheduler: Submitting ResultStage 2 (MapPartitionsRDD[15] at count at NativeMethodAccessorImpl.java:0), which has no missing parents
26/01/14 15:33:00 INFO MemoryStore: Block broadcast_1 stored as values in memory (estimated size 12.2 KiB, free 433.9 MiB)
26/01/14 15:33:00 INFO MemoryStore: Block broadcast_1_piece0 stored as bytes in memory (estimated size 5.8 KiB, free 433.9 MiB)
26/01/14 15:33:00 INFO BlockManagerInfo: Added broadcast_1_piece0 in memory on ip-172-31-69-193.ec2.internal:40783 (size: 5.8 KiB, free: 434.0 MiB)
26/01/14 15:33:00 INFO SparkContext: Created broadcast 1 from broadcast at DAGScheduler.scala:1535
26/01/14 15:33:00 INFO DAGScheduler: Submitting 1 missing tasks from ResultStage 2 (MapPartitionsRDD[15] at count at NativeMethodAccessorImpl.java:0) (first 15 tasks are for partitions Vector(0))
26/01/14 15:33:00 INFO TaskSchedulerImpl: Adding task set 2.0 with 1 tasks resource profile 0
26/01/14 15:33:00 INFO TaskSetManager: Starting task 0.0 in stage 2.0 (TID 1) (ip-172-31-69-193.ec2.internal, executor driver, partition 0, NODE_LOCAL, 7363 bytes) 
26/01/14 15:33:00 INFO Executor: Running task 0.0 in stage 2.0 (TID 1)
26/01/14 15:33:00 INFO ShuffleBlockFetcherIterator: Getting 1 (60.0 B) non-empty blocks including 1 (60.0 B) local and 0 (0.0 B) host-local and 0 (0.0 B) push-merged-local and 0 (0.0 B) remote blocks
26/01/14 15:33:00 INFO ShuffleBlockFetcherIterator: Started 0 remote fetches in 14 ms
26/01/14 15:33:00 INFO Executor: Finished task 0.0 in stage 2.0 (TID 1). 3851 bytes result sent to driver
26/01/14 15:33:00 INFO TaskSetManager: Finished task 0.0 in stage 2.0 (TID 1) in 90 ms on ip-172-31-69-193.ec2.internal (executor driver) (1/1)
26/01/14 15:33:00 INFO DAGScheduler: ResultStage 2 (count at NativeMethodAccessorImpl.java:0) finished in 0.121 s
26/01/14 15:33:00 INFO TaskSchedulerImpl: Removed TaskSet 2.0, whose tasks have all completed, from pool 
26/01/14 15:33:00 INFO DAGScheduler: Job 1 is finished. Cancelling potential speculative or zombie tasks for this job
26/01/14 15:33:00 INFO TaskSchedulerImpl: Killing all running tasks in stage 2: Stage finished
26/01/14 15:33:00 INFO DAGScheduler: Job 1 finished: count at NativeMethodAccessorImpl.java:0, took 0.162550 s
26/01/14 15:33:00 INFO CodeGenerator: Code generated in 40.049689 ms
26/01/14 15:33:00 INFO DefaultCachedBatchSerializer: Predicate isnotnull(date#0) generates partition filter: ((date.count#607 - date.nullCount#606) > 0)
26/01/14 15:33:00 INFO DAGScheduler: Registering RDD 20 (count at NativeMethodAccessorImpl.java:0) as input to shuffle 1
26/01/14 15:33:00 INFO DAGScheduler: Got map stage job 2 (count at NativeMethodAccessorImpl.java:0) with 1 output partitions
26/01/14 15:33:00 INFO DAGScheduler: Final stage: ShuffleMapStage 3 (count at NativeMethodAccessorImpl.java:0)
26/01/14 15:33:00 INFO DAGScheduler: Parents of final stage: List()
26/01/14 15:33:00 INFO DAGScheduler: Missing parents: List()
26/01/14 15:33:00 INFO DAGScheduler: Submitting ShuffleMapStage 3 (MapPartitionsRDD[20] at count at NativeMethodAccessorImpl.java:0), which has no missing parents
26/01/14 15:33:00 INFO MemoryStore: Block broadcast_2 stored as values in memory (estimated size 46.8 KiB, free 433.9 MiB)
26/01/14 15:33:00 INFO MemoryStore: Block broadcast_2_piece0 stored as bytes in memory (estimated size 21.6 KiB, free 433.9 MiB)
26/01/14 15:33:00 INFO BlockManagerInfo: Added broadcast_2_piece0 in memory on ip-172-31-69-193.ec2.internal:40783 (size: 21.6 KiB, free: 434.0 MiB)
26/01/14 15:33:00 INFO SparkContext: Created broadcast 2 from broadcast at DAGScheduler.scala:1535
26/01/14 15:33:00 INFO DAGScheduler: Submitting 1 missing tasks from ShuffleMapStage 3 (MapPartitionsRDD[20] at count at NativeMethodAccessorImpl.java:0) (first 15 tasks are for partitions Vector(0))
26/01/14 15:33:00 INFO TaskSchedulerImpl: Adding task set 3.0 with 1 tasks resource profile 0
26/01/14 15:33:00 INFO TaskSetManager: Starting task 0.0 in stage 3.0 (TID 2) (ip-172-31-69-193.ec2.internal, executor driver, partition 0, PROCESS_LOCAL, 7290 bytes) 
26/01/14 15:33:00 INFO Executor: Running task 0.0 in stage 3.0 (TID 2)
26/01/14 15:33:00 INFO BlockManager: Found block rdd_7_0 locally
26/01/14 15:33:00 INFO CodeGenerator: Code generated in 9.033406 ms
26/01/14 15:33:00 INFO CodeGenerator: Code generated in 24.366975 ms
26/01/14 15:33:00 INFO Executor: Finished task 0.0 in stage 3.0 (TID 2). 2565 bytes result sent to driver
26/01/14 15:33:00 INFO TaskSetManager: Finished task 0.0 in stage 3.0 (TID 2) in 114 ms on ip-172-31-69-193.ec2.internal (executor driver) (1/1)
26/01/14 15:33:00 INFO TaskSchedulerImpl: Removed TaskSet 3.0, whose tasks have all completed, from pool 
26/01/14 15:33:00 INFO DAGScheduler: ShuffleMapStage 3 (count at NativeMethodAccessorImpl.java:0) finished in 0.152 s
26/01/14 15:33:00 INFO DAGScheduler: looking for newly runnable stages
26/01/14 15:33:00 INFO DAGScheduler: running: Set()
26/01/14 15:33:00 INFO DAGScheduler: waiting: Set()
26/01/14 15:33:00 INFO DAGScheduler: failed: Set()
26/01/14 15:33:00 INFO BlockManagerInfo: Removed broadcast_0_piece0 on ip-172-31-69-193.ec2.internal:40783 in memory (size: 17.5 KiB, free: 434.0 MiB)
26/01/14 15:33:00 INFO SparkContext: Starting job: count at NativeMethodAccessorImpl.java:0
26/01/14 15:33:00 INFO DAGScheduler: Got job 3 (count at NativeMethodAccessorImpl.java:0) with 1 output partitions
26/01/14 15:33:00 INFO DAGScheduler: Final stage: ResultStage 5 (count at NativeMethodAccessorImpl.java:0)
26/01/14 15:33:00 INFO DAGScheduler: Parents of final stage: List(ShuffleMapStage 4)
26/01/14 15:33:00 INFO DAGScheduler: Missing parents: List()
26/01/14 15:33:00 INFO DAGScheduler: Submitting ResultStage 5 (MapPartitionsRDD[23] at count at NativeMethodAccessorImpl.java:0), which has no missing parents
26/01/14 15:33:00 INFO MemoryStore: Block broadcast_3 stored as values in memory (estimated size 12.2 KiB, free 433.9 MiB)
26/01/14 15:33:00 INFO MemoryStore: Block broadcast_3_piece0 stored as bytes in memory (estimated size 5.9 KiB, free 433.9 MiB)
26/01/14 15:33:00 INFO BlockManagerInfo: Added broadcast_3_piece0 in memory on ip-172-31-69-193.ec2.internal:40783 (size: 5.9 KiB, free: 434.0 MiB)
26/01/14 15:33:00 INFO SparkContext: Created broadcast 3 from broadcast at DAGScheduler.scala:1535
26/01/14 15:33:00 INFO DAGScheduler: Submitting 1 missing tasks from ResultStage 5 (MapPartitionsRDD[23] at count at NativeMethodAccessorImpl.java:0) (first 15 tasks are for partitions Vector(0))
26/01/14 15:33:00 INFO TaskSchedulerImpl: Adding task set 5.0 with 1 tasks resource profile 0
26/01/14 15:33:00 INFO TaskSetManager: Starting task 0.0 in stage 5.0 (TID 3) (ip-172-31-69-193.ec2.internal, executor driver, partition 0, NODE_LOCAL, 7363 bytes) 
26/01/14 15:33:00 INFO Executor: Running task 0.0 in stage 5.0 (TID 3)
26/01/14 15:33:00 INFO ShuffleBlockFetcherIterator: Getting 1 (60.0 B) non-empty blocks including 1 (60.0 B) local and 0 (0.0 B) host-local and 0 (0.0 B) push-merged-local and 0 (0.0 B) remote blocks
26/01/14 15:33:00 INFO BlockManagerInfo: Removed broadcast_1_piece0 on ip-172-31-69-193.ec2.internal:40783 in memory (size: 5.8 KiB, free: 434.0 MiB)
26/01/14 15:33:00 INFO ShuffleBlockFetcherIterator: Started 0 remote fetches in 6 ms
26/01/14 15:33:00 INFO Executor: Finished task 0.0 in stage 5.0 (TID 3). 3808 bytes result sent to driver
26/01/14 15:33:00 INFO TaskSetManager: Finished task 0.0 in stage 5.0 (TID 3) in 26 ms on ip-172-31-69-193.ec2.internal (executor driver) (1/1)
26/01/14 15:33:00 INFO DAGScheduler: ResultStage 5 (count at NativeMethodAccessorImpl.java:0) finished in 0.048 s
26/01/14 15:33:00 INFO DAGScheduler: Job 3 is finished. Cancelling potential speculative or zombie tasks for this job
26/01/14 15:33:00 INFO TaskSchedulerImpl: Removed TaskSet 5.0, whose tasks have all completed, from pool 
26/01/14 15:33:00 INFO TaskSchedulerImpl: Killing all running tasks in stage 5: Stage finished
26/01/14 15:33:00 INFO DAGScheduler: Job 3 finished: count at NativeMethodAccessorImpl.java:0, took 0.055292 s
26/01/14 15:33:00 INFO CodeGenerator: Code generated in 19.62033 ms
26/01/14 15:33:00 INFO DefaultCachedBatchSerializer: Predicate isnull(date#0) generates partition filter: (date.nullCount#897 > 0)
26/01/14 15:33:00 INFO DefaultCachedBatchSerializer: Predicate isnotnull(error#10) generates partition filter: ((error.count#948 - error.nullCount#947) > 0)
26/01/14 15:33:00 INFO DAGScheduler: Registering RDD 28 (count at NativeMethodAccessorImpl.java:0) as input to shuffle 2
26/01/14 15:33:00 INFO DAGScheduler: Got map stage job 4 (count at NativeMethodAccessorImpl.java:0) with 1 output partitions
26/01/14 15:33:00 INFO DAGScheduler: Final stage: ShuffleMapStage 6 (count at NativeMethodAccessorImpl.java:0)
26/01/14 15:33:00 INFO DAGScheduler: Parents of final stage: List()
26/01/14 15:33:00 INFO DAGScheduler: Missing parents: List()
26/01/14 15:33:00 INFO DAGScheduler: Submitting ShuffleMapStage 6 (MapPartitionsRDD[28] at count at NativeMethodAccessorImpl.java:0), which has no missing parents
26/01/14 15:33:00 INFO MemoryStore: Block broadcast_4 stored as values in memory (estimated size 47.2 KiB, free 433.9 MiB)
26/01/14 15:33:00 INFO MemoryStore: Block broadcast_4_piece0 stored as bytes in memory (estimated size 21.6 KiB, free 433.8 MiB)
26/01/14 15:33:00 INFO BlockManagerInfo: Added broadcast_4_piece0 in memory on ip-172-31-69-193.ec2.internal:40783 (size: 21.6 KiB, free: 434.0 MiB)
26/01/14 15:33:00 INFO SparkContext: Created broadcast 4 from broadcast at DAGScheduler.scala:1535
26/01/14 15:33:00 INFO DAGScheduler: Submitting 1 missing tasks from ShuffleMapStage 6 (MapPartitionsRDD[28] at count at NativeMethodAccessorImpl.java:0) (first 15 tasks are for partitions Vector(0))
26/01/14 15:33:00 INFO TaskSchedulerImpl: Adding task set 6.0 with 1 tasks resource profile 0
26/01/14 15:33:00 INFO TaskSetManager: Starting task 0.0 in stage 6.0 (TID 4) (ip-172-31-69-193.ec2.internal, executor driver, partition 0, PROCESS_LOCAL, 7290 bytes) 
26/01/14 15:33:00 INFO Executor: Running task 0.0 in stage 6.0 (TID 4)
26/01/14 15:33:00 INFO BlockManager: Found block rdd_7_0 locally
26/01/14 15:33:00 INFO CodeGenerator: Code generated in 12.327905 ms
26/01/14 15:33:00 INFO CodeGenerator: Code generated in 17.569792 ms
26/01/14 15:33:00 INFO Executor: Finished task 0.0 in stage 6.0 (TID 4). 2479 bytes result sent to driver
26/01/14 15:33:00 INFO TaskSetManager: Finished task 0.0 in stage 6.0 (TID 4) in 82 ms on ip-172-31-69-193.ec2.internal (executor driver) (1/1)
26/01/14 15:33:00 INFO TaskSchedulerImpl: Removed TaskSet 6.0, whose tasks have all completed, from pool 
26/01/14 15:33:01 INFO DAGScheduler: ShuffleMapStage 6 (count at NativeMethodAccessorImpl.java:0) finished in 0.115 s
26/01/14 15:33:01 INFO DAGScheduler: looking for newly runnable stages
26/01/14 15:33:01 INFO DAGScheduler: running: Set()
26/01/14 15:33:01 INFO DAGScheduler: waiting: Set()
26/01/14 15:33:01 INFO DAGScheduler: failed: Set()
26/01/14 15:33:01 INFO SparkContext: Starting job: count at NativeMethodAccessorImpl.java:0
26/01/14 15:33:01 INFO DAGScheduler: Got job 5 (count at NativeMethodAccessorImpl.java:0) with 1 output partitions
26/01/14 15:33:01 INFO DAGScheduler: Final stage: ResultStage 8 (count at NativeMethodAccessorImpl.java:0)
26/01/14 15:33:01 INFO DAGScheduler: Parents of final stage: List(ShuffleMapStage 7)
26/01/14 15:33:01 INFO DAGScheduler: Missing parents: List()
26/01/14 15:33:01 INFO DAGScheduler: Submitting ResultStage 8 (MapPartitionsRDD[31] at count at NativeMethodAccessorImpl.java:0), which has no missing parents
26/01/14 15:33:01 INFO MemoryStore: Block broadcast_5 stored as values in memory (estimated size 12.2 KiB, free 433.8 MiB)
26/01/14 15:33:01 INFO MemoryStore: Block broadcast_5_piece0 stored as bytes in memory (estimated size 5.8 KiB, free 433.8 MiB)
26/01/14 15:33:01 INFO BlockManagerInfo: Added broadcast_5_piece0 in memory on ip-172-31-69-193.ec2.internal:40783 (size: 5.8 KiB, free: 433.9 MiB)
26/01/14 15:33:01 INFO SparkContext: Created broadcast 5 from broadcast at DAGScheduler.scala:1535
26/01/14 15:33:01 INFO DAGScheduler: Submitting 1 missing tasks from ResultStage 8 (MapPartitionsRDD[31] at count at NativeMethodAccessorImpl.java:0) (first 15 tasks are for partitions Vector(0))
26/01/14 15:33:01 INFO TaskSchedulerImpl: Adding task set 8.0 with 1 tasks resource profile 0
26/01/14 15:33:01 INFO TaskSetManager: Starting task 0.0 in stage 8.0 (TID 5) (ip-172-31-69-193.ec2.internal, executor driver, partition 0, NODE_LOCAL, 7363 bytes) 
26/01/14 15:33:01 INFO Executor: Running task 0.0 in stage 8.0 (TID 5)
26/01/14 15:33:01 INFO BlockManagerInfo: Removed broadcast_4_piece0 on ip-172-31-69-193.ec2.internal:40783 in memory (size: 21.6 KiB, free: 434.0 MiB)
26/01/14 15:33:01 INFO ShuffleBlockFetcherIterator: Getting 1 (60.0 B) non-empty blocks including 1 (60.0 B) local and 0 (0.0 B) host-local and 0 (0.0 B) push-merged-local and 0 (0.0 B) remote blocks
26/01/14 15:33:01 INFO ShuffleBlockFetcherIterator: Started 0 remote fetches in 3 ms
26/01/14 15:33:01 INFO Executor: Finished task 0.0 in stage 8.0 (TID 5). 3801 bytes result sent to driver
26/01/14 15:33:01 INFO TaskSetManager: Finished task 0.0 in stage 8.0 (TID 5) in 29 ms on ip-172-31-69-193.ec2.internal (executor driver) (1/1)
26/01/14 15:33:01 INFO TaskSchedulerImpl: Removed TaskSet 8.0, whose tasks have all completed, from pool 
26/01/14 15:33:01 INFO DAGScheduler: ResultStage 8 (count at NativeMethodAccessorImpl.java:0) finished in 0.083 s
26/01/14 15:33:01 INFO DAGScheduler: Job 5 is finished. Cancelling potential speculative or zombie tasks for this job
26/01/14 15:33:01 INFO TaskSchedulerImpl: Killing all running tasks in stage 8: Stage finished
26/01/14 15:33:01 INFO DAGScheduler: Job 5 finished: count at NativeMethodAccessorImpl.java:0, took 0.099736 s
26/01/14 15:33:01 INFO BlockManagerInfo: Removed broadcast_2_piece0 on ip-172-31-69-193.ec2.internal:40783 in memory (size: 21.6 KiB, free: 434.0 MiB)
26/01/14 15:33:01 INFO BlockManagerInfo: Removed broadcast_3_piece0 on ip-172-31-69-193.ec2.internal:40783 in memory (size: 5.9 KiB, free: 434.0 MiB)
26/01/14 15:33:01 INFO ParquetUtils: Using default output committer for Parquet: org.apache.parquet.hadoop.ParquetOutputCommitter
26/01/14 15:33:01 INFO FileOutputCommitter: File Output Committer Algorithm version is 1
26/01/14 15:33:01 INFO FileOutputCommitter: FileOutputCommitter skip cleanup _temporary folders under output directory:false, ignore cleanup failures: false
26/01/14 15:33:01 INFO SQLHadoopMapReduceCommitProtocol: Using user defined output committer class org.apache.parquet.hadoop.ParquetOutputCommitter
26/01/14 15:33:01 INFO FileOutputCommitter: File Output Committer Algorithm version is 1
26/01/14 15:33:01 INFO FileOutputCommitter: FileOutputCommitter skip cleanup _temporary folders under output directory:false, ignore cleanup failures: false
26/01/14 15:33:01 INFO SQLHadoopMapReduceCommitProtocol: Using output committer class org.apache.parquet.hadoop.ParquetOutputCommitter
26/01/14 15:33:01 INFO CodeGenerator: Code generated in 34.297677 ms
26/01/14 15:33:01 INFO DefaultCachedBatchSerializer: Predicate isnotnull(date#0) generates partition filter: ((date.count#1131 - date.nullCount#1130) > 0)
26/01/14 15:33:01 INFO SparkContext: Starting job: parquet at NativeMethodAccessorImpl.java:0
26/01/14 15:33:01 INFO DAGScheduler: Got job 6 (parquet at NativeMethodAccessorImpl.java:0) with 1 output partitions
26/01/14 15:33:01 INFO DAGScheduler: Final stage: ResultStage 9 (parquet at NativeMethodAccessorImpl.java:0)
26/01/14 15:33:01 INFO DAGScheduler: Parents of final stage: List()
26/01/14 15:33:01 INFO DAGScheduler: Missing parents: List()
26/01/14 15:33:01 INFO DAGScheduler: Submitting ResultStage 9 (MapPartitionsRDD[36] at parquet at NativeMethodAccessorImpl.java:0), which has no missing parents
26/01/14 15:33:01 INFO MemoryStore: Block broadcast_6 stored as values in memory (estimated size 255.0 KiB, free 433.7 MiB)
26/01/14 15:33:01 INFO MemoryStore: Block broadcast_6_piece0 stored as bytes in memory (estimated size 94.4 KiB, free 433.6 MiB)
26/01/14 15:33:01 INFO BlockManagerInfo: Added broadcast_6_piece0 in memory on ip-172-31-69-193.ec2.internal:40783 (size: 94.4 KiB, free: 433.9 MiB)
26/01/14 15:33:01 INFO SparkContext: Created broadcast 6 from broadcast at DAGScheduler.scala:1535
26/01/14 15:33:01 INFO DAGScheduler: Submitting 1 missing tasks from ResultStage 9 (MapPartitionsRDD[36] at parquet at NativeMethodAccessorImpl.java:0) (first 15 tasks are for partitions Vector(0))
26/01/14 15:33:01 INFO TaskSchedulerImpl: Adding task set 9.0 with 1 tasks resource profile 0
26/01/14 15:33:01 INFO TaskSetManager: Starting task 0.0 in stage 9.0 (TID 6) (ip-172-31-69-193.ec2.internal, executor driver, partition 0, PROCESS_LOCAL, 7301 bytes) 
26/01/14 15:33:01 INFO Executor: Running task 0.0 in stage 9.0 (TID 6)
26/01/14 15:33:01 INFO BlockManager: Found block rdd_7_0 locally
26/01/14 15:33:01 INFO CodeGenerator: Code generated in 27.760918 ms
26/01/14 15:33:01 INFO CodeGenerator: Code generated in 15.275873 ms
26/01/14 15:33:02 INFO CodeGenerator: Code generated in 13.132051 ms
26/01/14 15:33:02 INFO FileOutputCommitter: File Output Committer Algorithm version is 1
26/01/14 15:33:02 INFO FileOutputCommitter: FileOutputCommitter skip cleanup _temporary folders under output directory:false, ignore cleanup failures: false
26/01/14 15:33:02 INFO SQLHadoopMapReduceCommitProtocol: Using user defined output committer class org.apache.parquet.hadoop.ParquetOutputCommitter
26/01/14 15:33:02 INFO FileOutputCommitter: File Output Committer Algorithm version is 1
26/01/14 15:33:02 INFO FileOutputCommitter: FileOutputCommitter skip cleanup _temporary folders under output directory:false, ignore cleanup failures: false
26/01/14 15:33:02 INFO SQLHadoopMapReduceCommitProtocol: Using output committer class org.apache.parquet.hadoop.ParquetOutputCommitter
26/01/14 15:33:02 INFO CodeGenerator: Code generated in 25.003619 ms
26/01/14 15:33:02 INFO BlockManagerInfo: Removed broadcast_5_piece0 on ip-172-31-69-193.ec2.internal:40783 in memory (size: 5.8 KiB, free: 433.9 MiB)
26/01/14 15:33:02 INFO CodeGenerator: Code generated in 18.68026 ms
26/01/14 15:33:02 INFO CodeGenerator: Code generated in 42.332299 ms
26/01/14 15:33:02 INFO CodecConfig: Compression: SNAPPY
26/01/14 15:33:02 INFO CodecConfig: Compression: SNAPPY
26/01/14 15:33:02 INFO ParquetOutputFormat: ParquetRecordWriter [block size: 134217728b, row group padding size: 8388608b, validating: false]
26/01/14 15:33:02 INFO ParquetWriteSupport: Initialized Parquet WriteSupport with Catalyst schema:
{
  "type" : "struct",
  "fields" : [ {
    "name" : "date",
    "type" : "string",
    "nullable" : true,
    "metadata" : { }
  }, {
    "name" : "open",
    "type" : "double",
    "nullable" : true,
    "metadata" : { }
  }, {
    "name" : "high",
    "type" : "double",
    "nullable" : true,
    "metadata" : { }
  }, {
    "name" : "low",
    "type" : "double",
    "nullable" : true,
    "metadata" : { }
  }, {
    "name" : "close",
    "type" : "double",
    "nullable" : true,
    "metadata" : { }
  }, {
    "name" : "from_symbol",
    "type" : "string",
    "nullable" : true,
    "metadata" : { }
  }, {
    "name" : "to_symbol",
    "type" : "string",
    "nullable" : true,
    "metadata" : { }
  }, {
    "name" : "frequency",
    "type" : "string",
    "nullable" : true,
    "metadata" : { }
  }, {
    "name" : "error",
    "type" : "string",
    "nullable" : true,
    "metadata" : { }
  } ]
}
and corresponding Parquet message type:
message spark_schema {
  optional binary date (STRING);
  optional double open;
  optional double high;
  optional double low;
  optional double close;
  optional binary from_symbol (STRING);
  optional binary to_symbol (STRING);
  optional binary frequency (STRING);
  optional binary error (STRING);
}

       
26/01/14 15:33:02 INFO CodecPool: Got brand-new compressor [.snappy]
26/01/14 15:33:03 INFO CodecConfig: Compression: SNAPPY
26/01/14 15:33:03 INFO CodecConfig: Compression: SNAPPY
26/01/14 15:33:03 INFO ParquetOutputFormat: ParquetRecordWriter [block size: 134217728b, row group padding size: 8388608b, validating: false]
26/01/14 15:33:03 INFO ParquetWriteSupport: Initialized Parquet WriteSupport with Catalyst schema:
{
  "type" : "struct",
  "fields" : [ {
    "name" : "date",
    "type" : "string",
    "nullable" : true,
    "metadata" : { }
  }, {
    "name" : "open",
    "type" : "double",
    "nullable" : true,
    "metadata" : { }
  }, {
    "name" : "high",
    "type" : "double",
    "nullable" : true,
    "metadata" : { }
  }, {
    "name" : "low",
    "type" : "double",
    "nullable" : true,
    "metadata" : { }
  }, {
    "name" : "close",
    "type" : "double",
    "nullable" : true,
    "metadata" : { }
  }, {
    "name" : "from_symbol",
    "type" : "string",
    "nullable" : true,
    "metadata" : { }
  }, {
    "name" : "to_symbol",
    "type" : "string",
    "nullable" : true,
    "metadata" : { }
  }, {
    "name" : "frequency",
    "type" : "string",
    "nullable" : true,
    "metadata" : { }
  }, {
    "name" : "error",
    "type" : "string",
    "nullable" : true,
    "metadata" : { }
  } ]
}
and corresponding Parquet message type:
message spark_schema {
  optional binary date (STRING);
  optional double open;
  optional double high;
  optional double low;
  optional double close;
  optional binary from_symbol (STRING);
  optional binary to_symbol (STRING);
  optional binary frequency (STRING);
  optional binary error (STRING);
}

       
26/01/14 15:33:03 INFO CodecConfig: Compression: SNAPPY
26/01/14 15:33:03 INFO CodecConfig: Compression: SNAPPY
26/01/14 15:33:03 INFO ParquetOutputFormat: ParquetRecordWriter [block size: 134217728b, row group padding size: 8388608b, validating: false]
26/01/14 15:33:03 INFO ParquetWriteSupport: Initialized Parquet WriteSupport with Catalyst schema:
{
  "type" : "struct",
  "fields" : [ {
    "name" : "date",
    "type" : "string",
    "nullable" : true,
    "metadata" : { }
  }, {
    "name" : "open",
    "type" : "double",
    "nullable" : true,
    "metadata" : { }
  }, {
    "name" : "high",
    "type" : "double",
    "nullable" : true,
    "metadata" : { }
  }, {
    "name" : "low",
    "type" : "double",
    "nullable" : true,
    "metadata" : { }
  }, {
    "name" : "close",
    "type" : "double",
    "nullable" : true,
    "metadata" : { }
  }, {
    "name" : "from_symbol",
    "type" : "string",
    "nullable" : true,
    "metadata" : { }
  }, {
    "name" : "to_symbol",
    "type" : "string",
    "nullable" : true,
    "metadata" : { }
  }, {
    "name" : "frequency",
    "type" : "string",
    "nullable" : true,
    "metadata" : { }
  }, {
    "name" : "error",
    "type" : "string",
    "nullable" : true,
    "metadata" : { }
  } ]
}
and corresponding Parquet message type:
message spark_schema {
  optional binary date (STRING);
  optional double open;
  optional double high;
  optional double low;
  optional double close;
  optional binary from_symbol (STRING);
  optional binary to_symbol (STRING);
  optional binary frequency (STRING);
  optional binary error (STRING);
}

       
26/01/14 15:33:03 INFO FileOutputCommitter: Saved output of task 'attempt_202601141533013594504763323891230_0009_m_000000_6' to file:/home/ec2-user/project/adzd-project/data/raw/alpha_vantage/market=forex/frequency=daily/_temporary/0/task_202601141533013594504763323891230_0009_m_000000
26/01/14 15:33:03 INFO SparkHadoopMapRedUtil: attempt_202601141533013594504763323891230_0009_m_000000_6: Committed. Elapsed time: 8 ms.
26/01/14 15:33:03 INFO Executor: Finished task 0.0 in stage 9.0 (TID 6). 2692 bytes result sent to driver
26/01/14 15:33:03 INFO TaskSetManager: Finished task 0.0 in stage 9.0 (TID 6) in 1721 ms on ip-172-31-69-193.ec2.internal (executor driver) (1/1)
26/01/14 15:33:03 INFO DAGScheduler: ResultStage 9 (parquet at NativeMethodAccessorImpl.java:0) finished in 1.798 s
26/01/14 15:33:03 INFO DAGScheduler: Job 6 is finished. Cancelling potential speculative or zombie tasks for this job
26/01/14 15:33:03 INFO TaskSchedulerImpl: Removed TaskSet 9.0, whose tasks have all completed, from pool 
26/01/14 15:33:03 INFO TaskSchedulerImpl: Killing all running tasks in stage 9: Stage finished
26/01/14 15:33:03 INFO DAGScheduler: Job 6 finished: parquet at NativeMethodAccessorImpl.java:0, took 1.842154 s
26/01/14 15:33:03 INFO FileFormatWriter: Start to commit write Job c3977d0b-f6fb-41a3-b7f1-352d950f9350.
26/01/14 15:33:03 INFO FileFormatWriter: Write Job c3977d0b-f6fb-41a3-b7f1-352d950f9350 committed. Elapsed time: 46 ms.
26/01/14 15:33:03 INFO FileFormatWriter: Finished processing stats for write job c3977d0b-f6fb-41a3-b7f1-352d950f9350.
2026-01-14 15:33:03,634 | INFO | spark.ingest.alpha_vantage | Dane OK zapisane do: data/raw/alpha_vantage/market=forex/frequency=daily (partitionBy pair, ingest_date)
2026-01-14 15:33:03,634 | INFO | spark.ingest.alpha_vantage | Liczba rekordów OK: 15000
2026-01-14 15:33:03,634 | INFO | spark.ingest.alpha_vantage | Liczba rekordów błędów: 0
26/01/14 15:33:03 INFO SparkContext: SparkContext is stopping with exitCode 0.
26/01/14 15:33:03 INFO SparkUI: Stopped Spark web UI at http://ip-172-31-69-193.ec2.internal:4040
26/01/14 15:33:03 INFO MapOutputTrackerMasterEndpoint: MapOutputTrackerMasterEndpoint stopped!
26/01/14 15:33:03 INFO MemoryStore: MemoryStore cleared
26/01/14 15:33:03 INFO BlockManager: BlockManager stopped
26/01/14 15:33:03 INFO BlockManagerMaster: BlockManagerMaster stopped
26/01/14 15:33:03 INFO OutputCommitCoordinator$OutputCommitCoordinatorEndpoint: OutputCommitCoordinator stopped!
26/01/14 15:33:03 INFO SparkContext: Successfully stopped SparkContext
26/01/14 15:33:04 INFO ShutdownHookManager: Shutdown hook called
26/01/14 15:33:04 INFO ShutdownHookManager: Deleting directory /tmp/spark-8f1702ea-73ba-42f3-9e94-40a4b68b26f6
26/01/14 15:33:04 INFO ShutdownHookManager: Deleting directory /tmp/spark-dfcd4138-e174-4a57-ab24-48613439c2be/pyspark-6b95dc7a-d2a4-4a31-a5ef-64da27fa32d1
26/01/14 15:33:04 INFO ShutdownHookManager: Deleting directory /tmp/spark-dfcd4138-e174-4a57-ab24-48613439c2be
26/01/14 15:33:07 WARN NativeCodeLoader: Unable to load native-hadoop library for your platform... using builtin-java classes where applicable
26/01/14 15:33:08 INFO SparkContext: Running Spark version 3.4.2
26/01/14 15:33:08 INFO ResourceUtils: ==============================================================
26/01/14 15:33:08 INFO ResourceUtils: No custom resources configured for spark.driver.
26/01/14 15:33:08 INFO ResourceUtils: ==============================================================
26/01/14 15:33:08 INFO SparkContext: Submitted application: forex-daily-preprocess
26/01/14 15:33:08 INFO ResourceProfile: Default ResourceProfile created, executor resources: Map(cores -> name: cores, amount: 1, script: , vendor: , memory -> name: memory, amount: 1024, script: , vendor: , offHeap -> name: offHeap, amount: 0, script: , vendor: ), task resources: Map(cpus -> name: cpus, amount: 1.0)
26/01/14 15:33:08 INFO ResourceProfile: Limiting resource is cpu
26/01/14 15:33:08 INFO ResourceProfileManager: Added ResourceProfile id: 0
26/01/14 15:33:08 INFO SecurityManager: Changing view acls to: ec2-user
26/01/14 15:33:08 INFO SecurityManager: Changing modify acls to: ec2-user
26/01/14 15:33:08 INFO SecurityManager: Changing view acls groups to: 
26/01/14 15:33:08 INFO SecurityManager: Changing modify acls groups to: 
26/01/14 15:33:08 INFO SecurityManager: SecurityManager: authentication disabled; ui acls disabled; users with view permissions: ec2-user; groups with view permissions: EMPTY; users with modify permissions: ec2-user; groups with modify permissions: EMPTY
26/01/14 15:33:08 INFO Utils: Successfully started service 'sparkDriver' on port 40767.
26/01/14 15:33:08 INFO SparkEnv: Registering MapOutputTracker
26/01/14 15:33:08 INFO SparkEnv: Registering BlockManagerMaster
26/01/14 15:33:08 INFO BlockManagerMasterEndpoint: Using org.apache.spark.storage.DefaultTopologyMapper for getting topology information
26/01/14 15:33:08 INFO BlockManagerMasterEndpoint: BlockManagerMasterEndpoint up
26/01/14 15:33:08 INFO SparkEnv: Registering BlockManagerMasterHeartbeat
26/01/14 15:33:08 INFO DiskBlockManager: Created local directory at /tmp/blockmgr-623c8a3d-2c58-47ef-808d-734774db8300
26/01/14 15:33:08 INFO MemoryStore: MemoryStore started with capacity 434.4 MiB
26/01/14 15:33:08 INFO SparkEnv: Registering OutputCommitCoordinator
26/01/14 15:33:08 INFO JettyUtils: Start Jetty 0.0.0.0:4040 for SparkUI
26/01/14 15:33:09 INFO Utils: Successfully started service 'SparkUI' on port 4040.
26/01/14 15:33:09 INFO SparkContext: Added file file:///home/ec2-user/project/adzd-project/deps.zip at file:///home/ec2-user/project/adzd-project/deps.zip with timestamp 1768404788150
26/01/14 15:33:09 INFO Utils: Copying /home/ec2-user/project/adzd-project/deps.zip to /tmp/spark-3e80c920-8701-4fd3-81bc-74b82c846087/userFiles-1b456494-8898-4a2e-b305-1a293e0bb4d3/deps.zip
26/01/14 15:33:09 INFO Executor: Starting executor ID driver on host ip-172-31-69-193.ec2.internal
26/01/14 15:33:09 INFO Executor: Starting executor with user classpath (userClassPathFirst = false): ''
26/01/14 15:33:09 INFO Executor: Fetching file:///home/ec2-user/project/adzd-project/deps.zip with timestamp 1768404788150
26/01/14 15:33:09 INFO Utils: /home/ec2-user/project/adzd-project/deps.zip has been previously copied to /tmp/spark-3e80c920-8701-4fd3-81bc-74b82c846087/userFiles-1b456494-8898-4a2e-b305-1a293e0bb4d3/deps.zip
26/01/14 15:33:09 INFO Utils: Successfully started service 'org.apache.spark.network.netty.NettyBlockTransferService' on port 38827.
26/01/14 15:33:09 INFO NettyBlockTransferService: Server created on ip-172-31-69-193.ec2.internal:38827
26/01/14 15:33:09 INFO BlockManager: Using org.apache.spark.storage.RandomBlockReplicationPolicy for block replication policy
26/01/14 15:33:09 INFO BlockManagerMaster: Registering BlockManager BlockManagerId(driver, ip-172-31-69-193.ec2.internal, 38827, None)
26/01/14 15:33:09 INFO BlockManagerMasterEndpoint: Registering block manager ip-172-31-69-193.ec2.internal:38827 with 434.4 MiB RAM, BlockManagerId(driver, ip-172-31-69-193.ec2.internal, 38827, None)
26/01/14 15:33:09 INFO BlockManagerMaster: Registered BlockManager BlockManagerId(driver, ip-172-31-69-193.ec2.internal, 38827, None)
26/01/14 15:33:09 INFO BlockManager: Initialized BlockManager: BlockManagerId(driver, ip-172-31-69-193.ec2.internal, 38827, None)
26/01/14 15:33:09 INFO SingleEventLogFileWriter: Logging events to file:/opt/spark-events/local-1768404789141.inprogress
26/01/14 15:33:09 INFO SharedState: Setting hive.metastore.warehouse.dir ('null') to the value of spark.sql.warehouse.dir.
26/01/14 15:33:09 INFO SharedState: Warehouse path is 'file:/tmp/spark-warehouse'.
2026-01-14 15:33:10,789 | INFO | spark.preprocess.forex_daily | Reading raw from: data/raw/alpha_vantage/market=forex/frequency=daily
26/01/14 15:33:11 INFO InMemoryFileIndex: It took 83 ms to list leaf files for 1 paths.
26/01/14 15:33:11 INFO SparkContext: Starting job: parquet at NativeMethodAccessorImpl.java:0
26/01/14 15:33:11 INFO DAGScheduler: Got job 0 (parquet at NativeMethodAccessorImpl.java:0) with 1 output partitions
26/01/14 15:33:11 INFO DAGScheduler: Final stage: ResultStage 0 (parquet at NativeMethodAccessorImpl.java:0)
26/01/14 15:33:11 INFO DAGScheduler: Parents of final stage: List()
26/01/14 15:33:11 INFO DAGScheduler: Missing parents: List()
26/01/14 15:33:11 INFO DAGScheduler: Submitting ResultStage 0 (MapPartitionsRDD[1] at parquet at NativeMethodAccessorImpl.java:0), which has no missing parents
26/01/14 15:33:11 INFO MemoryStore: Block broadcast_0 stored as values in memory (estimated size 104.2 KiB, free 434.3 MiB)
26/01/14 15:33:12 INFO MemoryStore: Block broadcast_0_piece0 stored as bytes in memory (estimated size 37.6 KiB, free 434.3 MiB)
26/01/14 15:33:12 INFO BlockManagerInfo: Added broadcast_0_piece0 in memory on ip-172-31-69-193.ec2.internal:38827 (size: 37.6 KiB, free: 434.4 MiB)
26/01/14 15:33:12 INFO SparkContext: Created broadcast 0 from broadcast at DAGScheduler.scala:1535
26/01/14 15:33:12 INFO DAGScheduler: Submitting 1 missing tasks from ResultStage 0 (MapPartitionsRDD[1] at parquet at NativeMethodAccessorImpl.java:0) (first 15 tasks are for partitions Vector(0))
26/01/14 15:33:12 INFO TaskSchedulerImpl: Adding task set 0.0 with 1 tasks resource profile 0
26/01/14 15:33:12 INFO TaskSetManager: Starting task 0.0 in stage 0.0 (TID 0) (ip-172-31-69-193.ec2.internal, executor driver, partition 0, PROCESS_LOCAL, 7452 bytes) 
26/01/14 15:33:12 INFO Executor: Running task 0.0 in stage 0.0 (TID 0)
26/01/14 15:33:12 INFO Executor: Finished task 0.0 in stage 0.0 (TID 0). 1145 bytes result sent to driver
26/01/14 15:33:12 INFO TaskSetManager: Finished task 0.0 in stage 0.0 (TID 0) in 561 ms on ip-172-31-69-193.ec2.internal (executor driver) (1/1)
26/01/14 15:33:12 INFO TaskSchedulerImpl: Removed TaskSet 0.0, whose tasks have all completed, from pool 
26/01/14 15:33:12 INFO DAGScheduler: ResultStage 0 (parquet at NativeMethodAccessorImpl.java:0) finished in 1.048 s
26/01/14 15:33:12 INFO DAGScheduler: Job 0 is finished. Cancelling potential speculative or zombie tasks for this job
26/01/14 15:33:12 INFO TaskSchedulerImpl: Killing all running tasks in stage 0: Stage finished
26/01/14 15:33:12 INFO DAGScheduler: Job 0 finished: parquet at NativeMethodAccessorImpl.java:0, took 1.144598 s
26/01/14 15:33:13 INFO BlockManagerInfo: Removed broadcast_0_piece0 on ip-172-31-69-193.ec2.internal:38827 in memory (size: 37.6 KiB, free: 434.4 MiB)
26/01/14 15:33:15 INFO DataSourceStrategy: Pruning directories with: 
26/01/14 15:33:15 INFO FileSourceStrategy: Pushed Filters: 
26/01/14 15:33:15 INFO FileSourceStrategy: Post-Scan Filters: 
26/01/14 15:33:16 INFO CodeGenerator: Code generated in 402.50942 ms
26/01/14 15:33:16 INFO MemoryStore: Block broadcast_1 stored as values in memory (estimated size 202.4 KiB, free 434.2 MiB)
26/01/14 15:33:16 INFO MemoryStore: Block broadcast_1_piece0 stored as bytes in memory (estimated size 35.2 KiB, free 434.2 MiB)
26/01/14 15:33:16 INFO BlockManagerInfo: Added broadcast_1_piece0 in memory on ip-172-31-69-193.ec2.internal:38827 (size: 35.2 KiB, free: 434.4 MiB)
26/01/14 15:33:16 INFO SparkContext: Created broadcast 1 from collect at /home/ec2-user/project/adzd-project/spark_jobs/preprocess/forex_daily_preprocess.py:96
26/01/14 15:33:16 INFO FileSourceScanExec: Planning scan with bin packing, max size: 6500831 bytes, open cost is considered as scanning 4194304 bytes.
26/01/14 15:33:16 INFO DAGScheduler: Registering RDD 5 (collect at /home/ec2-user/project/adzd-project/spark_jobs/preprocess/forex_daily_preprocess.py:96) as input to shuffle 0
26/01/14 15:33:16 INFO DAGScheduler: Got map stage job 1 (collect at /home/ec2-user/project/adzd-project/spark_jobs/preprocess/forex_daily_preprocess.py:96) with 2 output partitions
26/01/14 15:33:16 INFO DAGScheduler: Final stage: ShuffleMapStage 1 (collect at /home/ec2-user/project/adzd-project/spark_jobs/preprocess/forex_daily_preprocess.py:96)
26/01/14 15:33:16 INFO DAGScheduler: Parents of final stage: List()
26/01/14 15:33:16 INFO DAGScheduler: Missing parents: List()
26/01/14 15:33:16 INFO DAGScheduler: Submitting ShuffleMapStage 1 (MapPartitionsRDD[5] at collect at /home/ec2-user/project/adzd-project/spark_jobs/preprocess/forex_daily_preprocess.py:96), which has no missing parents
26/01/14 15:33:16 INFO MemoryStore: Block broadcast_2 stored as values in memory (estimated size 17.5 KiB, free 434.2 MiB)
26/01/14 15:33:16 INFO MemoryStore: Block broadcast_2_piece0 stored as bytes in memory (estimated size 7.9 KiB, free 434.1 MiB)
26/01/14 15:33:16 INFO BlockManagerInfo: Added broadcast_2_piece0 in memory on ip-172-31-69-193.ec2.internal:38827 (size: 7.9 KiB, free: 434.4 MiB)
26/01/14 15:33:16 INFO SparkContext: Created broadcast 2 from broadcast at DAGScheduler.scala:1535
26/01/14 15:33:16 INFO DAGScheduler: Submitting 2 missing tasks from ShuffleMapStage 1 (MapPartitionsRDD[5] at collect at /home/ec2-user/project/adzd-project/spark_jobs/preprocess/forex_daily_preprocess.py:96) (first 15 tasks are for partitions Vector(0, 1))
26/01/14 15:33:16 INFO TaskSchedulerImpl: Adding task set 1.0 with 2 tasks resource profile 0
26/01/14 15:33:16 INFO TaskSetManager: Starting task 0.0 in stage 1.0 (TID 1) (ip-172-31-69-193.ec2.internal, executor driver, partition 0, PROCESS_LOCAL, 8439 bytes) 
26/01/14 15:33:16 INFO TaskSetManager: Starting task 1.0 in stage 1.0 (TID 2) (ip-172-31-69-193.ec2.internal, executor driver, partition 1, PROCESS_LOCAL, 8148 bytes) 
26/01/14 15:33:16 INFO Executor: Running task 0.0 in stage 1.0 (TID 1)
26/01/14 15:33:16 INFO Executor: Running task 1.0 in stage 1.0 (TID 2)
26/01/14 15:33:16 INFO FileScanRDD: Reading File path: file:///home/ec2-user/project/adzd-project/data/raw/alpha_vantage/market=forex/frequency=daily/pair=EUR_USD/ingest_date=2026-01-14/part-00000-857526b8-8215-4c85-9c3b-b6d69793175a.c000.snappy.parquet, range: 0-154973, partition values: [EUR_USD,20467]
26/01/14 15:33:16 INFO FileScanRDD: Reading File path: file:///home/ec2-user/project/adzd-project/data/raw/alpha_vantage/market=forex/frequency=daily/pair=USD_JPY/ingest_date=2026-01-14/part-00000-857526b8-8215-4c85-9c3b-b6d69793175a.c000.snappy.parquet, range: 0-114177, partition values: [USD_JPY,20467]
26/01/14 15:33:16 INFO FileScanRDD: Reading File path: file:///home/ec2-user/project/adzd-project/data/raw/alpha_vantage/market=forex/frequency=daily/pair=GBP_USD/ingest_date=2026-01-14/part-00000-857526b8-8215-4c85-9c3b-b6d69793175a.c000.snappy.parquet, range: 0-149601, partition values: [GBP_USD,20467]
26/01/14 15:33:16 INFO Executor: Finished task 0.0 in stage 1.0 (TID 1). 2171 bytes result sent to driver
26/01/14 15:33:16 INFO Executor: Finished task 1.0 in stage 1.0 (TID 2). 2171 bytes result sent to driver
26/01/14 15:33:16 INFO TaskSetManager: Finished task 0.0 in stage 1.0 (TID 1) in 381 ms on ip-172-31-69-193.ec2.internal (executor driver) (1/2)
26/01/14 15:33:16 INFO TaskSetManager: Finished task 1.0 in stage 1.0 (TID 2) in 389 ms on ip-172-31-69-193.ec2.internal (executor driver) (2/2)
26/01/14 15:33:16 INFO DAGScheduler: ShuffleMapStage 1 (collect at /home/ec2-user/project/adzd-project/spark_jobs/preprocess/forex_daily_preprocess.py:96) finished in 0.506 s
26/01/14 15:33:16 INFO DAGScheduler: looking for newly runnable stages
26/01/14 15:33:16 INFO DAGScheduler: running: Set()
26/01/14 15:33:16 INFO DAGScheduler: waiting: Set()
26/01/14 15:33:16 INFO DAGScheduler: failed: Set()
26/01/14 15:33:16 INFO TaskSchedulerImpl: Removed TaskSet 1.0, whose tasks have all completed, from pool 
26/01/14 15:33:17 INFO CodeGenerator: Code generated in 36.884679 ms
26/01/14 15:33:17 INFO SparkContext: Starting job: collect at /home/ec2-user/project/adzd-project/spark_jobs/preprocess/forex_daily_preprocess.py:96
26/01/14 15:33:17 INFO DAGScheduler: Got job 2 (collect at /home/ec2-user/project/adzd-project/spark_jobs/preprocess/forex_daily_preprocess.py:96) with 1 output partitions
26/01/14 15:33:17 INFO DAGScheduler: Final stage: ResultStage 3 (collect at /home/ec2-user/project/adzd-project/spark_jobs/preprocess/forex_daily_preprocess.py:96)
26/01/14 15:33:17 INFO DAGScheduler: Parents of final stage: List(ShuffleMapStage 2)
26/01/14 15:33:17 INFO DAGScheduler: Missing parents: List()
26/01/14 15:33:17 INFO DAGScheduler: Submitting ResultStage 3 (MapPartitionsRDD[8] at collect at /home/ec2-user/project/adzd-project/spark_jobs/preprocess/forex_daily_preprocess.py:96), which has no missing parents
26/01/14 15:33:17 INFO MemoryStore: Block broadcast_3 stored as values in memory (estimated size 12.8 KiB, free 434.1 MiB)
26/01/14 15:33:17 INFO MemoryStore: Block broadcast_3_piece0 stored as bytes in memory (estimated size 6.1 KiB, free 434.1 MiB)
26/01/14 15:33:17 INFO BlockManagerInfo: Added broadcast_3_piece0 in memory on ip-172-31-69-193.ec2.internal:38827 (size: 6.1 KiB, free: 434.4 MiB)
26/01/14 15:33:17 INFO SparkContext: Created broadcast 3 from broadcast at DAGScheduler.scala:1535
26/01/14 15:33:17 INFO DAGScheduler: Submitting 1 missing tasks from ResultStage 3 (MapPartitionsRDD[8] at collect at /home/ec2-user/project/adzd-project/spark_jobs/preprocess/forex_daily_preprocess.py:96) (first 15 tasks are for partitions Vector(0))
26/01/14 15:33:17 INFO TaskSchedulerImpl: Adding task set 3.0 with 1 tasks resource profile 0
26/01/14 15:33:17 INFO BlockManagerInfo: Removed broadcast_2_piece0 on ip-172-31-69-193.ec2.internal:38827 in memory (size: 7.9 KiB, free: 434.4 MiB)
26/01/14 15:33:17 INFO TaskSetManager: Starting task 0.0 in stage 3.0 (TID 3) (ip-172-31-69-193.ec2.internal, executor driver, partition 0, NODE_LOCAL, 7363 bytes) 
26/01/14 15:33:17 INFO Executor: Running task 0.0 in stage 3.0 (TID 3)
26/01/14 15:33:17 INFO ShuffleBlockFetcherIterator: Getting 2 (120.0 B) non-empty blocks including 2 (120.0 B) local and 0 (0.0 B) host-local and 0 (0.0 B) push-merged-local and 0 (0.0 B) remote blocks
26/01/14 15:33:17 INFO ShuffleBlockFetcherIterator: Started 0 remote fetches in 17 ms
26/01/14 15:33:17 INFO Executor: Finished task 0.0 in stage 3.0 (TID 3). 3851 bytes result sent to driver
26/01/14 15:33:17 INFO TaskSetManager: Finished task 0.0 in stage 3.0 (TID 3) in 160 ms on ip-172-31-69-193.ec2.internal (executor driver) (1/1)
26/01/14 15:33:17 INFO DAGScheduler: ResultStage 3 (collect at /home/ec2-user/project/adzd-project/spark_jobs/preprocess/forex_daily_preprocess.py:96) finished in 0.209 s
26/01/14 15:33:17 INFO DAGScheduler: Job 2 is finished. Cancelling potential speculative or zombie tasks for this job
26/01/14 15:33:17 INFO TaskSchedulerImpl: Removed TaskSet 3.0, whose tasks have all completed, from pool 
26/01/14 15:33:17 INFO TaskSchedulerImpl: Killing all running tasks in stage 3: Stage finished
26/01/14 15:33:17 INFO DAGScheduler: Job 2 finished: collect at /home/ec2-user/project/adzd-project/spark_jobs/preprocess/forex_daily_preprocess.py:96, took 0.230911 s
2026-01-14 15:33:17,425 | INFO | spark.preprocess.forex_daily | Processing ingest_date: 2026-01-14
2026-01-14 15:33:18,542 | INFO | spark.preprocess.forex_daily | Writing features to: data/features/forex_daily/frequency=daily (partitionBy pair, ingest_date)
26/01/14 15:33:18 INFO DataSourceStrategy: Pruning directories with: isnotnull(ingest_date#10),(ingest_date#10 = 2026-01-14)
26/01/14 15:33:18 INFO FileSourceStrategy: Pushed Filters: 
26/01/14 15:33:18 INFO FileSourceStrategy: Post-Scan Filters: 
26/01/14 15:33:19 INFO BlockManagerInfo: Removed broadcast_3_piece0 on ip-172-31-69-193.ec2.internal:38827 in memory (size: 6.1 KiB, free: 434.4 MiB)
26/01/14 15:33:19 INFO CodeGenerator: Code generated in 138.920265 ms
26/01/14 15:33:19 INFO MemoryStore: Block broadcast_4 stored as values in memory (estimated size 203.5 KiB, free 434.0 MiB)
26/01/14 15:33:19 INFO MemoryStore: Block broadcast_4_piece0 stored as bytes in memory (estimated size 35.5 KiB, free 433.9 MiB)
26/01/14 15:33:19 INFO BlockManagerInfo: Added broadcast_4_piece0 in memory on ip-172-31-69-193.ec2.internal:38827 (size: 35.5 KiB, free: 434.3 MiB)
26/01/14 15:33:19 INFO SparkContext: Created broadcast 4 from parquet at NativeMethodAccessorImpl.java:0
26/01/14 15:33:19 INFO InMemoryFileIndex: Selected 3 partitions out of 3, pruned 0.0% partitions.
26/01/14 15:33:19 INFO FileSourceScanExec: Planning scan with bin packing, max size: 6500831 bytes, open cost is considered as scanning 4194304 bytes.
26/01/14 15:33:19 INFO DAGScheduler: Registering RDD 13 (parquet at NativeMethodAccessorImpl.java:0) as input to shuffle 1
26/01/14 15:33:19 INFO DAGScheduler: Got map stage job 3 (parquet at NativeMethodAccessorImpl.java:0) with 2 output partitions
26/01/14 15:33:19 INFO DAGScheduler: Final stage: ShuffleMapStage 4 (parquet at NativeMethodAccessorImpl.java:0)
26/01/14 15:33:19 INFO DAGScheduler: Parents of final stage: List()
26/01/14 15:33:19 INFO DAGScheduler: Missing parents: List()
26/01/14 15:33:19 INFO DAGScheduler: Submitting ShuffleMapStage 4 (MapPartitionsRDD[13] at parquet at NativeMethodAccessorImpl.java:0), which has no missing parents
26/01/14 15:33:19 INFO MemoryStore: Block broadcast_5 stored as values in memory (estimated size 42.5 KiB, free 433.9 MiB)
26/01/14 15:33:19 INFO MemoryStore: Block broadcast_5_piece0 stored as bytes in memory (estimated size 17.4 KiB, free 433.9 MiB)
26/01/14 15:33:19 INFO BlockManagerInfo: Added broadcast_5_piece0 in memory on ip-172-31-69-193.ec2.internal:38827 (size: 17.4 KiB, free: 434.3 MiB)
26/01/14 15:33:19 INFO SparkContext: Created broadcast 5 from broadcast at DAGScheduler.scala:1535
26/01/14 15:33:19 INFO DAGScheduler: Submitting 2 missing tasks from ShuffleMapStage 4 (MapPartitionsRDD[13] at parquet at NativeMethodAccessorImpl.java:0) (first 15 tasks are for partitions Vector(0, 1))
26/01/14 15:33:19 INFO TaskSchedulerImpl: Adding task set 4.0 with 2 tasks resource profile 0
26/01/14 15:33:19 INFO TaskSetManager: Starting task 0.0 in stage 4.0 (TID 4) (ip-172-31-69-193.ec2.internal, executor driver, partition 0, PROCESS_LOCAL, 8439 bytes) 
26/01/14 15:33:19 INFO TaskSetManager: Starting task 1.0 in stage 4.0 (TID 5) (ip-172-31-69-193.ec2.internal, executor driver, partition 1, PROCESS_LOCAL, 8148 bytes) 
26/01/14 15:33:19 INFO Executor: Running task 0.0 in stage 4.0 (TID 4)
26/01/14 15:33:19 INFO Executor: Running task 1.0 in stage 4.0 (TID 5)
26/01/14 15:33:19 INFO CodeGenerator: Code generated in 23.166732 ms
26/01/14 15:33:19 INFO CodeGenerator: Code generated in 26.930002 ms
26/01/14 15:33:19 INFO FileScanRDD: Reading File path: file:///home/ec2-user/project/adzd-project/data/raw/alpha_vantage/market=forex/frequency=daily/pair=EUR_USD/ingest_date=2026-01-14/part-00000-857526b8-8215-4c85-9c3b-b6d69793175a.c000.snappy.parquet, range: 0-154973, partition values: [EUR_USD,20467]
26/01/14 15:33:19 INFO FileScanRDD: Reading File path: file:///home/ec2-user/project/adzd-project/data/raw/alpha_vantage/market=forex/frequency=daily/pair=USD_JPY/ingest_date=2026-01-14/part-00000-857526b8-8215-4c85-9c3b-b6d69793175a.c000.snappy.parquet, range: 0-114177, partition values: [USD_JPY,20467]
26/01/14 15:33:19 INFO CodecPool: Got brand-new decompressor [.snappy]
26/01/14 15:33:19 INFO CodecPool: Got brand-new decompressor [.snappy]
26/01/14 15:33:19 INFO FileScanRDD: Reading File path: file:///home/ec2-user/project/adzd-project/data/raw/alpha_vantage/market=forex/frequency=daily/pair=GBP_USD/ingest_date=2026-01-14/part-00000-857526b8-8215-4c85-9c3b-b6d69793175a.c000.snappy.parquet, range: 0-149601, partition values: [GBP_USD,20467]
26/01/14 15:33:20 INFO CodeGenerator: Code generated in 23.882099 ms
26/01/14 15:33:20 INFO CodeGenerator: Code generated in 37.902344 ms
26/01/14 15:33:20 INFO CodeGenerator: Code generated in 13.70171 ms
26/01/14 15:33:20 INFO CodeGenerator: Code generated in 26.922834 ms
26/01/14 15:33:20 INFO CodeGenerator: Code generated in 18.72014 ms
26/01/14 15:33:20 INFO Executor: Finished task 1.0 in stage 4.0 (TID 5). 2948 bytes result sent to driver
26/01/14 15:33:20 INFO TaskSetManager: Finished task 1.0 in stage 4.0 (TID 5) in 1124 ms on ip-172-31-69-193.ec2.internal (executor driver) (1/2)
26/01/14 15:33:20 INFO Executor: Finished task 0.0 in stage 4.0 (TID 4). 2905 bytes result sent to driver
26/01/14 15:33:20 INFO TaskSetManager: Finished task 0.0 in stage 4.0 (TID 4) in 1201 ms on ip-172-31-69-193.ec2.internal (executor driver) (2/2)
26/01/14 15:33:20 INFO TaskSchedulerImpl: Removed TaskSet 4.0, whose tasks have all completed, from pool 
26/01/14 15:33:20 INFO DAGScheduler: ShuffleMapStage 4 (parquet at NativeMethodAccessorImpl.java:0) finished in 1.239 s
26/01/14 15:33:20 INFO DAGScheduler: looking for newly runnable stages
26/01/14 15:33:20 INFO DAGScheduler: running: Set()
26/01/14 15:33:20 INFO DAGScheduler: waiting: Set()
26/01/14 15:33:20 INFO DAGScheduler: failed: Set()
26/01/14 15:33:20 INFO BlockManagerInfo: Removed broadcast_1_piece0 on ip-172-31-69-193.ec2.internal:38827 in memory (size: 35.2 KiB, free: 434.3 MiB)
26/01/14 15:33:20 INFO ShufflePartitionsUtil: For shuffle(1), advisory target size: 67108864, actual target size 1048576, minimum partition size: 1048576
26/01/14 15:33:20 INFO CodeGenerator: Code generated in 32.221463 ms
26/01/14 15:33:20 INFO CodeGenerator: Code generated in 13.608871 ms
26/01/14 15:33:20 INFO DAGScheduler: Registering RDD 18 (parquet at NativeMethodAccessorImpl.java:0) as input to shuffle 2
26/01/14 15:33:20 INFO DAGScheduler: Got map stage job 4 (parquet at NativeMethodAccessorImpl.java:0) with 1 output partitions
26/01/14 15:33:20 INFO DAGScheduler: Final stage: ShuffleMapStage 6 (parquet at NativeMethodAccessorImpl.java:0)
26/01/14 15:33:20 INFO DAGScheduler: Parents of final stage: List(ShuffleMapStage 5)
26/01/14 15:33:20 INFO DAGScheduler: Missing parents: List()
26/01/14 15:33:20 INFO DAGScheduler: Submitting ShuffleMapStage 6 (MapPartitionsRDD[18] at parquet at NativeMethodAccessorImpl.java:0), which has no missing parents
26/01/14 15:33:20 INFO MemoryStore: Block broadcast_6 stored as values in memory (estimated size 51.9 KiB, free 434.1 MiB)
26/01/14 15:33:20 INFO MemoryStore: Block broadcast_6_piece0 stored as bytes in memory (estimated size 21.5 KiB, free 434.0 MiB)
26/01/14 15:33:20 INFO BlockManagerInfo: Added broadcast_6_piece0 in memory on ip-172-31-69-193.ec2.internal:38827 (size: 21.5 KiB, free: 434.3 MiB)
26/01/14 15:33:20 INFO SparkContext: Created broadcast 6 from broadcast at DAGScheduler.scala:1535
26/01/14 15:33:20 INFO DAGScheduler: Submitting 1 missing tasks from ShuffleMapStage 6 (MapPartitionsRDD[18] at parquet at NativeMethodAccessorImpl.java:0) (first 15 tasks are for partitions Vector(0))
26/01/14 15:33:20 INFO TaskSchedulerImpl: Adding task set 6.0 with 1 tasks resource profile 0
26/01/14 15:33:20 INFO TaskSetManager: Starting task 0.0 in stage 6.0 (TID 6) (ip-172-31-69-193.ec2.internal, executor driver, partition 0, NODE_LOCAL, 7352 bytes) 
26/01/14 15:33:20 INFO Executor: Running task 0.0 in stage 6.0 (TID 6)
26/01/14 15:33:21 INFO ShuffleBlockFetcherIterator: Getting 2 (710.8 KiB) non-empty blocks including 2 (710.8 KiB) local and 0 (0.0 B) host-local and 0 (0.0 B) push-merged-local and 0 (0.0 B) remote blocks
26/01/14 15:33:21 INFO ShuffleBlockFetcherIterator: Started 0 remote fetches in 3 ms
26/01/14 15:33:21 INFO CodeGenerator: Code generated in 20.891528 ms
26/01/14 15:33:21 INFO CodeGenerator: Code generated in 18.521956 ms
26/01/14 15:33:21 INFO CodeGenerator: Code generated in 48.173954 ms
26/01/14 15:33:21 INFO CodeGenerator: Code generated in 12.24104 ms
26/01/14 15:33:21 INFO CodeGenerator: Code generated in 44.258518 ms
26/01/14 15:33:21 INFO CodeGenerator: Code generated in 13.046166 ms
26/01/14 15:33:21 INFO CodeGenerator: Code generated in 12.021828 ms
26/01/14 15:33:21 INFO Executor: Finished task 0.0 in stage 6.0 (TID 6). 5687 bytes result sent to driver
26/01/14 15:33:21 INFO TaskSetManager: Finished task 0.0 in stage 6.0 (TID 6) in 652 ms on ip-172-31-69-193.ec2.internal (executor driver) (1/1)
26/01/14 15:33:21 INFO TaskSchedulerImpl: Removed TaskSet 6.0, whose tasks have all completed, from pool 
26/01/14 15:33:21 INFO DAGScheduler: ShuffleMapStage 6 (parquet at NativeMethodAccessorImpl.java:0) finished in 0.683 s
26/01/14 15:33:21 INFO DAGScheduler: looking for newly runnable stages
26/01/14 15:33:21 INFO DAGScheduler: running: Set()
26/01/14 15:33:21 INFO DAGScheduler: waiting: Set()
26/01/14 15:33:21 INFO DAGScheduler: failed: Set()
26/01/14 15:33:21 INFO ShufflePartitionsUtil: For shuffle(2), advisory target size: 67108864, actual target size 1048576, minimum partition size: 1048576
26/01/14 15:33:21 INFO ParquetUtils: Using default output committer for Parquet: org.apache.parquet.hadoop.ParquetOutputCommitter
26/01/14 15:33:21 INFO FileOutputCommitter: File Output Committer Algorithm version is 1
26/01/14 15:33:21 INFO FileOutputCommitter: FileOutputCommitter skip cleanup _temporary folders under output directory:false, ignore cleanup failures: false
26/01/14 15:33:21 INFO SQLHadoopMapReduceCommitProtocol: Using user defined output committer class org.apache.parquet.hadoop.ParquetOutputCommitter
26/01/14 15:33:21 INFO FileOutputCommitter: File Output Committer Algorithm version is 1
26/01/14 15:33:21 INFO FileOutputCommitter: FileOutputCommitter skip cleanup _temporary folders under output directory:false, ignore cleanup failures: false
26/01/14 15:33:21 INFO SQLHadoopMapReduceCommitProtocol: Using output committer class org.apache.parquet.hadoop.ParquetOutputCommitter
26/01/14 15:33:21 INFO BlockManagerInfo: Removed broadcast_5_piece0 on ip-172-31-69-193.ec2.internal:38827 in memory (size: 17.4 KiB, free: 434.3 MiB)
26/01/14 15:33:21 INFO CodeGenerator: Code generated in 63.049815 ms
26/01/14 15:33:21 INFO CodeGenerator: Code generated in 19.136996 ms
26/01/14 15:33:21 INFO CodeGenerator: Code generated in 10.560407 ms
26/01/14 15:33:22 INFO SparkContext: Starting job: parquet at NativeMethodAccessorImpl.java:0
26/01/14 15:33:22 INFO DAGScheduler: Got job 5 (parquet at NativeMethodAccessorImpl.java:0) with 1 output partitions
26/01/14 15:33:22 INFO DAGScheduler: Final stage: ResultStage 9 (parquet at NativeMethodAccessorImpl.java:0)
26/01/14 15:33:22 INFO DAGScheduler: Parents of final stage: List(ShuffleMapStage 8)
26/01/14 15:33:22 INFO DAGScheduler: Missing parents: List()
26/01/14 15:33:22 INFO DAGScheduler: Submitting ResultStage 9 (MapPartitionsRDD[25] at parquet at NativeMethodAccessorImpl.java:0), which has no missing parents
26/01/14 15:33:22 INFO MemoryStore: Block broadcast_7 stored as values in memory (estimated size 295.7 KiB, free 433.8 MiB)
26/01/14 15:33:22 INFO MemoryStore: Block broadcast_7_piece0 stored as bytes in memory (estimated size 106.8 KiB, free 433.7 MiB)
26/01/14 15:33:22 INFO BlockManagerInfo: Added broadcast_7_piece0 in memory on ip-172-31-69-193.ec2.internal:38827 (size: 106.8 KiB, free: 434.2 MiB)
26/01/14 15:33:22 INFO SparkContext: Created broadcast 7 from broadcast at DAGScheduler.scala:1535
26/01/14 15:33:22 INFO DAGScheduler: Submitting 1 missing tasks from ResultStage 9 (MapPartitionsRDD[25] at parquet at NativeMethodAccessorImpl.java:0) (first 15 tasks are for partitions Vector(0))
26/01/14 15:33:22 INFO TaskSchedulerImpl: Adding task set 9.0 with 1 tasks resource profile 0
26/01/14 15:33:22 INFO TaskSetManager: Starting task 0.0 in stage 9.0 (TID 7) (ip-172-31-69-193.ec2.internal, executor driver, partition 0, NODE_LOCAL, 7363 bytes) 
26/01/14 15:33:22 INFO Executor: Running task 0.0 in stage 9.0 (TID 7)
26/01/14 15:33:22 INFO ShuffleBlockFetcherIterator: Getting 1 (453.3 KiB) non-empty blocks including 1 (453.3 KiB) local and 0 (0.0 B) host-local and 0 (0.0 B) push-merged-local and 0 (0.0 B) remote blocks
26/01/14 15:33:22 INFO ShuffleBlockFetcherIterator: Started 0 remote fetches in 2 ms
26/01/14 15:33:22 INFO CodeGenerator: Code generated in 26.556049 ms
26/01/14 15:33:22 INFO CodeGenerator: Code generated in 9.231061 ms
26/01/14 15:33:22 INFO BlockManagerInfo: Removed broadcast_6_piece0 on ip-172-31-69-193.ec2.internal:38827 in memory (size: 21.5 KiB, free: 434.3 MiB)
26/01/14 15:33:22 INFO CodeGenerator: Code generated in 9.310152 ms
26/01/14 15:33:22 INFO CodeGenerator: Code generated in 7.747083 ms
26/01/14 15:33:22 INFO CodeGenerator: Code generated in 8.173633 ms
26/01/14 15:33:22 INFO CodeGenerator: Code generated in 26.9211 ms
26/01/14 15:33:22 INFO ExternalAppendOnlyUnsafeRowArray: Reached spill threshold of 4096 rows, switching to org.apache.spark.util.collection.unsafe.sort.UnsafeExternalSorter
26/01/14 15:33:22 INFO CodeGenerator: Code generated in 9.892759 ms
26/01/14 15:33:22 INFO CodeGenerator: Code generated in 10.947802 ms
26/01/14 15:33:22 INFO CodeGenerator: Code generated in 9.874325 ms
26/01/14 15:33:22 INFO CodeGenerator: Code generated in 8.59227 ms
26/01/14 15:33:22 INFO CodeGenerator: Code generated in 16.299779 ms
26/01/14 15:33:22 INFO CodeGenerator: Code generated in 8.073288 ms
26/01/14 15:33:22 INFO CodeGenerator: Code generated in 7.862722 ms
26/01/14 15:33:22 INFO CodeGenerator: Code generated in 11.483728 ms
26/01/14 15:33:22 INFO CodeGenerator: Code generated in 25.173452 ms
26/01/14 15:33:22 INFO CodeGenerator: Code generated in 15.68935 ms
26/01/14 15:33:22 INFO CodeGenerator: Code generated in 8.50951 ms
26/01/14 15:33:22 INFO CodeGenerator: Code generated in 6.509958 ms
26/01/14 15:33:22 INFO CodeGenerator: Code generated in 9.294133 ms
26/01/14 15:33:22 INFO CodeGenerator: Code generated in 6.350645 ms
26/01/14 15:33:22 INFO FileOutputCommitter: File Output Committer Algorithm version is 1
26/01/14 15:33:22 INFO FileOutputCommitter: FileOutputCommitter skip cleanup _temporary folders under output directory:false, ignore cleanup failures: false
26/01/14 15:33:22 INFO SQLHadoopMapReduceCommitProtocol: Using user defined output committer class org.apache.parquet.hadoop.ParquetOutputCommitter
26/01/14 15:33:22 INFO FileOutputCommitter: File Output Committer Algorithm version is 1
26/01/14 15:33:22 INFO FileOutputCommitter: FileOutputCommitter skip cleanup _temporary folders under output directory:false, ignore cleanup failures: false
26/01/14 15:33:22 INFO SQLHadoopMapReduceCommitProtocol: Using output committer class org.apache.parquet.hadoop.ParquetOutputCommitter
26/01/14 15:33:22 INFO CodeGenerator: Code generated in 24.887803 ms
26/01/14 15:33:22 INFO ExternalAppendOnlyUnsafeRowArray: Reached spill threshold of 4096 rows, switching to org.apache.spark.util.collection.unsafe.sort.UnsafeExternalSorter
26/01/14 15:33:22 INFO ExternalAppendOnlyUnsafeRowArray: Reached spill threshold of 4096 rows, switching to org.apache.spark.util.collection.unsafe.sort.UnsafeExternalSorter
26/01/14 15:33:23 INFO ExternalAppendOnlyUnsafeRowArray: Reached spill threshold of 4096 rows, switching to org.apache.spark.util.collection.unsafe.sort.UnsafeExternalSorter
26/01/14 15:33:23 INFO ExternalAppendOnlyUnsafeRowArray: Reached spill threshold of 4096 rows, switching to org.apache.spark.util.collection.unsafe.sort.UnsafeExternalSorter
26/01/14 15:33:23 INFO ExternalAppendOnlyUnsafeRowArray: Reached spill threshold of 4096 rows, switching to org.apache.spark.util.collection.unsafe.sort.UnsafeExternalSorter
26/01/14 15:33:23 INFO CodeGenerator: Code generated in 9.895828 ms
26/01/14 15:33:23 INFO CodeGenerator: Code generated in 29.117179 ms
26/01/14 15:33:23 INFO CodecConfig: Compression: SNAPPY
26/01/14 15:33:23 INFO CodecConfig: Compression: SNAPPY
26/01/14 15:33:23 INFO ParquetOutputFormat: ParquetRecordWriter [block size: 134217728b, row group padding size: 8388608b, validating: false]
26/01/14 15:33:23 INFO ParquetWriteSupport: Initialized Parquet WriteSupport with Catalyst schema:
{
  "type" : "struct",
  "fields" : [ {
    "name" : "date",
    "type" : "date",
    "nullable" : true,
    "metadata" : { }
  }, {
    "name" : "open",
    "type" : "double",
    "nullable" : true,
    "metadata" : { }
  }, {
    "name" : "high",
    "type" : "double",
    "nullable" : true,
    "metadata" : { }
  }, {
    "name" : "low",
    "type" : "double",
    "nullable" : true,
    "metadata" : { }
  }, {
    "name" : "close",
    "type" : "double",
    "nullable" : true,
    "metadata" : { }
  }, {
    "name" : "from_symbol",
    "type" : "string",
    "nullable" : true,
    "metadata" : { }
  }, {
    "name" : "to_symbol",
    "type" : "string",
    "nullable" : true,
    "metadata" : { }
  }, {
    "name" : "frequency",
    "type" : "string",
    "nullable" : true,
    "metadata" : { }
  }, {
    "name" : "error",
    "type" : "string",
    "nullable" : true,
    "metadata" : { }
  }, {
    "name" : "prev_date",
    "type" : "date",
    "nullable" : true,
    "metadata" : { }
  }, {
    "name" : "prev_close",
    "type" : "double",
    "nullable" : true,
    "metadata" : { }
  }, {
    "name" : "gap_days",
    "type" : "integer",
    "nullable" : true,
    "metadata" : { }
  }, {
    "name" : "log_return",
    "type" : "double",
    "nullable" : true,
    "metadata" : { }
  }, {
    "name" : "range",
    "type" : "double",
    "nullable" : true,
    "metadata" : { }
  }, {
    "name" : "body",
    "type" : "double",
    "nullable" : true,
    "metadata" : { }
  }, {
    "name" : "lag_ret_1",
    "type" : "double",
    "nullable" : true,
    "metadata" : { }
  }, {
    "name" : "lag_ret_2",
    "type" : "double",
    "nullable" : true,
    "metadata" : { }
  }, {
    "name" : "lag_ret_5",
    "type" : "double",
    "nullable" : true,
    "metadata" : { }
  }, {
    "name" : "roll_mean_5",
    "type" : "double",
    "nullable" : true,
    "metadata" : { }
  }, {
    "name" : "roll_mean_20",
    "type" : "double",
    "nullable" : true,
    "metadata" : { }
  }, {
    "name" : "roll_std_5",
    "type" : "double",
    "nullable" : true,
    "metadata" : { }
  }, {
    "name" : "roll_std_20",
    "type" : "double",
    "nullable" : true,
    "metadata" : { }
  }, {
    "name" : "target_return_1d",
    "type" : "double",
    "nullable" : true,
    "metadata" : { }
  } ]
}
and corresponding Parquet message type:
message spark_schema {
  optional int32 date (DATE);
  optional double open;
  optional double high;
  optional double low;
  optional double close;
  optional binary from_symbol (STRING);
  optional binary to_symbol (STRING);
  optional binary frequency (STRING);
  optional binary error (STRING);
  optional int32 prev_date (DATE);
  optional double prev_close;
  optional int32 gap_days;
  optional double log_return;
  optional double range;
  optional double body;
  optional double lag_ret_1;
  optional double lag_ret_2;
  optional double lag_ret_5;
  optional double roll_mean_5;
  optional double roll_mean_20;
  optional double roll_std_5;
  optional double roll_std_20;
  optional double target_return_1d;
}

       
26/01/14 15:33:23 INFO CodecPool: Got brand-new compressor [.snappy]
26/01/14 15:33:24 INFO CodecConfig: Compression: SNAPPY
26/01/14 15:33:24 INFO CodecConfig: Compression: SNAPPY
26/01/14 15:33:24 INFO ParquetOutputFormat: ParquetRecordWriter [block size: 134217728b, row group padding size: 8388608b, validating: false]
26/01/14 15:33:24 INFO ParquetWriteSupport: Initialized Parquet WriteSupport with Catalyst schema:
{
  "type" : "struct",
  "fields" : [ {
    "name" : "date",
    "type" : "date",
    "nullable" : true,
    "metadata" : { }
  }, {
    "name" : "open",
    "type" : "double",
    "nullable" : true,
    "metadata" : { }
  }, {
    "name" : "high",
    "type" : "double",
    "nullable" : true,
    "metadata" : { }
  }, {
    "name" : "low",
    "type" : "double",
    "nullable" : true,
    "metadata" : { }
  }, {
    "name" : "close",
    "type" : "double",
    "nullable" : true,
    "metadata" : { }
  }, {
    "name" : "from_symbol",
    "type" : "string",
    "nullable" : true,
    "metadata" : { }
  }, {
    "name" : "to_symbol",
    "type" : "string",
    "nullable" : true,
    "metadata" : { }
  }, {
    "name" : "frequency",
    "type" : "string",
    "nullable" : true,
    "metadata" : { }
  }, {
    "name" : "error",
    "type" : "string",
    "nullable" : true,
    "metadata" : { }
  }, {
    "name" : "prev_date",
    "type" : "date",
    "nullable" : true,
    "metadata" : { }
  }, {
    "name" : "prev_close",
    "type" : "double",
    "nullable" : true,
    "metadata" : { }
  }, {
    "name" : "gap_days",
    "type" : "integer",
    "nullable" : true,
    "metadata" : { }
  }, {
    "name" : "log_return",
    "type" : "double",
    "nullable" : true,
    "metadata" : { }
  }, {
    "name" : "range",
    "type" : "double",
    "nullable" : true,
    "metadata" : { }
  }, {
    "name" : "body",
    "type" : "double",
    "nullable" : true,
    "metadata" : { }
  }, {
    "name" : "lag_ret_1",
    "type" : "double",
    "nullable" : true,
    "metadata" : { }
  }, {
    "name" : "lag_ret_2",
    "type" : "double",
    "nullable" : true,
    "metadata" : { }
  }, {
    "name" : "lag_ret_5",
    "type" : "double",
    "nullable" : true,
    "metadata" : { }
  }, {
    "name" : "roll_mean_5",
    "type" : "double",
    "nullable" : true,
    "metadata" : { }
  }, {
    "name" : "roll_mean_20",
    "type" : "double",
    "nullable" : true,
    "metadata" : { }
  }, {
    "name" : "roll_std_5",
    "type" : "double",
    "nullable" : true,
    "metadata" : { }
  }, {
    "name" : "roll_std_20",
    "type" : "double",
    "nullable" : true,
    "metadata" : { }
  }, {
    "name" : "target_return_1d",
    "type" : "double",
    "nullable" : true,
    "metadata" : { }
  } ]
}
and corresponding Parquet message type:
message spark_schema {
  optional int32 date (DATE);
  optional double open;
  optional double high;
  optional double low;
  optional double close;
  optional binary from_symbol (STRING);
  optional binary to_symbol (STRING);
  optional binary frequency (STRING);
  optional binary error (STRING);
  optional int32 prev_date (DATE);
  optional double prev_close;
  optional int32 gap_days;
  optional double log_return;
  optional double range;
  optional double body;
  optional double lag_ret_1;
  optional double lag_ret_2;
  optional double lag_ret_5;
  optional double roll_mean_5;
  optional double roll_mean_20;
  optional double roll_std_5;
  optional double roll_std_20;
  optional double target_return_1d;
}

       
26/01/14 15:33:24 INFO CodecConfig: Compression: SNAPPY
26/01/14 15:33:24 INFO CodecConfig: Compression: SNAPPY
26/01/14 15:33:24 INFO ParquetOutputFormat: ParquetRecordWriter [block size: 134217728b, row group padding size: 8388608b, validating: false]
26/01/14 15:33:24 INFO ParquetWriteSupport: Initialized Parquet WriteSupport with Catalyst schema:
{
  "type" : "struct",
  "fields" : [ {
    "name" : "date",
    "type" : "date",
    "nullable" : true,
    "metadata" : { }
  }, {
    "name" : "open",
    "type" : "double",
    "nullable" : true,
    "metadata" : { }
  }, {
    "name" : "high",
    "type" : "double",
    "nullable" : true,
    "metadata" : { }
  }, {
    "name" : "low",
    "type" : "double",
    "nullable" : true,
    "metadata" : { }
  }, {
    "name" : "close",
    "type" : "double",
    "nullable" : true,
    "metadata" : { }
  }, {
    "name" : "from_symbol",
    "type" : "string",
    "nullable" : true,
    "metadata" : { }
  }, {
    "name" : "to_symbol",
    "type" : "string",
    "nullable" : true,
    "metadata" : { }
  }, {
    "name" : "frequency",
    "type" : "string",
    "nullable" : true,
    "metadata" : { }
  }, {
    "name" : "error",
    "type" : "string",
    "nullable" : true,
    "metadata" : { }
  }, {
    "name" : "prev_date",
    "type" : "date",
    "nullable" : true,
    "metadata" : { }
  }, {
    "name" : "prev_close",
    "type" : "double",
    "nullable" : true,
    "metadata" : { }
  }, {
    "name" : "gap_days",
    "type" : "integer",
    "nullable" : true,
    "metadata" : { }
  }, {
    "name" : "log_return",
    "type" : "double",
    "nullable" : true,
    "metadata" : { }
  }, {
    "name" : "range",
    "type" : "double",
    "nullable" : true,
    "metadata" : { }
  }, {
    "name" : "body",
    "type" : "double",
    "nullable" : true,
    "metadata" : { }
  }, {
    "name" : "lag_ret_1",
    "type" : "double",
    "nullable" : true,
    "metadata" : { }
  }, {
    "name" : "lag_ret_2",
    "type" : "double",
    "nullable" : true,
    "metadata" : { }
  }, {
    "name" : "lag_ret_5",
    "type" : "double",
    "nullable" : true,
    "metadata" : { }
  }, {
    "name" : "roll_mean_5",
    "type" : "double",
    "nullable" : true,
    "metadata" : { }
  }, {
    "name" : "roll_mean_20",
    "type" : "double",
    "nullable" : true,
    "metadata" : { }
  }, {
    "name" : "roll_std_5",
    "type" : "double",
    "nullable" : true,
    "metadata" : { }
  }, {
    "name" : "roll_std_20",
    "type" : "double",
    "nullable" : true,
    "metadata" : { }
  }, {
    "name" : "target_return_1d",
    "type" : "double",
    "nullable" : true,
    "metadata" : { }
  } ]
}
and corresponding Parquet message type:
message spark_schema {
  optional int32 date (DATE);
  optional double open;
  optional double high;
  optional double low;
  optional double close;
  optional binary from_symbol (STRING);
  optional binary to_symbol (STRING);
  optional binary frequency (STRING);
  optional binary error (STRING);
  optional int32 prev_date (DATE);
  optional double prev_close;
  optional int32 gap_days;
  optional double log_return;
  optional double range;
  optional double body;
  optional double lag_ret_1;
  optional double lag_ret_2;
  optional double lag_ret_5;
  optional double roll_mean_5;
  optional double roll_mean_20;
  optional double roll_std_5;
  optional double roll_std_20;
  optional double target_return_1d;
}

       
26/01/14 15:33:24 INFO FileOutputCommitter: Saved output of task 'attempt_202601141533222913295457791302361_0009_m_000000_7' to file:/home/ec2-user/project/adzd-project/data/features/forex_daily/frequency=daily/.spark-staging-5c2a3e01-e27c-431e-9f3e-85d977fd85b1/_temporary/0/task_202601141533222913295457791302361_0009_m_000000
26/01/14 15:33:24 INFO SparkHadoopMapRedUtil: attempt_202601141533222913295457791302361_0009_m_000000_7: Committed. Elapsed time: 1 ms.
26/01/14 15:33:24 INFO Executor: Finished task 0.0 in stage 9.0 (TID 7). 7410 bytes result sent to driver
26/01/14 15:33:24 INFO TaskSetManager: Finished task 0.0 in stage 9.0 (TID 7) in 2355 ms on ip-172-31-69-193.ec2.internal (executor driver) (1/1)
26/01/14 15:33:24 INFO TaskSchedulerImpl: Removed TaskSet 9.0, whose tasks have all completed, from pool 
26/01/14 15:33:24 INFO DAGScheduler: ResultStage 9 (parquet at NativeMethodAccessorImpl.java:0) finished in 2.430 s
26/01/14 15:33:24 INFO DAGScheduler: Job 5 is finished. Cancelling potential speculative or zombie tasks for this job
26/01/14 15:33:24 INFO TaskSchedulerImpl: Killing all running tasks in stage 9: Stage finished
26/01/14 15:33:24 INFO DAGScheduler: Job 5 finished: parquet at NativeMethodAccessorImpl.java:0, took 2.439084 s
26/01/14 15:33:24 INFO FileFormatWriter: Start to commit write Job 417b0c2c-f40c-49ca-b973-da860e38a24c.
26/01/14 15:33:24 INFO FileFormatWriter: Write Job 417b0c2c-f40c-49ca-b973-da860e38a24c committed. Elapsed time: 53 ms.
26/01/14 15:33:24 INFO FileFormatWriter: Finished processing stats for write job 417b0c2c-f40c-49ca-b973-da860e38a24c.
26/01/14 15:33:24 INFO DataSourceStrategy: Pruning directories with: isnotnull(ingest_date#10),(ingest_date#10 = 2026-01-14)
26/01/14 15:33:24 INFO FileSourceStrategy: Pushed Filters: 
26/01/14 15:33:24 INFO FileSourceStrategy: Post-Scan Filters: 
26/01/14 15:33:25 INFO CodeGenerator: Code generated in 80.485397 ms
26/01/14 15:33:25 INFO MemoryStore: Block broadcast_8 stored as values in memory (estimated size 203.0 KiB, free 433.6 MiB)
26/01/14 15:33:25 INFO MemoryStore: Block broadcast_8_piece0 stored as bytes in memory (estimated size 35.4 KiB, free 433.5 MiB)
26/01/14 15:33:25 INFO BlockManagerInfo: Added broadcast_8_piece0 in memory on ip-172-31-69-193.ec2.internal:38827 (size: 35.4 KiB, free: 434.2 MiB)
26/01/14 15:33:25 INFO SparkContext: Created broadcast 8 from collect at /home/ec2-user/project/adzd-project/spark_jobs/preprocess/forex_daily_preprocess.py:177
26/01/14 15:33:25 INFO InMemoryFileIndex: Selected 3 partitions out of 3, pruned 0.0% partitions.
26/01/14 15:33:25 INFO FileSourceScanExec: Planning scan with bin packing, max size: 6500831 bytes, open cost is considered as scanning 4194304 bytes.
26/01/14 15:33:25 INFO DAGScheduler: Registering RDD 29 (collect at /home/ec2-user/project/adzd-project/spark_jobs/preprocess/forex_daily_preprocess.py:177) as input to shuffle 3
26/01/14 15:33:25 INFO DAGScheduler: Got map stage job 6 (collect at /home/ec2-user/project/adzd-project/spark_jobs/preprocess/forex_daily_preprocess.py:177) with 2 output partitions
26/01/14 15:33:25 INFO DAGScheduler: Final stage: ShuffleMapStage 10 (collect at /home/ec2-user/project/adzd-project/spark_jobs/preprocess/forex_daily_preprocess.py:177)
26/01/14 15:33:25 INFO DAGScheduler: Parents of final stage: List()
26/01/14 15:33:25 INFO DAGScheduler: Missing parents: List()
26/01/14 15:33:25 INFO DAGScheduler: Submitting ShuffleMapStage 10 (MapPartitionsRDD[29] at collect at /home/ec2-user/project/adzd-project/spark_jobs/preprocess/forex_daily_preprocess.py:177), which has no missing parents
26/01/14 15:33:25 INFO MemoryStore: Block broadcast_9 stored as values in memory (estimated size 53.3 KiB, free 433.5 MiB)
26/01/14 15:33:25 INFO MemoryStore: Block broadcast_9_piece0 stored as bytes in memory (estimated size 21.5 KiB, free 433.5 MiB)
26/01/14 15:33:25 INFO BlockManagerInfo: Added broadcast_9_piece0 in memory on ip-172-31-69-193.ec2.internal:38827 (size: 21.5 KiB, free: 434.2 MiB)
26/01/14 15:33:25 INFO SparkContext: Created broadcast 9 from broadcast at DAGScheduler.scala:1535
26/01/14 15:33:25 INFO DAGScheduler: Submitting 2 missing tasks from ShuffleMapStage 10 (MapPartitionsRDD[29] at collect at /home/ec2-user/project/adzd-project/spark_jobs/preprocess/forex_daily_preprocess.py:177) (first 15 tasks are for partitions Vector(0, 1))
26/01/14 15:33:25 INFO TaskSchedulerImpl: Adding task set 10.0 with 2 tasks resource profile 0
26/01/14 15:33:25 INFO TaskSetManager: Starting task 0.0 in stage 10.0 (TID 8) (ip-172-31-69-193.ec2.internal, executor driver, partition 0, PROCESS_LOCAL, 8439 bytes) 
26/01/14 15:33:25 INFO TaskSetManager: Starting task 1.0 in stage 10.0 (TID 9) (ip-172-31-69-193.ec2.internal, executor driver, partition 1, PROCESS_LOCAL, 8148 bytes) 
26/01/14 15:33:25 INFO Executor: Running task 0.0 in stage 10.0 (TID 8)
26/01/14 15:33:25 INFO Executor: Running task 1.0 in stage 10.0 (TID 9)
26/01/14 15:33:25 INFO CodeGenerator: Code generated in 25.076655 ms
26/01/14 15:33:25 INFO CodeGenerator: Code generated in 9.46907 ms
26/01/14 15:33:25 INFO FileScanRDD: Reading File path: file:///home/ec2-user/project/adzd-project/data/raw/alpha_vantage/market=forex/frequency=daily/pair=USD_JPY/ingest_date=2026-01-14/part-00000-857526b8-8215-4c85-9c3b-b6d69793175a.c000.snappy.parquet, range: 0-114177, partition values: [USD_JPY,20467]
26/01/14 15:33:25 INFO FileScanRDD: Reading File path: file:///home/ec2-user/project/adzd-project/data/raw/alpha_vantage/market=forex/frequency=daily/pair=EUR_USD/ingest_date=2026-01-14/part-00000-857526b8-8215-4c85-9c3b-b6d69793175a.c000.snappy.parquet, range: 0-154973, partition values: [EUR_USD,20467]
26/01/14 15:33:25 INFO FileScanRDD: Reading File path: file:///home/ec2-user/project/adzd-project/data/raw/alpha_vantage/market=forex/frequency=daily/pair=GBP_USD/ingest_date=2026-01-14/part-00000-857526b8-8215-4c85-9c3b-b6d69793175a.c000.snappy.parquet, range: 0-149601, partition values: [GBP_USD,20467]
26/01/14 15:33:25 INFO Executor: Finished task 1.0 in stage 10.0 (TID 9). 3098 bytes result sent to driver
26/01/14 15:33:25 INFO TaskSetManager: Finished task 1.0 in stage 10.0 (TID 9) in 262 ms on ip-172-31-69-193.ec2.internal (executor driver) (1/2)
26/01/14 15:33:25 INFO Executor: Finished task 0.0 in stage 10.0 (TID 8). 3098 bytes result sent to driver
26/01/14 15:33:25 INFO TaskSetManager: Finished task 0.0 in stage 10.0 (TID 8) in 304 ms on ip-172-31-69-193.ec2.internal (executor driver) (2/2)
26/01/14 15:33:25 INFO TaskSchedulerImpl: Removed TaskSet 10.0, whose tasks have all completed, from pool 
26/01/14 15:33:25 INFO DAGScheduler: ShuffleMapStage 10 (collect at /home/ec2-user/project/adzd-project/spark_jobs/preprocess/forex_daily_preprocess.py:177) finished in 0.322 s
26/01/14 15:33:25 INFO DAGScheduler: looking for newly runnable stages
26/01/14 15:33:25 INFO DAGScheduler: running: Set()
26/01/14 15:33:25 INFO DAGScheduler: waiting: Set()
26/01/14 15:33:25 INFO DAGScheduler: failed: Set()
26/01/14 15:33:25 INFO ShufflePartitionsUtil: For shuffle(3), advisory target size: 67108864, actual target size 1048576, minimum partition size: 1048576
26/01/14 15:33:25 INFO HashAggregateExec: spark.sql.codegen.aggregate.map.twolevel.enabled is set to true, but current version of codegened fast hashmap does not support this aggregate.
26/01/14 15:33:25 INFO CodeGenerator: Code generated in 48.893701 ms
26/01/14 15:33:25 INFO DAGScheduler: Registering RDD 32 (collect at /home/ec2-user/project/adzd-project/spark_jobs/preprocess/forex_daily_preprocess.py:177) as input to shuffle 4
26/01/14 15:33:25 INFO DAGScheduler: Got map stage job 7 (collect at /home/ec2-user/project/adzd-project/spark_jobs/preprocess/forex_daily_preprocess.py:177) with 1 output partitions
26/01/14 15:33:25 INFO DAGScheduler: Final stage: ShuffleMapStage 12 (collect at /home/ec2-user/project/adzd-project/spark_jobs/preprocess/forex_daily_preprocess.py:177)
26/01/14 15:33:25 INFO DAGScheduler: Parents of final stage: List(ShuffleMapStage 11)
26/01/14 15:33:25 INFO DAGScheduler: Missing parents: List()
26/01/14 15:33:25 INFO DAGScheduler: Submitting ShuffleMapStage 12 (MapPartitionsRDD[32] at collect at /home/ec2-user/project/adzd-project/spark_jobs/preprocess/forex_daily_preprocess.py:177), which has no missing parents
26/01/14 15:33:25 INFO MemoryStore: Block broadcast_10 stored as values in memory (estimated size 59.6 KiB, free 433.4 MiB)
26/01/14 15:33:25 INFO MemoryStore: Block broadcast_10_piece0 stored as bytes in memory (estimated size 24.4 KiB, free 433.4 MiB)
26/01/14 15:33:25 INFO BlockManagerInfo: Added broadcast_10_piece0 in memory on ip-172-31-69-193.ec2.internal:38827 (size: 24.4 KiB, free: 434.2 MiB)
26/01/14 15:33:25 INFO SparkContext: Created broadcast 10 from broadcast at DAGScheduler.scala:1535
26/01/14 15:33:25 INFO DAGScheduler: Submitting 1 missing tasks from ShuffleMapStage 12 (MapPartitionsRDD[32] at collect at /home/ec2-user/project/adzd-project/spark_jobs/preprocess/forex_daily_preprocess.py:177) (first 15 tasks are for partitions Vector(0))
26/01/14 15:33:25 INFO TaskSchedulerImpl: Adding task set 12.0 with 1 tasks resource profile 0
26/01/14 15:33:25 INFO TaskSetManager: Starting task 0.0 in stage 12.0 (TID 10) (ip-172-31-69-193.ec2.internal, executor driver, partition 0, NODE_LOCAL, 7352 bytes) 
26/01/14 15:33:25 INFO Executor: Running task 0.0 in stage 12.0 (TID 10)
26/01/14 15:33:25 INFO ShuffleBlockFetcherIterator: Getting 2 (688.6 KiB) non-empty blocks including 2 (688.6 KiB) local and 0 (0.0 B) host-local and 0 (0.0 B) push-merged-local and 0 (0.0 B) remote blocks
26/01/14 15:33:25 INFO ShuffleBlockFetcherIterator: Started 0 remote fetches in 4 ms
26/01/14 15:33:25 INFO CodeGenerator: Code generated in 10.376019 ms
26/01/14 15:33:25 INFO Executor: Finished task 0.0 in stage 12.0 (TID 10). 5850 bytes result sent to driver
26/01/14 15:33:25 INFO TaskSetManager: Finished task 0.0 in stage 12.0 (TID 10) in 154 ms on ip-172-31-69-193.ec2.internal (executor driver) (1/1)
26/01/14 15:33:25 INFO TaskSchedulerImpl: Removed TaskSet 12.0, whose tasks have all completed, from pool 
26/01/14 15:33:25 INFO DAGScheduler: ShuffleMapStage 12 (collect at /home/ec2-user/project/adzd-project/spark_jobs/preprocess/forex_daily_preprocess.py:177) finished in 0.169 s
26/01/14 15:33:25 INFO DAGScheduler: looking for newly runnable stages
26/01/14 15:33:25 INFO DAGScheduler: running: Set()
26/01/14 15:33:25 INFO DAGScheduler: waiting: Set()
26/01/14 15:33:25 INFO DAGScheduler: failed: Set()
26/01/14 15:33:25 INFO ShufflePartitionsUtil: For shuffle(4), advisory target size: 67108864, actual target size 1048576, minimum partition size: 1048576
26/01/14 15:33:25 INFO CodeGenerator: Code generated in 13.805263 ms
26/01/14 15:33:25 INFO CodeGenerator: Code generated in 19.584831 ms
26/01/14 15:33:25 INFO CodeGenerator: Code generated in 17.090257 ms
26/01/14 15:33:25 INFO DAGScheduler: Registering RDD 39 (collect at /home/ec2-user/project/adzd-project/spark_jobs/preprocess/forex_daily_preprocess.py:177) as input to shuffle 5
26/01/14 15:33:25 INFO DAGScheduler: Got map stage job 8 (collect at /home/ec2-user/project/adzd-project/spark_jobs/preprocess/forex_daily_preprocess.py:177) with 1 output partitions
26/01/14 15:33:25 INFO DAGScheduler: Final stage: ShuffleMapStage 15 (collect at /home/ec2-user/project/adzd-project/spark_jobs/preprocess/forex_daily_preprocess.py:177)
26/01/14 15:33:25 INFO DAGScheduler: Parents of final stage: List(ShuffleMapStage 14)
26/01/14 15:33:25 INFO DAGScheduler: Missing parents: List()
26/01/14 15:33:25 INFO DAGScheduler: Submitting ShuffleMapStage 15 (MapPartitionsRDD[39] at collect at /home/ec2-user/project/adzd-project/spark_jobs/preprocess/forex_daily_preprocess.py:177), which has no missing parents
26/01/14 15:33:25 INFO MemoryStore: Block broadcast_11 stored as values in memory (estimated size 74.7 KiB, free 433.3 MiB)
26/01/14 15:33:25 INFO MemoryStore: Block broadcast_11_piece0 stored as bytes in memory (estimated size 30.8 KiB, free 433.3 MiB)
26/01/14 15:33:25 INFO BlockManagerInfo: Added broadcast_11_piece0 in memory on ip-172-31-69-193.ec2.internal:38827 (size: 30.8 KiB, free: 434.2 MiB)
26/01/14 15:33:25 INFO SparkContext: Created broadcast 11 from broadcast at DAGScheduler.scala:1535
26/01/14 15:33:25 INFO DAGScheduler: Submitting 1 missing tasks from ShuffleMapStage 15 (MapPartitionsRDD[39] at collect at /home/ec2-user/project/adzd-project/spark_jobs/preprocess/forex_daily_preprocess.py:177) (first 15 tasks are for partitions Vector(0))
26/01/14 15:33:25 INFO TaskSchedulerImpl: Adding task set 15.0 with 1 tasks resource profile 0
26/01/14 15:33:25 INFO TaskSetManager: Starting task 0.0 in stage 15.0 (TID 11) (ip-172-31-69-193.ec2.internal, executor driver, partition 0, NODE_LOCAL, 7352 bytes) 
26/01/14 15:33:25 INFO Executor: Running task 0.0 in stage 15.0 (TID 11)
26/01/14 15:33:25 INFO ShuffleBlockFetcherIterator: Getting 1 (197.9 KiB) non-empty blocks including 1 (197.9 KiB) local and 0 (0.0 B) host-local and 0 (0.0 B) push-merged-local and 0 (0.0 B) remote blocks
26/01/14 15:33:25 INFO ShuffleBlockFetcherIterator: Started 0 remote fetches in 1 ms
26/01/14 15:33:25 INFO CodeGenerator: Code generated in 6.86721 ms
26/01/14 15:33:25 INFO CodeGenerator: Code generated in 9.366584 ms
26/01/14 15:33:25 INFO CodeGenerator: Code generated in 8.074493 ms
26/01/14 15:33:25 INFO CodeGenerator: Code generated in 6.598158 ms
26/01/14 15:33:25 INFO CodeGenerator: Code generated in 6.473191 ms
26/01/14 15:33:26 INFO CodeGenerator: Code generated in 10.773479 ms
26/01/14 15:33:26 INFO CodeGenerator: Code generated in 6.46951 ms
26/01/14 15:33:26 INFO ExternalAppendOnlyUnsafeRowArray: Reached spill threshold of 4096 rows, switching to org.apache.spark.util.collection.unsafe.sort.UnsafeExternalSorter
26/01/14 15:33:26 INFO CodeGenerator: Code generated in 6.498141 ms
26/01/14 15:33:26 INFO CodeGenerator: Code generated in 7.165058 ms
26/01/14 15:33:26 INFO CodeGenerator: Code generated in 6.154384 ms
26/01/14 15:33:26 INFO CodeGenerator: Code generated in 6.157282 ms
26/01/14 15:33:26 INFO CodeGenerator: Code generated in 12.885185 ms
26/01/14 15:33:26 INFO CodeGenerator: Code generated in 5.296983 ms
26/01/14 15:33:26 INFO ExternalAppendOnlyUnsafeRowArray: Reached spill threshold of 4096 rows, switching to org.apache.spark.util.collection.unsafe.sort.UnsafeExternalSorter
26/01/14 15:33:26 INFO ExternalAppendOnlyUnsafeRowArray: Reached spill threshold of 4096 rows, switching to org.apache.spark.util.collection.unsafe.sort.UnsafeExternalSorter
26/01/14 15:33:26 INFO BlockManagerInfo: Removed broadcast_10_piece0 on ip-172-31-69-193.ec2.internal:38827 in memory (size: 24.4 KiB, free: 434.2 MiB)
26/01/14 15:33:26 INFO BlockManagerInfo: Removed broadcast_9_piece0 on ip-172-31-69-193.ec2.internal:38827 in memory (size: 21.5 KiB, free: 434.2 MiB)
26/01/14 15:33:26 INFO ExternalAppendOnlyUnsafeRowArray: Reached spill threshold of 4096 rows, switching to org.apache.spark.util.collection.unsafe.sort.UnsafeExternalSorter
26/01/14 15:33:26 INFO ExternalAppendOnlyUnsafeRowArray: Reached spill threshold of 4096 rows, switching to org.apache.spark.util.collection.unsafe.sort.UnsafeExternalSorter
26/01/14 15:33:26 INFO ExternalAppendOnlyUnsafeRowArray: Reached spill threshold of 4096 rows, switching to org.apache.spark.util.collection.unsafe.sort.UnsafeExternalSorter
26/01/14 15:33:26 INFO Executor: Finished task 0.0 in stage 15.0 (TID 11). 7551 bytes result sent to driver
26/01/14 15:33:26 INFO TaskSetManager: Finished task 0.0 in stage 15.0 (TID 11) in 755 ms on ip-172-31-69-193.ec2.internal (executor driver) (1/1)
26/01/14 15:33:26 INFO TaskSchedulerImpl: Removed TaskSet 15.0, whose tasks have all completed, from pool 
26/01/14 15:33:26 INFO DAGScheduler: ShuffleMapStage 15 (collect at /home/ec2-user/project/adzd-project/spark_jobs/preprocess/forex_daily_preprocess.py:177) finished in 0.768 s
26/01/14 15:33:26 INFO DAGScheduler: looking for newly runnable stages
26/01/14 15:33:26 INFO DAGScheduler: running: Set()
26/01/14 15:33:26 INFO DAGScheduler: waiting: Set()
26/01/14 15:33:26 INFO DAGScheduler: failed: Set()
26/01/14 15:33:26 INFO CodeGenerator: Code generated in 6.850241 ms
26/01/14 15:33:26 INFO SparkContext: Starting job: collect at /home/ec2-user/project/adzd-project/spark_jobs/preprocess/forex_daily_preprocess.py:177
26/01/14 15:33:26 INFO DAGScheduler: Got job 9 (collect at /home/ec2-user/project/adzd-project/spark_jobs/preprocess/forex_daily_preprocess.py:177) with 1 output partitions
26/01/14 15:33:26 INFO DAGScheduler: Final stage: ResultStage 19 (collect at /home/ec2-user/project/adzd-project/spark_jobs/preprocess/forex_daily_preprocess.py:177)
26/01/14 15:33:26 INFO DAGScheduler: Parents of final stage: List(ShuffleMapStage 18)
26/01/14 15:33:26 INFO DAGScheduler: Missing parents: List()
26/01/14 15:33:26 INFO DAGScheduler: Submitting ResultStage 19 (MapPartitionsRDD[42] at collect at /home/ec2-user/project/adzd-project/spark_jobs/preprocess/forex_daily_preprocess.py:177), which has no missing parents
26/01/14 15:33:26 INFO MemoryStore: Block broadcast_12 stored as values in memory (estimated size 12.2 KiB, free 433.4 MiB)
26/01/14 15:33:26 INFO MemoryStore: Block broadcast_12_piece0 stored as bytes in memory (estimated size 5.8 KiB, free 433.4 MiB)
26/01/14 15:33:26 INFO BlockManagerInfo: Added broadcast_12_piece0 in memory on ip-172-31-69-193.ec2.internal:38827 (size: 5.8 KiB, free: 434.2 MiB)
26/01/14 15:33:26 INFO SparkContext: Created broadcast 12 from broadcast at DAGScheduler.scala:1535
26/01/14 15:33:26 INFO DAGScheduler: Submitting 1 missing tasks from ResultStage 19 (MapPartitionsRDD[42] at collect at /home/ec2-user/project/adzd-project/spark_jobs/preprocess/forex_daily_preprocess.py:177) (first 15 tasks are for partitions Vector(0))
26/01/14 15:33:26 INFO TaskSchedulerImpl: Adding task set 19.0 with 1 tasks resource profile 0
26/01/14 15:33:26 INFO TaskSetManager: Starting task 0.0 in stage 19.0 (TID 12) (ip-172-31-69-193.ec2.internal, executor driver, partition 0, NODE_LOCAL, 7363 bytes) 
26/01/14 15:33:26 INFO Executor: Running task 0.0 in stage 19.0 (TID 12)
26/01/14 15:33:26 INFO ShuffleBlockFetcherIterator: Getting 1 (60.0 B) non-empty blocks including 1 (60.0 B) local and 0 (0.0 B) host-local and 0 (0.0 B) push-merged-local and 0 (0.0 B) remote blocks
26/01/14 15:33:26 INFO ShuffleBlockFetcherIterator: Started 0 remote fetches in 0 ms
26/01/14 15:33:26 INFO Executor: Finished task 0.0 in stage 19.0 (TID 12). 3808 bytes result sent to driver
26/01/14 15:33:26 INFO TaskSetManager: Finished task 0.0 in stage 19.0 (TID 12) in 12 ms on ip-172-31-69-193.ec2.internal (executor driver) (1/1)
26/01/14 15:33:26 INFO TaskSchedulerImpl: Removed TaskSet 19.0, whose tasks have all completed, from pool 
26/01/14 15:33:26 INFO DAGScheduler: ResultStage 19 (collect at /home/ec2-user/project/adzd-project/spark_jobs/preprocess/forex_daily_preprocess.py:177) finished in 0.046 s
26/01/14 15:33:26 INFO DAGScheduler: Job 9 is finished. Cancelling potential speculative or zombie tasks for this job
26/01/14 15:33:26 INFO TaskSchedulerImpl: Killing all running tasks in stage 19: Stage finished
26/01/14 15:33:26 INFO DAGScheduler: Job 9 finished: collect at /home/ec2-user/project/adzd-project/spark_jobs/preprocess/forex_daily_preprocess.py:177, took 0.050644 s
2026-01-14 15:33:26,752 | INFO | spark.preprocess.forex_daily | Preprocessing done. ingest_date=2026-01-14, records=14976
26/01/14 15:33:26 INFO SparkContext: SparkContext is stopping with exitCode 0.
26/01/14 15:33:26 INFO SparkUI: Stopped Spark web UI at http://ip-172-31-69-193.ec2.internal:4040
26/01/14 15:33:26 INFO MapOutputTrackerMasterEndpoint: MapOutputTrackerMasterEndpoint stopped!
26/01/14 15:33:26 INFO MemoryStore: MemoryStore cleared
26/01/14 15:33:26 INFO BlockManager: BlockManager stopped
26/01/14 15:33:26 INFO BlockManagerMaster: BlockManagerMaster stopped
26/01/14 15:33:26 INFO OutputCommitCoordinator$OutputCommitCoordinatorEndpoint: OutputCommitCoordinator stopped!
26/01/14 15:33:26 INFO SparkContext: Successfully stopped SparkContext
26/01/14 15:33:27 INFO ShutdownHookManager: Shutdown hook called
26/01/14 15:33:27 INFO ShutdownHookManager: Deleting directory /tmp/spark-a34611c1-c35b-42f5-9f5d-03b37a8e2bea
26/01/14 15:33:27 INFO ShutdownHookManager: Deleting directory /tmp/spark-3e80c920-8701-4fd3-81bc-74b82c846087
26/01/14 15:33:27 INFO ShutdownHookManager: Deleting directory /tmp/spark-3e80c920-8701-4fd3-81bc-74b82c846087/pyspark-66ddb4d1-1b8f-4e8c-8584-a26ca4ce4d79
Traceback (most recent call last):
  File "/usr/lib64/python3.9/runpy.py", line 197, in _run_module_as_main
    return _run_code(code, main_globals, None,
  File "/usr/lib64/python3.9/runpy.py", line 87, in _run_code
    exec(code, run_globals)
  File "/home/ec2-user/project/adzd-project/pipelines/naive/backtest.py", line 10, in <module>
    import pandas as pd
ModuleNotFoundError: No module named 'pandas'
