=== DAILY PIPELINE START 2026-01-14T224558Z ===
PWD=/home/ec2-user/project_3/ADZD-project/adzd-project
Python 3.9.25
Welcome to
      ____              __
     / __/__  ___ _____/ /__
    _\ \/ _ \/ _ `/ __/  '_/
   /___/ .__/\_,_/_/ /_/\_\   version 3.4.2
      /_/
                        
Using Scala version 2.12.17, OpenJDK 64-Bit Server VM, 17.0.17
Branch HEAD
Compiled by user centos on 2023-11-25T07:25:47Z
Revision 0c0e7d4087c64efca259b4fb656b8be643be5686
Url https://github.com/apache/spark
Type --help for more information.
26/01/14 22:46:03 WARN NativeCodeLoader: Unable to load native-hadoop library for your platform... using builtin-java classes where applicable
Traceback (most recent call last):
  File "/home/ec2-user/project_3/ADZD-project/adzd-project/spark_jobs/ingest/alpha_vantage_ingest.py", line 258, in <module>
    main()
  File "/home/ec2-user/project_3/ADZD-project/adzd-project/spark_jobs/ingest/alpha_vantage_ingest.py", line 170, in main
    cfg = load_config()
  File "/home/ec2-user/project_3/ADZD-project/adzd-project/deps.zip/config/loader.py", line 9, in load_config
FileNotFoundError: [Errno 2] No such file or directory: 'config/config.yaml'
26/01/14 22:46:04 INFO ShutdownHookManager: Shutdown hook called
26/01/14 22:46:04 INFO ShutdownHookManager: Deleting directory /tmp/spark-ae02d205-ad9c-4899-9359-0c8f2e9f7296
