=== DAILY PIPELINE START 2026-01-14T153114Z ===
PWD=/home/ec2-user/project/adzd-project
Python 3.9.25
Welcome to
      ____              __
     / __/__  ___ _____/ /__
    _\ \/ _ \/ _ `/ __/  '_/
   /___/ .__/\_,_/_/ /_/\_\   version 3.4.2
      /_/
                        
Using Scala version 2.12.17, OpenJDK 64-Bit Server VM, 17.0.17
Branch HEAD
Compiled by user centos on 2023-11-25T07:25:47Z
Revision 0c0e7d4087c64efca259b4fb656b8be643be5686
Url https://github.com/apache/spark
Type --help for more information.
26/01/14 15:31:19 WARN NativeCodeLoader: Unable to load native-hadoop library for your platform... using builtin-java classes where applicable
26/01/14 15:31:20 INFO SparkContext: Running Spark version 3.4.2
26/01/14 15:31:20 INFO ResourceUtils: ==============================================================
26/01/14 15:31:20 INFO ResourceUtils: No custom resources configured for spark.driver.
26/01/14 15:31:20 INFO ResourceUtils: ==============================================================
26/01/14 15:31:20 INFO SparkContext: Submitted application: alpha-vantage-fx-daily-ingest
26/01/14 15:31:20 INFO ResourceProfile: Default ResourceProfile created, executor resources: Map(cores -> name: cores, amount: 1, script: , vendor: , memory -> name: memory, amount: 1024, script: , vendor: , offHeap -> name: offHeap, amount: 0, script: , vendor: ), task resources: Map(cpus -> name: cpus, amount: 1.0)
26/01/14 15:31:20 INFO ResourceProfile: Limiting resource is cpu
26/01/14 15:31:20 INFO ResourceProfileManager: Added ResourceProfile id: 0
26/01/14 15:31:21 INFO SecurityManager: Changing view acls to: ec2-user
26/01/14 15:31:21 INFO SecurityManager: Changing modify acls to: ec2-user
26/01/14 15:31:21 INFO SecurityManager: Changing view acls groups to: 
26/01/14 15:31:21 INFO SecurityManager: Changing modify acls groups to: 
26/01/14 15:31:21 INFO SecurityManager: SecurityManager: authentication disabled; ui acls disabled; users with view permissions: ec2-user; groups with view permissions: EMPTY; users with modify permissions: ec2-user; groups with modify permissions: EMPTY
26/01/14 15:31:21 INFO Utils: Successfully started service 'sparkDriver' on port 40739.
26/01/14 15:31:21 INFO SparkEnv: Registering MapOutputTracker
26/01/14 15:31:21 INFO SparkEnv: Registering BlockManagerMaster
26/01/14 15:31:21 INFO BlockManagerMasterEndpoint: Using org.apache.spark.storage.DefaultTopologyMapper for getting topology information
26/01/14 15:31:21 INFO BlockManagerMasterEndpoint: BlockManagerMasterEndpoint up
26/01/14 15:31:21 INFO SparkEnv: Registering BlockManagerMasterHeartbeat
26/01/14 15:31:21 INFO DiskBlockManager: Created local directory at /tmp/blockmgr-33d32eb3-777a-46dc-b15b-fe958cfaee25
26/01/14 15:31:21 INFO MemoryStore: MemoryStore started with capacity 434.4 MiB
26/01/14 15:31:21 INFO SparkEnv: Registering OutputCommitCoordinator
26/01/14 15:31:21 INFO JettyUtils: Start Jetty 0.0.0.0:4040 for SparkUI
26/01/14 15:31:22 INFO Utils: Successfully started service 'SparkUI' on port 4040.
26/01/14 15:31:22 INFO SparkContext: Added file file:///home/ec2-user/project/adzd-project/deps.zip at file:///home/ec2-user/project/adzd-project/deps.zip with timestamp 1768404680863
26/01/14 15:31:22 INFO Utils: Copying /home/ec2-user/project/adzd-project/deps.zip to /tmp/spark-9a09f999-ca12-46a4-af55-03dd18e69d55/userFiles-99c1c10d-1326-4c33-a7c3-d22c47d4fdff/deps.zip
26/01/14 15:31:22 INFO Executor: Starting executor ID driver on host ip-172-31-69-193.ec2.internal
26/01/14 15:31:22 INFO Executor: Starting executor with user classpath (userClassPathFirst = false): ''
26/01/14 15:31:22 INFO Executor: Fetching file:///home/ec2-user/project/adzd-project/deps.zip with timestamp 1768404680863
26/01/14 15:31:22 INFO Utils: /home/ec2-user/project/adzd-project/deps.zip has been previously copied to /tmp/spark-9a09f999-ca12-46a4-af55-03dd18e69d55/userFiles-99c1c10d-1326-4c33-a7c3-d22c47d4fdff/deps.zip
26/01/14 15:31:22 INFO Utils: Successfully started service 'org.apache.spark.network.netty.NettyBlockTransferService' on port 35405.
26/01/14 15:31:22 INFO NettyBlockTransferService: Server created on ip-172-31-69-193.ec2.internal:35405
26/01/14 15:31:22 INFO BlockManager: Using org.apache.spark.storage.RandomBlockReplicationPolicy for block replication policy
26/01/14 15:31:22 INFO BlockManagerMaster: Registering BlockManager BlockManagerId(driver, ip-172-31-69-193.ec2.internal, 35405, None)
26/01/14 15:31:22 INFO BlockManagerMasterEndpoint: Registering block manager ip-172-31-69-193.ec2.internal:35405 with 434.4 MiB RAM, BlockManagerId(driver, ip-172-31-69-193.ec2.internal, 35405, None)
26/01/14 15:31:22 INFO BlockManagerMaster: Registered BlockManager BlockManagerId(driver, ip-172-31-69-193.ec2.internal, 35405, None)
26/01/14 15:31:22 INFO BlockManager: Initialized BlockManager: BlockManagerId(driver, ip-172-31-69-193.ec2.internal, 35405, None)
26/01/14 15:31:22 INFO SingleEventLogFileWriter: Logging events to file:/opt/spark-events/local-1768404682162.inprogress
2026-01-14 15:31:23,020 | INFO | spark.ingest.alpha_vantage | Ingest start. pairs=[('EUR', 'USD'), ('GBP', 'USD'), ('USD', 'JPY')], parallelism=1, ingest_date=2026-01-14, min_sleep=1.1
26/01/14 15:31:23 INFO SharedState: Setting hive.metastore.warehouse.dir ('null') to the value of spark.sql.warehouse.dir.
26/01/14 15:31:23 INFO SharedState: Warehouse path is 'file:/tmp/spark-warehouse'.
26/01/14 15:31:27 INFO CodeGenerator: Code generated in 297.954822 ms
26/01/14 15:31:27 INFO CodeGenerator: Code generated in 63.068057 ms
26/01/14 15:31:27 INFO DAGScheduler: Registering RDD 12 (count at NativeMethodAccessorImpl.java:0) as input to shuffle 0
26/01/14 15:31:27 INFO DAGScheduler: Got map stage job 0 (count at NativeMethodAccessorImpl.java:0) with 1 output partitions
26/01/14 15:31:27 INFO DAGScheduler: Final stage: ShuffleMapStage 0 (count at NativeMethodAccessorImpl.java:0)
26/01/14 15:31:27 INFO DAGScheduler: Parents of final stage: List()
26/01/14 15:31:27 INFO DAGScheduler: Missing parents: List()
26/01/14 15:31:28 INFO DAGScheduler: Submitting ShuffleMapStage 0 (MapPartitionsRDD[12] at count at NativeMethodAccessorImpl.java:0), which has no missing parents
26/01/14 15:31:28 INFO MemoryStore: Block broadcast_0 stored as values in memory (estimated size 38.0 KiB, free 434.4 MiB)
26/01/14 15:31:28 INFO MemoryStore: Block broadcast_0_piece0 stored as bytes in memory (estimated size 17.5 KiB, free 434.3 MiB)
26/01/14 15:31:28 INFO BlockManagerInfo: Added broadcast_0_piece0 in memory on ip-172-31-69-193.ec2.internal:35405 (size: 17.5 KiB, free: 434.4 MiB)
26/01/14 15:31:28 INFO SparkContext: Created broadcast 0 from broadcast at DAGScheduler.scala:1535
26/01/14 15:31:28 INFO DAGScheduler: Submitting 1 missing tasks from ShuffleMapStage 0 (MapPartitionsRDD[12] at count at NativeMethodAccessorImpl.java:0) (first 15 tasks are for partitions Vector(0))
26/01/14 15:31:28 INFO TaskSchedulerImpl: Adding task set 0.0 with 1 tasks resource profile 0
26/01/14 15:31:28 INFO TaskSetManager: Starting task 0.0 in stage 0.0 (TID 0) (ip-172-31-69-193.ec2.internal, executor driver, partition 0, PROCESS_LOCAL, 7290 bytes) 
26/01/14 15:31:28 INFO Executor: Running task 0.0 in stage 0.0 (TID 0)
26/01/14 15:31:34 INFO PythonRunner: Times: total = 4753, boot = 531, init = 138, finish = 4084
26/01/14 15:31:34 INFO MemoryStore: Block rdd_7_0 stored as values in memory (estimated size 411.4 KiB, free 433.9 MiB)
26/01/14 15:31:34 INFO BlockManagerInfo: Added rdd_7_0 in memory on ip-172-31-69-193.ec2.internal:35405 (size: 411.4 KiB, free: 434.0 MiB)
26/01/14 15:31:34 INFO CodeGenerator: Code generated in 15.397855 ms
26/01/14 15:31:34 INFO CodeGenerator: Code generated in 57.783788 ms
26/01/14 15:31:34 INFO Executor: Finished task 0.0 in stage 0.0 (TID 0). 2509 bytes result sent to driver
26/01/14 15:31:34 INFO TaskSetManager: Finished task 0.0 in stage 0.0 (TID 0) in 5727 ms on ip-172-31-69-193.ec2.internal (executor driver) (1/1)
26/01/14 15:31:34 INFO PythonAccumulatorV2: Connected to AccumulatorServer at host: 127.0.0.1 port: 36019
26/01/14 15:31:34 INFO TaskSchedulerImpl: Removed TaskSet 0.0, whose tasks have all completed, from pool 
26/01/14 15:31:34 INFO DAGScheduler: ShuffleMapStage 0 (count at NativeMethodAccessorImpl.java:0) finished in 6.334 s
26/01/14 15:31:34 INFO DAGScheduler: looking for newly runnable stages
26/01/14 15:31:34 INFO DAGScheduler: running: Set()
26/01/14 15:31:34 INFO DAGScheduler: waiting: Set()
26/01/14 15:31:34 INFO DAGScheduler: failed: Set()
26/01/14 15:31:34 INFO CodeGenerator: Code generated in 29.142711 ms
26/01/14 15:31:34 INFO SparkContext: Starting job: count at NativeMethodAccessorImpl.java:0
26/01/14 15:31:34 INFO DAGScheduler: Got job 1 (count at NativeMethodAccessorImpl.java:0) with 1 output partitions
26/01/14 15:31:34 INFO DAGScheduler: Final stage: ResultStage 2 (count at NativeMethodAccessorImpl.java:0)
26/01/14 15:31:34 INFO DAGScheduler: Parents of final stage: List(ShuffleMapStage 1)
26/01/14 15:31:34 INFO DAGScheduler: Missing parents: List()
26/01/14 15:31:34 INFO DAGScheduler: Submitting ResultStage 2 (MapPartitionsRDD[15] at count at NativeMethodAccessorImpl.java:0), which has no missing parents
26/01/14 15:31:34 INFO MemoryStore: Block broadcast_1 stored as values in memory (estimated size 12.2 KiB, free 433.9 MiB)
26/01/14 15:31:34 INFO MemoryStore: Block broadcast_1_piece0 stored as bytes in memory (estimated size 5.8 KiB, free 433.9 MiB)
26/01/14 15:31:34 INFO BlockManagerInfo: Added broadcast_1_piece0 in memory on ip-172-31-69-193.ec2.internal:35405 (size: 5.8 KiB, free: 434.0 MiB)
26/01/14 15:31:34 INFO SparkContext: Created broadcast 1 from broadcast at DAGScheduler.scala:1535
26/01/14 15:31:34 INFO DAGScheduler: Submitting 1 missing tasks from ResultStage 2 (MapPartitionsRDD[15] at count at NativeMethodAccessorImpl.java:0) (first 15 tasks are for partitions Vector(0))
26/01/14 15:31:34 INFO TaskSchedulerImpl: Adding task set 2.0 with 1 tasks resource profile 0
26/01/14 15:31:34 INFO TaskSetManager: Starting task 0.0 in stage 2.0 (TID 1) (ip-172-31-69-193.ec2.internal, executor driver, partition 0, NODE_LOCAL, 7363 bytes) 
26/01/14 15:31:34 INFO Executor: Running task 0.0 in stage 2.0 (TID 1)
26/01/14 15:31:34 INFO ShuffleBlockFetcherIterator: Getting 1 (60.0 B) non-empty blocks including 1 (60.0 B) local and 0 (0.0 B) host-local and 0 (0.0 B) push-merged-local and 0 (0.0 B) remote blocks
26/01/14 15:31:34 INFO ShuffleBlockFetcherIterator: Started 0 remote fetches in 12 ms
26/01/14 15:31:34 INFO Executor: Finished task 0.0 in stage 2.0 (TID 1). 3808 bytes result sent to driver
26/01/14 15:31:34 INFO TaskSetManager: Finished task 0.0 in stage 2.0 (TID 1) in 86 ms on ip-172-31-69-193.ec2.internal (executor driver) (1/1)
26/01/14 15:31:34 INFO DAGScheduler: ResultStage 2 (count at NativeMethodAccessorImpl.java:0) finished in 0.110 s
26/01/14 15:31:34 INFO DAGScheduler: Job 1 is finished. Cancelling potential speculative or zombie tasks for this job
26/01/14 15:31:34 INFO TaskSchedulerImpl: Removed TaskSet 2.0, whose tasks have all completed, from pool 
26/01/14 15:31:34 INFO TaskSchedulerImpl: Killing all running tasks in stage 2: Stage finished
26/01/14 15:31:34 INFO DAGScheduler: Job 1 finished: count at NativeMethodAccessorImpl.java:0, took 0.153030 s
26/01/14 15:31:34 INFO CodeGenerator: Code generated in 29.00247 ms
26/01/14 15:31:35 INFO DefaultCachedBatchSerializer: Predicate isnotnull(date#0) generates partition filter: ((date.count#607 - date.nullCount#606) > 0)
26/01/14 15:31:35 INFO DAGScheduler: Registering RDD 20 (count at NativeMethodAccessorImpl.java:0) as input to shuffle 1
26/01/14 15:31:35 INFO DAGScheduler: Got map stage job 2 (count at NativeMethodAccessorImpl.java:0) with 1 output partitions
26/01/14 15:31:35 INFO DAGScheduler: Final stage: ShuffleMapStage 3 (count at NativeMethodAccessorImpl.java:0)
26/01/14 15:31:35 INFO DAGScheduler: Parents of final stage: List()
26/01/14 15:31:35 INFO DAGScheduler: Missing parents: List()
26/01/14 15:31:35 INFO DAGScheduler: Submitting ShuffleMapStage 3 (MapPartitionsRDD[20] at count at NativeMethodAccessorImpl.java:0), which has no missing parents
26/01/14 15:31:35 INFO MemoryStore: Block broadcast_2 stored as values in memory (estimated size 46.8 KiB, free 433.9 MiB)
26/01/14 15:31:35 INFO MemoryStore: Block broadcast_2_piece0 stored as bytes in memory (estimated size 21.6 KiB, free 433.9 MiB)
26/01/14 15:31:35 INFO BlockManagerInfo: Added broadcast_2_piece0 in memory on ip-172-31-69-193.ec2.internal:35405 (size: 21.6 KiB, free: 434.0 MiB)
26/01/14 15:31:35 INFO SparkContext: Created broadcast 2 from broadcast at DAGScheduler.scala:1535
26/01/14 15:31:35 INFO DAGScheduler: Submitting 1 missing tasks from ShuffleMapStage 3 (MapPartitionsRDD[20] at count at NativeMethodAccessorImpl.java:0) (first 15 tasks are for partitions Vector(0))
26/01/14 15:31:35 INFO TaskSchedulerImpl: Adding task set 3.0 with 1 tasks resource profile 0
26/01/14 15:31:35 INFO TaskSetManager: Starting task 0.0 in stage 3.0 (TID 2) (ip-172-31-69-193.ec2.internal, executor driver, partition 0, PROCESS_LOCAL, 7290 bytes) 
26/01/14 15:31:35 INFO Executor: Running task 0.0 in stage 3.0 (TID 2)
26/01/14 15:31:35 INFO BlockManager: Found block rdd_7_0 locally
26/01/14 15:31:35 INFO CodeGenerator: Code generated in 7.853161 ms
26/01/14 15:31:35 INFO CodeGenerator: Code generated in 38.527741 ms
26/01/14 15:31:35 INFO Executor: Finished task 0.0 in stage 3.0 (TID 2). 2479 bytes result sent to driver
26/01/14 15:31:35 INFO TaskSetManager: Finished task 0.0 in stage 3.0 (TID 2) in 131 ms on ip-172-31-69-193.ec2.internal (executor driver) (1/1)
26/01/14 15:31:35 INFO TaskSchedulerImpl: Removed TaskSet 3.0, whose tasks have all completed, from pool 
26/01/14 15:31:35 INFO DAGScheduler: ShuffleMapStage 3 (count at NativeMethodAccessorImpl.java:0) finished in 0.168 s
26/01/14 15:31:35 INFO DAGScheduler: looking for newly runnable stages
26/01/14 15:31:35 INFO DAGScheduler: running: Set()
26/01/14 15:31:35 INFO DAGScheduler: waiting: Set()
26/01/14 15:31:35 INFO DAGScheduler: failed: Set()
26/01/14 15:31:35 INFO SparkContext: Starting job: count at NativeMethodAccessorImpl.java:0
26/01/14 15:31:35 INFO DAGScheduler: Got job 3 (count at NativeMethodAccessorImpl.java:0) with 1 output partitions
26/01/14 15:31:35 INFO DAGScheduler: Final stage: ResultStage 5 (count at NativeMethodAccessorImpl.java:0)
26/01/14 15:31:35 INFO DAGScheduler: Parents of final stage: List(ShuffleMapStage 4)
26/01/14 15:31:35 INFO DAGScheduler: Missing parents: List()
26/01/14 15:31:35 INFO DAGScheduler: Submitting ResultStage 5 (MapPartitionsRDD[23] at count at NativeMethodAccessorImpl.java:0), which has no missing parents
26/01/14 15:31:35 INFO MemoryStore: Block broadcast_3 stored as values in memory (estimated size 12.2 KiB, free 433.8 MiB)
26/01/14 15:31:35 INFO MemoryStore: Block broadcast_3_piece0 stored as bytes in memory (estimated size 5.9 KiB, free 433.8 MiB)
26/01/14 15:31:35 INFO BlockManagerInfo: Added broadcast_3_piece0 in memory on ip-172-31-69-193.ec2.internal:35405 (size: 5.9 KiB, free: 433.9 MiB)
26/01/14 15:31:35 INFO SparkContext: Created broadcast 3 from broadcast at DAGScheduler.scala:1535
26/01/14 15:31:35 INFO DAGScheduler: Submitting 1 missing tasks from ResultStage 5 (MapPartitionsRDD[23] at count at NativeMethodAccessorImpl.java:0) (first 15 tasks are for partitions Vector(0))
26/01/14 15:31:35 INFO TaskSchedulerImpl: Adding task set 5.0 with 1 tasks resource profile 0
26/01/14 15:31:35 INFO TaskSetManager: Starting task 0.0 in stage 5.0 (TID 3) (ip-172-31-69-193.ec2.internal, executor driver, partition 0, NODE_LOCAL, 7363 bytes) 
26/01/14 15:31:35 INFO Executor: Running task 0.0 in stage 5.0 (TID 3)
26/01/14 15:31:35 INFO ShuffleBlockFetcherIterator: Getting 1 (60.0 B) non-empty blocks including 1 (60.0 B) local and 0 (0.0 B) host-local and 0 (0.0 B) push-merged-local and 0 (0.0 B) remote blocks
26/01/14 15:31:35 INFO ShuffleBlockFetcherIterator: Started 0 remote fetches in 3 ms
26/01/14 15:31:35 INFO Executor: Finished task 0.0 in stage 5.0 (TID 3). 3808 bytes result sent to driver
26/01/14 15:31:35 INFO TaskSetManager: Finished task 0.0 in stage 5.0 (TID 3) in 25 ms on ip-172-31-69-193.ec2.internal (executor driver) (1/1)
26/01/14 15:31:35 INFO DAGScheduler: ResultStage 5 (count at NativeMethodAccessorImpl.java:0) finished in 0.046 s
26/01/14 15:31:35 INFO DAGScheduler: Job 3 is finished. Cancelling potential speculative or zombie tasks for this job
26/01/14 15:31:35 INFO TaskSchedulerImpl: Removed TaskSet 5.0, whose tasks have all completed, from pool 
26/01/14 15:31:35 INFO TaskSchedulerImpl: Killing all running tasks in stage 5: Stage finished
26/01/14 15:31:35 INFO DAGScheduler: Job 3 finished: count at NativeMethodAccessorImpl.java:0, took 0.063345 s
26/01/14 15:31:35 INFO CodeGenerator: Code generated in 23.762449 ms
26/01/14 15:31:35 INFO DefaultCachedBatchSerializer: Predicate isnull(date#0) generates partition filter: (date.nullCount#897 > 0)
26/01/14 15:31:35 INFO DefaultCachedBatchSerializer: Predicate isnotnull(error#10) generates partition filter: ((error.count#948 - error.nullCount#947) > 0)
26/01/14 15:31:35 INFO DAGScheduler: Registering RDD 28 (count at NativeMethodAccessorImpl.java:0) as input to shuffle 2
26/01/14 15:31:35 INFO DAGScheduler: Got map stage job 4 (count at NativeMethodAccessorImpl.java:0) with 1 output partitions
26/01/14 15:31:35 INFO DAGScheduler: Final stage: ShuffleMapStage 6 (count at NativeMethodAccessorImpl.java:0)
26/01/14 15:31:35 INFO DAGScheduler: Parents of final stage: List()
26/01/14 15:31:35 INFO DAGScheduler: Missing parents: List()
26/01/14 15:31:35 INFO DAGScheduler: Submitting ShuffleMapStage 6 (MapPartitionsRDD[28] at count at NativeMethodAccessorImpl.java:0), which has no missing parents
26/01/14 15:31:35 INFO MemoryStore: Block broadcast_4 stored as values in memory (estimated size 47.2 KiB, free 433.8 MiB)
26/01/14 15:31:35 INFO MemoryStore: Block broadcast_4_piece0 stored as bytes in memory (estimated size 21.6 KiB, free 433.8 MiB)
26/01/14 15:31:35 INFO BlockManagerInfo: Added broadcast_4_piece0 in memory on ip-172-31-69-193.ec2.internal:35405 (size: 21.6 KiB, free: 433.9 MiB)
26/01/14 15:31:35 INFO SparkContext: Created broadcast 4 from broadcast at DAGScheduler.scala:1535
26/01/14 15:31:35 INFO DAGScheduler: Submitting 1 missing tasks from ShuffleMapStage 6 (MapPartitionsRDD[28] at count at NativeMethodAccessorImpl.java:0) (first 15 tasks are for partitions Vector(0))
26/01/14 15:31:35 INFO TaskSchedulerImpl: Adding task set 6.0 with 1 tasks resource profile 0
26/01/14 15:31:35 INFO TaskSetManager: Starting task 0.0 in stage 6.0 (TID 4) (ip-172-31-69-193.ec2.internal, executor driver, partition 0, PROCESS_LOCAL, 7290 bytes) 
26/01/14 15:31:35 INFO Executor: Running task 0.0 in stage 6.0 (TID 4)
26/01/14 15:31:35 INFO BlockManager: Found block rdd_7_0 locally
26/01/14 15:31:35 INFO CodeGenerator: Code generated in 5.683838 ms
26/01/14 15:31:35 INFO CodeGenerator: Code generated in 23.305592 ms
26/01/14 15:31:35 INFO Executor: Finished task 0.0 in stage 6.0 (TID 4). 2565 bytes result sent to driver
26/01/14 15:31:35 INFO TaskSetManager: Finished task 0.0 in stage 6.0 (TID 4) in 111 ms on ip-172-31-69-193.ec2.internal (executor driver) (1/1)
26/01/14 15:31:35 INFO TaskSchedulerImpl: Removed TaskSet 6.0, whose tasks have all completed, from pool 
26/01/14 15:31:35 INFO DAGScheduler: ShuffleMapStage 6 (count at NativeMethodAccessorImpl.java:0) finished in 0.150 s
26/01/14 15:31:35 INFO DAGScheduler: looking for newly runnable stages
26/01/14 15:31:35 INFO DAGScheduler: running: Set()
26/01/14 15:31:35 INFO DAGScheduler: waiting: Set()
26/01/14 15:31:35 INFO DAGScheduler: failed: Set()
26/01/14 15:31:35 INFO BlockManagerInfo: Removed broadcast_0_piece0 on ip-172-31-69-193.ec2.internal:35405 in memory (size: 17.5 KiB, free: 433.9 MiB)
26/01/14 15:31:35 INFO SparkContext: Starting job: count at NativeMethodAccessorImpl.java:0
26/01/14 15:31:35 INFO DAGScheduler: Got job 5 (count at NativeMethodAccessorImpl.java:0) with 1 output partitions
26/01/14 15:31:35 INFO DAGScheduler: Final stage: ResultStage 8 (count at NativeMethodAccessorImpl.java:0)
26/01/14 15:31:35 INFO DAGScheduler: Parents of final stage: List(ShuffleMapStage 7)
26/01/14 15:31:35 INFO DAGScheduler: Missing parents: List()
26/01/14 15:31:35 INFO DAGScheduler: Submitting ResultStage 8 (MapPartitionsRDD[31] at count at NativeMethodAccessorImpl.java:0), which has no missing parents
26/01/14 15:31:35 INFO MemoryStore: Block broadcast_5 stored as values in memory (estimated size 12.2 KiB, free 433.8 MiB)
26/01/14 15:31:35 INFO MemoryStore: Block broadcast_5_piece0 stored as bytes in memory (estimated size 5.8 KiB, free 433.8 MiB)
26/01/14 15:31:35 INFO BlockManagerInfo: Added broadcast_5_piece0 in memory on ip-172-31-69-193.ec2.internal:35405 (size: 5.8 KiB, free: 433.9 MiB)
26/01/14 15:31:35 INFO SparkContext: Created broadcast 5 from broadcast at DAGScheduler.scala:1535
26/01/14 15:31:35 INFO DAGScheduler: Submitting 1 missing tasks from ResultStage 8 (MapPartitionsRDD[31] at count at NativeMethodAccessorImpl.java:0) (first 15 tasks are for partitions Vector(0))
26/01/14 15:31:35 INFO TaskSchedulerImpl: Adding task set 8.0 with 1 tasks resource profile 0
26/01/14 15:31:35 INFO TaskSetManager: Starting task 0.0 in stage 8.0 (TID 5) (ip-172-31-69-193.ec2.internal, executor driver, partition 0, NODE_LOCAL, 7363 bytes) 
26/01/14 15:31:35 INFO Executor: Running task 0.0 in stage 8.0 (TID 5)
26/01/14 15:31:35 INFO ShuffleBlockFetcherIterator: Getting 1 (60.0 B) non-empty blocks including 1 (60.0 B) local and 0 (0.0 B) host-local and 0 (0.0 B) push-merged-local and 0 (0.0 B) remote blocks
26/01/14 15:31:35 INFO ShuffleBlockFetcherIterator: Started 0 remote fetches in 3 ms
26/01/14 15:31:35 INFO Executor: Finished task 0.0 in stage 8.0 (TID 5). 3801 bytes result sent to driver
26/01/14 15:31:35 INFO TaskSetManager: Finished task 0.0 in stage 8.0 (TID 5) in 22 ms on ip-172-31-69-193.ec2.internal (executor driver) (1/1)
26/01/14 15:31:35 INFO TaskSchedulerImpl: Removed TaskSet 8.0, whose tasks have all completed, from pool 
26/01/14 15:31:35 INFO DAGScheduler: ResultStage 8 (count at NativeMethodAccessorImpl.java:0) finished in 0.050 s
26/01/14 15:31:35 INFO DAGScheduler: Job 5 is finished. Cancelling potential speculative or zombie tasks for this job
26/01/14 15:31:35 INFO TaskSchedulerImpl: Killing all running tasks in stage 8: Stage finished
26/01/14 15:31:35 INFO DAGScheduler: Job 5 finished: count at NativeMethodAccessorImpl.java:0, took 0.059206 s
26/01/14 15:31:35 INFO BlockManagerInfo: Removed broadcast_3_piece0 on ip-172-31-69-193.ec2.internal:35405 in memory (size: 5.9 KiB, free: 433.9 MiB)
26/01/14 15:31:35 INFO BlockManagerInfo: Removed broadcast_2_piece0 on ip-172-31-69-193.ec2.internal:35405 in memory (size: 21.6 KiB, free: 434.0 MiB)
26/01/14 15:31:35 INFO BlockManagerInfo: Removed broadcast_1_piece0 on ip-172-31-69-193.ec2.internal:35405 in memory (size: 5.8 KiB, free: 434.0 MiB)
26/01/14 15:31:36 INFO ParquetUtils: Using default output committer for Parquet: org.apache.parquet.hadoop.ParquetOutputCommitter
26/01/14 15:31:36 INFO FileOutputCommitter: File Output Committer Algorithm version is 1
26/01/14 15:31:36 INFO FileOutputCommitter: FileOutputCommitter skip cleanup _temporary folders under output directory:false, ignore cleanup failures: false
26/01/14 15:31:36 INFO SQLHadoopMapReduceCommitProtocol: Using user defined output committer class org.apache.parquet.hadoop.ParquetOutputCommitter
26/01/14 15:31:36 INFO FileOutputCommitter: File Output Committer Algorithm version is 1
26/01/14 15:31:36 INFO FileOutputCommitter: FileOutputCommitter skip cleanup _temporary folders under output directory:false, ignore cleanup failures: false
26/01/14 15:31:36 INFO SQLHadoopMapReduceCommitProtocol: Using output committer class org.apache.parquet.hadoop.ParquetOutputCommitter
26/01/14 15:31:36 INFO CodeGenerator: Code generated in 17.402614 ms
26/01/14 15:31:36 INFO DefaultCachedBatchSerializer: Predicate isnotnull(date#0) generates partition filter: ((date.count#1131 - date.nullCount#1130) > 0)
26/01/14 15:31:36 INFO SparkContext: Starting job: parquet at NativeMethodAccessorImpl.java:0
26/01/14 15:31:36 INFO DAGScheduler: Got job 6 (parquet at NativeMethodAccessorImpl.java:0) with 1 output partitions
26/01/14 15:31:36 INFO DAGScheduler: Final stage: ResultStage 9 (parquet at NativeMethodAccessorImpl.java:0)
26/01/14 15:31:36 INFO DAGScheduler: Parents of final stage: List()
26/01/14 15:31:36 INFO DAGScheduler: Missing parents: List()
26/01/14 15:31:36 INFO DAGScheduler: Submitting ResultStage 9 (MapPartitionsRDD[36] at parquet at NativeMethodAccessorImpl.java:0), which has no missing parents
26/01/14 15:31:36 INFO MemoryStore: Block broadcast_6 stored as values in memory (estimated size 255.0 KiB, free 433.7 MiB)
26/01/14 15:31:36 INFO MemoryStore: Block broadcast_6_piece0 stored as bytes in memory (estimated size 94.4 KiB, free 433.6 MiB)
26/01/14 15:31:36 INFO BlockManagerInfo: Added broadcast_6_piece0 in memory on ip-172-31-69-193.ec2.internal:35405 (size: 94.4 KiB, free: 433.9 MiB)
26/01/14 15:31:36 INFO SparkContext: Created broadcast 6 from broadcast at DAGScheduler.scala:1535
26/01/14 15:31:36 INFO DAGScheduler: Submitting 1 missing tasks from ResultStage 9 (MapPartitionsRDD[36] at parquet at NativeMethodAccessorImpl.java:0) (first 15 tasks are for partitions Vector(0))
26/01/14 15:31:36 INFO TaskSchedulerImpl: Adding task set 9.0 with 1 tasks resource profile 0
26/01/14 15:31:36 INFO TaskSetManager: Starting task 0.0 in stage 9.0 (TID 6) (ip-172-31-69-193.ec2.internal, executor driver, partition 0, PROCESS_LOCAL, 7301 bytes) 
26/01/14 15:31:36 INFO Executor: Running task 0.0 in stage 9.0 (TID 6)
26/01/14 15:31:36 INFO BlockManager: Found block rdd_7_0 locally
26/01/14 15:31:36 INFO CodeGenerator: Code generated in 28.93944 ms
26/01/14 15:31:36 INFO CodeGenerator: Code generated in 26.300092 ms
26/01/14 15:31:36 INFO CodeGenerator: Code generated in 19.169227 ms
26/01/14 15:31:36 INFO FileOutputCommitter: File Output Committer Algorithm version is 1
26/01/14 15:31:36 INFO FileOutputCommitter: FileOutputCommitter skip cleanup _temporary folders under output directory:false, ignore cleanup failures: false
26/01/14 15:31:36 INFO SQLHadoopMapReduceCommitProtocol: Using user defined output committer class org.apache.parquet.hadoop.ParquetOutputCommitter
26/01/14 15:31:36 INFO FileOutputCommitter: File Output Committer Algorithm version is 1
26/01/14 15:31:36 INFO FileOutputCommitter: FileOutputCommitter skip cleanup _temporary folders under output directory:false, ignore cleanup failures: false
26/01/14 15:31:36 INFO SQLHadoopMapReduceCommitProtocol: Using output committer class org.apache.parquet.hadoop.ParquetOutputCommitter
26/01/14 15:31:36 INFO CodeGenerator: Code generated in 15.354728 ms
26/01/14 15:31:36 INFO CodeGenerator: Code generated in 19.022462 ms
26/01/14 15:31:36 INFO CodeGenerator: Code generated in 43.739899 ms
26/01/14 15:31:36 INFO CodecConfig: Compression: SNAPPY
26/01/14 15:31:36 INFO CodecConfig: Compression: SNAPPY
26/01/14 15:31:36 INFO ParquetOutputFormat: ParquetRecordWriter [block size: 134217728b, row group padding size: 8388608b, validating: false]
26/01/14 15:31:36 INFO ParquetWriteSupport: Initialized Parquet WriteSupport with Catalyst schema:
{
  "type" : "struct",
  "fields" : [ {
    "name" : "date",
    "type" : "string",
    "nullable" : true,
    "metadata" : { }
  }, {
    "name" : "open",
    "type" : "double",
    "nullable" : true,
    "metadata" : { }
  }, {
    "name" : "high",
    "type" : "double",
    "nullable" : true,
    "metadata" : { }
  }, {
    "name" : "low",
    "type" : "double",
    "nullable" : true,
    "metadata" : { }
  }, {
    "name" : "close",
    "type" : "double",
    "nullable" : true,
    "metadata" : { }
  }, {
    "name" : "from_symbol",
    "type" : "string",
    "nullable" : true,
    "metadata" : { }
  }, {
    "name" : "to_symbol",
    "type" : "string",
    "nullable" : true,
    "metadata" : { }
  }, {
    "name" : "frequency",
    "type" : "string",
    "nullable" : true,
    "metadata" : { }
  }, {
    "name" : "error",
    "type" : "string",
    "nullable" : true,
    "metadata" : { }
  } ]
}
and corresponding Parquet message type:
message spark_schema {
  optional binary date (STRING);
  optional double open;
  optional double high;
  optional double low;
  optional double close;
  optional binary from_symbol (STRING);
  optional binary to_symbol (STRING);
  optional binary frequency (STRING);
  optional binary error (STRING);
}

       
26/01/14 15:31:36 INFO CodecPool: Got brand-new compressor [.snappy]
26/01/14 15:31:37 INFO BlockManagerInfo: Removed broadcast_4_piece0 on ip-172-31-69-193.ec2.internal:35405 in memory (size: 21.6 KiB, free: 433.9 MiB)
26/01/14 15:31:37 INFO BlockManagerInfo: Removed broadcast_5_piece0 on ip-172-31-69-193.ec2.internal:35405 in memory (size: 5.8 KiB, free: 433.9 MiB)
26/01/14 15:31:37 INFO CodecConfig: Compression: SNAPPY
26/01/14 15:31:37 INFO CodecConfig: Compression: SNAPPY
26/01/14 15:31:37 INFO ParquetOutputFormat: ParquetRecordWriter [block size: 134217728b, row group padding size: 8388608b, validating: false]
26/01/14 15:31:37 INFO ParquetWriteSupport: Initialized Parquet WriteSupport with Catalyst schema:
{
  "type" : "struct",
  "fields" : [ {
    "name" : "date",
    "type" : "string",
    "nullable" : true,
    "metadata" : { }
  }, {
    "name" : "open",
    "type" : "double",
    "nullable" : true,
    "metadata" : { }
  }, {
    "name" : "high",
    "type" : "double",
    "nullable" : true,
    "metadata" : { }
  }, {
    "name" : "low",
    "type" : "double",
    "nullable" : true,
    "metadata" : { }
  }, {
    "name" : "close",
    "type" : "double",
    "nullable" : true,
    "metadata" : { }
  }, {
    "name" : "from_symbol",
    "type" : "string",
    "nullable" : true,
    "metadata" : { }
  }, {
    "name" : "to_symbol",
    "type" : "string",
    "nullable" : true,
    "metadata" : { }
  }, {
    "name" : "frequency",
    "type" : "string",
    "nullable" : true,
    "metadata" : { }
  }, {
    "name" : "error",
    "type" : "string",
    "nullable" : true,
    "metadata" : { }
  } ]
}
and corresponding Parquet message type:
message spark_schema {
  optional binary date (STRING);
  optional double open;
  optional double high;
  optional double low;
  optional double close;
  optional binary from_symbol (STRING);
  optional binary to_symbol (STRING);
  optional binary frequency (STRING);
  optional binary error (STRING);
}

       
26/01/14 15:31:37 INFO CodecConfig: Compression: SNAPPY
26/01/14 15:31:37 INFO CodecConfig: Compression: SNAPPY
26/01/14 15:31:37 INFO ParquetOutputFormat: ParquetRecordWriter [block size: 134217728b, row group padding size: 8388608b, validating: false]
26/01/14 15:31:37 INFO ParquetWriteSupport: Initialized Parquet WriteSupport with Catalyst schema:
{
  "type" : "struct",
  "fields" : [ {
    "name" : "date",
    "type" : "string",
    "nullable" : true,
    "metadata" : { }
  }, {
    "name" : "open",
    "type" : "double",
    "nullable" : true,
    "metadata" : { }
  }, {
    "name" : "high",
    "type" : "double",
    "nullable" : true,
    "metadata" : { }
  }, {
    "name" : "low",
    "type" : "double",
    "nullable" : true,
    "metadata" : { }
  }, {
    "name" : "close",
    "type" : "double",
    "nullable" : true,
    "metadata" : { }
  }, {
    "name" : "from_symbol",
    "type" : "string",
    "nullable" : true,
    "metadata" : { }
  }, {
    "name" : "to_symbol",
    "type" : "string",
    "nullable" : true,
    "metadata" : { }
  }, {
    "name" : "frequency",
    "type" : "string",
    "nullable" : true,
    "metadata" : { }
  }, {
    "name" : "error",
    "type" : "string",
    "nullable" : true,
    "metadata" : { }
  } ]
}
and corresponding Parquet message type:
message spark_schema {
  optional binary date (STRING);
  optional double open;
  optional double high;
  optional double low;
  optional double close;
  optional binary from_symbol (STRING);
  optional binary to_symbol (STRING);
  optional binary frequency (STRING);
  optional binary error (STRING);
}

       
26/01/14 15:31:37 INFO FileOutputCommitter: Saved output of task 'attempt_202601141531369149486343769477100_0009_m_000000_6' to file:/home/ec2-user/project/adzd-project/data/raw/alpha_vantage/market=forex/frequency=daily/_temporary/0/task_202601141531369149486343769477100_0009_m_000000
26/01/14 15:31:37 INFO SparkHadoopMapRedUtil: attempt_202601141531369149486343769477100_0009_m_000000_6: Committed. Elapsed time: 9 ms.
26/01/14 15:31:37 INFO Executor: Finished task 0.0 in stage 9.0 (TID 6). 2692 bytes result sent to driver
26/01/14 15:31:37 INFO TaskSetManager: Finished task 0.0 in stage 9.0 (TID 6) in 1574 ms on ip-172-31-69-193.ec2.internal (executor driver) (1/1)
26/01/14 15:31:37 INFO DAGScheduler: ResultStage 9 (parquet at NativeMethodAccessorImpl.java:0) finished in 1.661 s
26/01/14 15:31:37 INFO DAGScheduler: Job 6 is finished. Cancelling potential speculative or zombie tasks for this job
26/01/14 15:31:37 INFO TaskSchedulerImpl: Removed TaskSet 9.0, whose tasks have all completed, from pool 
26/01/14 15:31:37 INFO TaskSchedulerImpl: Killing all running tasks in stage 9: Stage finished
26/01/14 15:31:37 INFO DAGScheduler: Job 6 finished: parquet at NativeMethodAccessorImpl.java:0, took 1.671340 s
26/01/14 15:31:37 INFO FileFormatWriter: Start to commit write Job 66c48432-5423-4c09-bf05-5b7446867ae9.
26/01/14 15:31:37 INFO FileFormatWriter: Write Job 66c48432-5423-4c09-bf05-5b7446867ae9 committed. Elapsed time: 31 ms.
26/01/14 15:31:37 INFO FileFormatWriter: Finished processing stats for write job 66c48432-5423-4c09-bf05-5b7446867ae9.
2026-01-14 15:31:37,901 | INFO | spark.ingest.alpha_vantage | Dane OK zapisane do: data/raw/alpha_vantage/market=forex/frequency=daily (partitionBy pair, ingest_date)
2026-01-14 15:31:37,901 | INFO | spark.ingest.alpha_vantage | Liczba rekordów OK: 15000
2026-01-14 15:31:37,901 | INFO | spark.ingest.alpha_vantage | Liczba rekordów błędów: 0
26/01/14 15:31:37 INFO SparkContext: SparkContext is stopping with exitCode 0.
26/01/14 15:31:37 INFO SparkUI: Stopped Spark web UI at http://ip-172-31-69-193.ec2.internal:4040
26/01/14 15:31:37 INFO MapOutputTrackerMasterEndpoint: MapOutputTrackerMasterEndpoint stopped!
26/01/14 15:31:38 INFO MemoryStore: MemoryStore cleared
26/01/14 15:31:38 INFO BlockManager: BlockManager stopped
26/01/14 15:31:38 INFO BlockManagerMaster: BlockManagerMaster stopped
26/01/14 15:31:38 INFO OutputCommitCoordinator$OutputCommitCoordinatorEndpoint: OutputCommitCoordinator stopped!
26/01/14 15:31:38 INFO SparkContext: Successfully stopped SparkContext
26/01/14 15:31:38 INFO ShutdownHookManager: Shutdown hook called
26/01/14 15:31:38 INFO ShutdownHookManager: Deleting directory /tmp/spark-0c9e13f9-e028-4a2e-bf6d-2266867cd954
26/01/14 15:31:38 INFO ShutdownHookManager: Deleting directory /tmp/spark-9a09f999-ca12-46a4-af55-03dd18e69d55/pyspark-a269ad00-cfd3-42b4-8a52-0afb31fba74c
26/01/14 15:31:38 INFO ShutdownHookManager: Deleting directory /tmp/spark-9a09f999-ca12-46a4-af55-03dd18e69d55
26/01/14 15:31:41 WARN NativeCodeLoader: Unable to load native-hadoop library for your platform... using builtin-java classes where applicable
26/01/14 15:31:41 INFO SparkContext: Running Spark version 3.4.2
26/01/14 15:31:41 INFO ResourceUtils: ==============================================================
26/01/14 15:31:42 INFO ResourceUtils: No custom resources configured for spark.driver.
26/01/14 15:31:42 INFO ResourceUtils: ==============================================================
26/01/14 15:31:42 INFO SparkContext: Submitted application: forex-daily-preprocess
26/01/14 15:31:42 INFO ResourceProfile: Default ResourceProfile created, executor resources: Map(cores -> name: cores, amount: 1, script: , vendor: , memory -> name: memory, amount: 1024, script: , vendor: , offHeap -> name: offHeap, amount: 0, script: , vendor: ), task resources: Map(cpus -> name: cpus, amount: 1.0)
26/01/14 15:31:42 INFO ResourceProfile: Limiting resource is cpu
26/01/14 15:31:42 INFO ResourceProfileManager: Added ResourceProfile id: 0
26/01/14 15:31:42 INFO SecurityManager: Changing view acls to: ec2-user
26/01/14 15:31:42 INFO SecurityManager: Changing modify acls to: ec2-user
26/01/14 15:31:42 INFO SecurityManager: Changing view acls groups to: 
26/01/14 15:31:42 INFO SecurityManager: Changing modify acls groups to: 
26/01/14 15:31:42 INFO SecurityManager: SecurityManager: authentication disabled; ui acls disabled; users with view permissions: ec2-user; groups with view permissions: EMPTY; users with modify permissions: ec2-user; groups with modify permissions: EMPTY
26/01/14 15:31:42 INFO Utils: Successfully started service 'sparkDriver' on port 38623.
26/01/14 15:31:42 INFO SparkEnv: Registering MapOutputTracker
26/01/14 15:31:42 INFO SparkEnv: Registering BlockManagerMaster
26/01/14 15:31:42 INFO BlockManagerMasterEndpoint: Using org.apache.spark.storage.DefaultTopologyMapper for getting topology information
26/01/14 15:31:42 INFO BlockManagerMasterEndpoint: BlockManagerMasterEndpoint up
26/01/14 15:31:42 INFO SparkEnv: Registering BlockManagerMasterHeartbeat
26/01/14 15:31:42 INFO DiskBlockManager: Created local directory at /tmp/blockmgr-4b77d33b-6928-4849-868c-eb8783454784
26/01/14 15:31:42 INFO MemoryStore: MemoryStore started with capacity 434.4 MiB
26/01/14 15:31:42 INFO SparkEnv: Registering OutputCommitCoordinator
26/01/14 15:31:42 INFO JettyUtils: Start Jetty 0.0.0.0:4040 for SparkUI
26/01/14 15:31:42 INFO Utils: Successfully started service 'SparkUI' on port 4040.
26/01/14 15:31:42 INFO SparkContext: Added file file:///home/ec2-user/project/adzd-project/deps.zip at file:///home/ec2-user/project/adzd-project/deps.zip with timestamp 1768404701945
26/01/14 15:31:42 INFO Utils: Copying /home/ec2-user/project/adzd-project/deps.zip to /tmp/spark-52498783-c688-454f-85fe-81f8bf9a982a/userFiles-852a7dbe-4c6a-4c51-abc6-0c790e0388d8/deps.zip
26/01/14 15:31:43 INFO Executor: Starting executor ID driver on host ip-172-31-69-193.ec2.internal
26/01/14 15:31:43 INFO Executor: Starting executor with user classpath (userClassPathFirst = false): ''
26/01/14 15:31:43 INFO Executor: Fetching file:///home/ec2-user/project/adzd-project/deps.zip with timestamp 1768404701945
26/01/14 15:31:43 INFO Utils: /home/ec2-user/project/adzd-project/deps.zip has been previously copied to /tmp/spark-52498783-c688-454f-85fe-81f8bf9a982a/userFiles-852a7dbe-4c6a-4c51-abc6-0c790e0388d8/deps.zip
26/01/14 15:31:43 INFO Utils: Successfully started service 'org.apache.spark.network.netty.NettyBlockTransferService' on port 44271.
26/01/14 15:31:43 INFO NettyBlockTransferService: Server created on ip-172-31-69-193.ec2.internal:44271
26/01/14 15:31:43 INFO BlockManager: Using org.apache.spark.storage.RandomBlockReplicationPolicy for block replication policy
26/01/14 15:31:43 INFO BlockManagerMaster: Registering BlockManager BlockManagerId(driver, ip-172-31-69-193.ec2.internal, 44271, None)
26/01/14 15:31:43 INFO BlockManagerMasterEndpoint: Registering block manager ip-172-31-69-193.ec2.internal:44271 with 434.4 MiB RAM, BlockManagerId(driver, ip-172-31-69-193.ec2.internal, 44271, None)
26/01/14 15:31:43 INFO BlockManagerMaster: Registered BlockManager BlockManagerId(driver, ip-172-31-69-193.ec2.internal, 44271, None)
26/01/14 15:31:43 INFO BlockManager: Initialized BlockManager: BlockManagerId(driver, ip-172-31-69-193.ec2.internal, 44271, None)
26/01/14 15:31:43 INFO SingleEventLogFileWriter: Logging events to file:/opt/spark-events/local-1768404703002.inprogress
26/01/14 15:31:43 INFO SharedState: Setting hive.metastore.warehouse.dir ('null') to the value of spark.sql.warehouse.dir.
26/01/14 15:31:43 INFO SharedState: Warehouse path is 'file:/tmp/spark-warehouse'.
2026-01-14 15:31:44,795 | INFO | spark.preprocess.forex_daily | Reading raw from: data/raw/alpha_vantage/market=forex/frequency=daily
26/01/14 15:31:45 INFO InMemoryFileIndex: It took 82 ms to list leaf files for 1 paths.
26/01/14 15:31:45 INFO SparkContext: Starting job: parquet at NativeMethodAccessorImpl.java:0
26/01/14 15:31:45 INFO DAGScheduler: Got job 0 (parquet at NativeMethodAccessorImpl.java:0) with 1 output partitions
26/01/14 15:31:45 INFO DAGScheduler: Final stage: ResultStage 0 (parquet at NativeMethodAccessorImpl.java:0)
26/01/14 15:31:45 INFO DAGScheduler: Parents of final stage: List()
26/01/14 15:31:45 INFO DAGScheduler: Missing parents: List()
26/01/14 15:31:45 INFO DAGScheduler: Submitting ResultStage 0 (MapPartitionsRDD[1] at parquet at NativeMethodAccessorImpl.java:0), which has no missing parents
26/01/14 15:31:45 INFO MemoryStore: Block broadcast_0 stored as values in memory (estimated size 104.2 KiB, free 434.3 MiB)
26/01/14 15:31:46 INFO MemoryStore: Block broadcast_0_piece0 stored as bytes in memory (estimated size 37.7 KiB, free 434.3 MiB)
26/01/14 15:31:46 INFO BlockManagerInfo: Added broadcast_0_piece0 in memory on ip-172-31-69-193.ec2.internal:44271 (size: 37.7 KiB, free: 434.4 MiB)
26/01/14 15:31:46 INFO SparkContext: Created broadcast 0 from broadcast at DAGScheduler.scala:1535
26/01/14 15:31:46 INFO DAGScheduler: Submitting 1 missing tasks from ResultStage 0 (MapPartitionsRDD[1] at parquet at NativeMethodAccessorImpl.java:0) (first 15 tasks are for partitions Vector(0))
26/01/14 15:31:46 INFO TaskSchedulerImpl: Adding task set 0.0 with 1 tasks resource profile 0
26/01/14 15:31:46 INFO TaskSetManager: Starting task 0.0 in stage 0.0 (TID 0) (ip-172-31-69-193.ec2.internal, executor driver, partition 0, PROCESS_LOCAL, 7452 bytes) 
26/01/14 15:31:46 INFO Executor: Running task 0.0 in stage 0.0 (TID 0)
26/01/14 15:31:46 INFO Executor: Finished task 0.0 in stage 0.0 (TID 0). 1145 bytes result sent to driver
26/01/14 15:31:46 INFO TaskSetManager: Finished task 0.0 in stage 0.0 (TID 0) in 557 ms on ip-172-31-69-193.ec2.internal (executor driver) (1/1)
26/01/14 15:31:46 INFO DAGScheduler: ResultStage 0 (parquet at NativeMethodAccessorImpl.java:0) finished in 1.067 s
26/01/14 15:31:46 INFO TaskSchedulerImpl: Removed TaskSet 0.0, whose tasks have all completed, from pool 
26/01/14 15:31:46 INFO DAGScheduler: Job 0 is finished. Cancelling potential speculative or zombie tasks for this job
26/01/14 15:31:46 INFO TaskSchedulerImpl: Killing all running tasks in stage 0: Stage finished
26/01/14 15:31:46 INFO DAGScheduler: Job 0 finished: parquet at NativeMethodAccessorImpl.java:0, took 1.148815 s
26/01/14 15:31:47 INFO BlockManagerInfo: Removed broadcast_0_piece0 on ip-172-31-69-193.ec2.internal:44271 in memory (size: 37.7 KiB, free: 434.4 MiB)
26/01/14 15:31:49 INFO DataSourceStrategy: Pruning directories with: 
26/01/14 15:31:49 INFO FileSourceStrategy: Pushed Filters: 
26/01/14 15:31:49 INFO FileSourceStrategy: Post-Scan Filters: 
26/01/14 15:31:49 INFO CodeGenerator: Code generated in 345.449947 ms
26/01/14 15:31:50 INFO MemoryStore: Block broadcast_1 stored as values in memory (estimated size 202.4 KiB, free 434.2 MiB)
26/01/14 15:31:50 INFO MemoryStore: Block broadcast_1_piece0 stored as bytes in memory (estimated size 35.2 KiB, free 434.2 MiB)
26/01/14 15:31:50 INFO BlockManagerInfo: Added broadcast_1_piece0 in memory on ip-172-31-69-193.ec2.internal:44271 (size: 35.2 KiB, free: 434.4 MiB)
26/01/14 15:31:50 INFO SparkContext: Created broadcast 1 from collect at /home/ec2-user/project/adzd-project/spark_jobs/preprocess/forex_daily_preprocess.py:96
26/01/14 15:31:50 INFO FileSourceScanExec: Planning scan with bin packing, max size: 6500831 bytes, open cost is considered as scanning 4194304 bytes.
26/01/14 15:31:50 INFO DAGScheduler: Registering RDD 5 (collect at /home/ec2-user/project/adzd-project/spark_jobs/preprocess/forex_daily_preprocess.py:96) as input to shuffle 0
26/01/14 15:31:50 INFO DAGScheduler: Got map stage job 1 (collect at /home/ec2-user/project/adzd-project/spark_jobs/preprocess/forex_daily_preprocess.py:96) with 2 output partitions
26/01/14 15:31:50 INFO DAGScheduler: Final stage: ShuffleMapStage 1 (collect at /home/ec2-user/project/adzd-project/spark_jobs/preprocess/forex_daily_preprocess.py:96)
26/01/14 15:31:50 INFO DAGScheduler: Parents of final stage: List()
26/01/14 15:31:50 INFO DAGScheduler: Missing parents: List()
26/01/14 15:31:50 INFO DAGScheduler: Submitting ShuffleMapStage 1 (MapPartitionsRDD[5] at collect at /home/ec2-user/project/adzd-project/spark_jobs/preprocess/forex_daily_preprocess.py:96), which has no missing parents
26/01/14 15:31:50 INFO MemoryStore: Block broadcast_2 stored as values in memory (estimated size 17.5 KiB, free 434.2 MiB)
26/01/14 15:31:50 INFO MemoryStore: Block broadcast_2_piece0 stored as bytes in memory (estimated size 7.9 KiB, free 434.1 MiB)
26/01/14 15:31:50 INFO BlockManagerInfo: Added broadcast_2_piece0 in memory on ip-172-31-69-193.ec2.internal:44271 (size: 7.9 KiB, free: 434.4 MiB)
26/01/14 15:31:50 INFO SparkContext: Created broadcast 2 from broadcast at DAGScheduler.scala:1535
26/01/14 15:31:50 INFO DAGScheduler: Submitting 2 missing tasks from ShuffleMapStage 1 (MapPartitionsRDD[5] at collect at /home/ec2-user/project/adzd-project/spark_jobs/preprocess/forex_daily_preprocess.py:96) (first 15 tasks are for partitions Vector(0, 1))
26/01/14 15:31:50 INFO TaskSchedulerImpl: Adding task set 1.0 with 2 tasks resource profile 0
26/01/14 15:31:50 INFO TaskSetManager: Starting task 0.0 in stage 1.0 (TID 1) (ip-172-31-69-193.ec2.internal, executor driver, partition 0, PROCESS_LOCAL, 8439 bytes) 
26/01/14 15:31:50 INFO TaskSetManager: Starting task 1.0 in stage 1.0 (TID 2) (ip-172-31-69-193.ec2.internal, executor driver, partition 1, PROCESS_LOCAL, 8148 bytes) 
26/01/14 15:31:50 INFO Executor: Running task 0.0 in stage 1.0 (TID 1)
26/01/14 15:31:50 INFO Executor: Running task 1.0 in stage 1.0 (TID 2)
26/01/14 15:31:50 INFO FileScanRDD: Reading File path: file:///home/ec2-user/project/adzd-project/data/raw/alpha_vantage/market=forex/frequency=daily/pair=EUR_USD/ingest_date=2026-01-14/part-00000-d6c4b84d-c442-438d-8fa1-eff2398b03d5.c000.snappy.parquet, range: 0-154973, partition values: [EUR_USD,20467]
26/01/14 15:31:50 INFO FileScanRDD: Reading File path: file:///home/ec2-user/project/adzd-project/data/raw/alpha_vantage/market=forex/frequency=daily/pair=USD_JPY/ingest_date=2026-01-14/part-00000-d6c4b84d-c442-438d-8fa1-eff2398b03d5.c000.snappy.parquet, range: 0-114177, partition values: [USD_JPY,20467]
26/01/14 15:31:50 INFO FileScanRDD: Reading File path: file:///home/ec2-user/project/adzd-project/data/raw/alpha_vantage/market=forex/frequency=daily/pair=GBP_USD/ingest_date=2026-01-14/part-00000-d6c4b84d-c442-438d-8fa1-eff2398b03d5.c000.snappy.parquet, range: 0-149601, partition values: [GBP_USD,20467]
26/01/14 15:31:50 INFO Executor: Finished task 1.0 in stage 1.0 (TID 2). 2128 bytes result sent to driver
26/01/14 15:31:50 INFO Executor: Finished task 0.0 in stage 1.0 (TID 1). 2171 bytes result sent to driver
26/01/14 15:31:50 INFO TaskSetManager: Finished task 1.0 in stage 1.0 (TID 2) in 315 ms on ip-172-31-69-193.ec2.internal (executor driver) (1/2)
26/01/14 15:31:50 INFO TaskSetManager: Finished task 0.0 in stage 1.0 (TID 1) in 336 ms on ip-172-31-69-193.ec2.internal (executor driver) (2/2)
26/01/14 15:31:50 INFO DAGScheduler: ShuffleMapStage 1 (collect at /home/ec2-user/project/adzd-project/spark_jobs/preprocess/forex_daily_preprocess.py:96) finished in 0.414 s
26/01/14 15:31:50 INFO DAGScheduler: looking for newly runnable stages
26/01/14 15:31:50 INFO TaskSchedulerImpl: Removed TaskSet 1.0, whose tasks have all completed, from pool 
26/01/14 15:31:50 INFO DAGScheduler: running: Set()
26/01/14 15:31:50 INFO DAGScheduler: waiting: Set()
26/01/14 15:31:50 INFO DAGScheduler: failed: Set()
26/01/14 15:31:50 INFO CodeGenerator: Code generated in 27.703604 ms
26/01/14 15:31:50 INFO SparkContext: Starting job: collect at /home/ec2-user/project/adzd-project/spark_jobs/preprocess/forex_daily_preprocess.py:96
26/01/14 15:31:50 INFO DAGScheduler: Got job 2 (collect at /home/ec2-user/project/adzd-project/spark_jobs/preprocess/forex_daily_preprocess.py:96) with 1 output partitions
26/01/14 15:31:50 INFO DAGScheduler: Final stage: ResultStage 3 (collect at /home/ec2-user/project/adzd-project/spark_jobs/preprocess/forex_daily_preprocess.py:96)
26/01/14 15:31:50 INFO DAGScheduler: Parents of final stage: List(ShuffleMapStage 2)
26/01/14 15:31:50 INFO DAGScheduler: Missing parents: List()
26/01/14 15:31:50 INFO DAGScheduler: Submitting ResultStage 3 (MapPartitionsRDD[8] at collect at /home/ec2-user/project/adzd-project/spark_jobs/preprocess/forex_daily_preprocess.py:96), which has no missing parents
26/01/14 15:31:50 INFO MemoryStore: Block broadcast_3 stored as values in memory (estimated size 12.8 KiB, free 434.1 MiB)
26/01/14 15:31:50 INFO MemoryStore: Block broadcast_3_piece0 stored as bytes in memory (estimated size 6.1 KiB, free 434.1 MiB)
26/01/14 15:31:50 INFO BlockManagerInfo: Added broadcast_3_piece0 in memory on ip-172-31-69-193.ec2.internal:44271 (size: 6.1 KiB, free: 434.4 MiB)
26/01/14 15:31:50 INFO SparkContext: Created broadcast 3 from broadcast at DAGScheduler.scala:1535
26/01/14 15:31:50 INFO BlockManagerInfo: Removed broadcast_2_piece0 on ip-172-31-69-193.ec2.internal:44271 in memory (size: 7.9 KiB, free: 434.4 MiB)
26/01/14 15:31:50 INFO DAGScheduler: Submitting 1 missing tasks from ResultStage 3 (MapPartitionsRDD[8] at collect at /home/ec2-user/project/adzd-project/spark_jobs/preprocess/forex_daily_preprocess.py:96) (first 15 tasks are for partitions Vector(0))
26/01/14 15:31:50 INFO TaskSchedulerImpl: Adding task set 3.0 with 1 tasks resource profile 0
26/01/14 15:31:50 INFO TaskSetManager: Starting task 0.0 in stage 3.0 (TID 3) (ip-172-31-69-193.ec2.internal, executor driver, partition 0, NODE_LOCAL, 7363 bytes) 
26/01/14 15:31:50 INFO Executor: Running task 0.0 in stage 3.0 (TID 3)
26/01/14 15:31:50 INFO ShuffleBlockFetcherIterator: Getting 2 (120.0 B) non-empty blocks including 2 (120.0 B) local and 0 (0.0 B) host-local and 0 (0.0 B) push-merged-local and 0 (0.0 B) remote blocks
26/01/14 15:31:50 INFO ShuffleBlockFetcherIterator: Started 0 remote fetches in 13 ms
26/01/14 15:31:50 INFO Executor: Finished task 0.0 in stage 3.0 (TID 3). 3894 bytes result sent to driver
26/01/14 15:31:50 INFO TaskSetManager: Finished task 0.0 in stage 3.0 (TID 3) in 113 ms on ip-172-31-69-193.ec2.internal (executor driver) (1/1)
26/01/14 15:31:50 INFO DAGScheduler: ResultStage 3 (collect at /home/ec2-user/project/adzd-project/spark_jobs/preprocess/forex_daily_preprocess.py:96) finished in 0.146 s
26/01/14 15:31:50 INFO DAGScheduler: Job 2 is finished. Cancelling potential speculative or zombie tasks for this job
26/01/14 15:31:50 INFO TaskSchedulerImpl: Removed TaskSet 3.0, whose tasks have all completed, from pool 
26/01/14 15:31:50 INFO TaskSchedulerImpl: Killing all running tasks in stage 3: Stage finished
26/01/14 15:31:50 INFO DAGScheduler: Job 2 finished: collect at /home/ec2-user/project/adzd-project/spark_jobs/preprocess/forex_daily_preprocess.py:96, took 0.163914 s
2026-01-14 15:31:50,917 | INFO | spark.preprocess.forex_daily | Processing ingest_date: 2026-01-14
2026-01-14 15:31:52,125 | INFO | spark.preprocess.forex_daily | Writing features to: data/features/forex_daily/frequency=daily (partitionBy pair, ingest_date)
26/01/14 15:31:52 INFO DataSourceStrategy: Pruning directories with: isnotnull(ingest_date#10),(ingest_date#10 = 2026-01-14)
26/01/14 15:31:52 INFO FileSourceStrategy: Pushed Filters: 
26/01/14 15:31:52 INFO FileSourceStrategy: Post-Scan Filters: 
26/01/14 15:31:52 INFO CodeGenerator: Code generated in 84.198659 ms
26/01/14 15:31:52 INFO MemoryStore: Block broadcast_4 stored as values in memory (estimated size 203.5 KiB, free 434.0 MiB)
26/01/14 15:31:52 INFO MemoryStore: Block broadcast_4_piece0 stored as bytes in memory (estimated size 35.5 KiB, free 433.9 MiB)
26/01/14 15:31:52 INFO BlockManagerInfo: Added broadcast_4_piece0 in memory on ip-172-31-69-193.ec2.internal:44271 (size: 35.5 KiB, free: 434.3 MiB)
26/01/14 15:31:52 INFO SparkContext: Created broadcast 4 from parquet at NativeMethodAccessorImpl.java:0
26/01/14 15:31:52 INFO InMemoryFileIndex: Selected 3 partitions out of 3, pruned 0.0% partitions.
26/01/14 15:31:52 INFO FileSourceScanExec: Planning scan with bin packing, max size: 6500831 bytes, open cost is considered as scanning 4194304 bytes.
26/01/14 15:31:52 INFO DAGScheduler: Registering RDD 13 (parquet at NativeMethodAccessorImpl.java:0) as input to shuffle 1
26/01/14 15:31:52 INFO DAGScheduler: Got map stage job 3 (parquet at NativeMethodAccessorImpl.java:0) with 2 output partitions
26/01/14 15:31:52 INFO DAGScheduler: Final stage: ShuffleMapStage 4 (parquet at NativeMethodAccessorImpl.java:0)
26/01/14 15:31:52 INFO DAGScheduler: Parents of final stage: List()
26/01/14 15:31:52 INFO DAGScheduler: Missing parents: List()
26/01/14 15:31:52 INFO DAGScheduler: Submitting ShuffleMapStage 4 (MapPartitionsRDD[13] at parquet at NativeMethodAccessorImpl.java:0), which has no missing parents
26/01/14 15:31:52 INFO MemoryStore: Block broadcast_5 stored as values in memory (estimated size 42.5 KiB, free 433.9 MiB)
26/01/14 15:31:52 INFO MemoryStore: Block broadcast_5_piece0 stored as bytes in memory (estimated size 17.4 KiB, free 433.9 MiB)
26/01/14 15:31:52 INFO BlockManagerInfo: Added broadcast_5_piece0 in memory on ip-172-31-69-193.ec2.internal:44271 (size: 17.4 KiB, free: 434.3 MiB)
26/01/14 15:31:52 INFO SparkContext: Created broadcast 5 from broadcast at DAGScheduler.scala:1535
26/01/14 15:31:52 INFO DAGScheduler: Submitting 2 missing tasks from ShuffleMapStage 4 (MapPartitionsRDD[13] at parquet at NativeMethodAccessorImpl.java:0) (first 15 tasks are for partitions Vector(0, 1))
26/01/14 15:31:52 INFO TaskSchedulerImpl: Adding task set 4.0 with 2 tasks resource profile 0
26/01/14 15:31:52 INFO TaskSetManager: Starting task 0.0 in stage 4.0 (TID 4) (ip-172-31-69-193.ec2.internal, executor driver, partition 0, PROCESS_LOCAL, 8439 bytes) 
26/01/14 15:31:52 INFO TaskSetManager: Starting task 1.0 in stage 4.0 (TID 5) (ip-172-31-69-193.ec2.internal, executor driver, partition 1, PROCESS_LOCAL, 8148 bytes) 
26/01/14 15:31:52 INFO Executor: Running task 0.0 in stage 4.0 (TID 4)
26/01/14 15:31:52 INFO Executor: Running task 1.0 in stage 4.0 (TID 5)
26/01/14 15:31:52 INFO CodeGenerator: Code generated in 24.763712 ms
26/01/14 15:31:53 INFO CodeGenerator: Code generated in 14.597715 ms
26/01/14 15:31:53 INFO FileScanRDD: Reading File path: file:///home/ec2-user/project/adzd-project/data/raw/alpha_vantage/market=forex/frequency=daily/pair=USD_JPY/ingest_date=2026-01-14/part-00000-d6c4b84d-c442-438d-8fa1-eff2398b03d5.c000.snappy.parquet, range: 0-114177, partition values: [USD_JPY,20467]
26/01/14 15:31:53 INFO FileScanRDD: Reading File path: file:///home/ec2-user/project/adzd-project/data/raw/alpha_vantage/market=forex/frequency=daily/pair=EUR_USD/ingest_date=2026-01-14/part-00000-d6c4b84d-c442-438d-8fa1-eff2398b03d5.c000.snappy.parquet, range: 0-154973, partition values: [EUR_USD,20467]
26/01/14 15:31:53 INFO CodecPool: Got brand-new decompressor [.snappy]
26/01/14 15:31:53 INFO CodecPool: Got brand-new decompressor [.snappy]
26/01/14 15:31:53 INFO BlockManagerInfo: Removed broadcast_3_piece0 on ip-172-31-69-193.ec2.internal:44271 in memory (size: 6.1 KiB, free: 434.3 MiB)
26/01/14 15:31:53 INFO FileScanRDD: Reading File path: file:///home/ec2-user/project/adzd-project/data/raw/alpha_vantage/market=forex/frequency=daily/pair=GBP_USD/ingest_date=2026-01-14/part-00000-d6c4b84d-c442-438d-8fa1-eff2398b03d5.c000.snappy.parquet, range: 0-149601, partition values: [GBP_USD,20467]
26/01/14 15:31:53 INFO CodeGenerator: Code generated in 28.340372 ms
26/01/14 15:31:53 INFO CodeGenerator: Code generated in 42.355355 ms
26/01/14 15:31:53 INFO CodeGenerator: Code generated in 12.497204 ms
26/01/14 15:31:53 INFO CodeGenerator: Code generated in 53.662227 ms
26/01/14 15:31:53 INFO CodeGenerator: Code generated in 25.57697 ms
26/01/14 15:31:54 INFO Executor: Finished task 1.0 in stage 4.0 (TID 5). 2948 bytes result sent to driver
26/01/14 15:31:54 INFO TaskSetManager: Finished task 1.0 in stage 4.0 (TID 5) in 1131 ms on ip-172-31-69-193.ec2.internal (executor driver) (1/2)
26/01/14 15:31:54 INFO Executor: Finished task 0.0 in stage 4.0 (TID 4). 2905 bytes result sent to driver
26/01/14 15:31:54 INFO TaskSetManager: Finished task 0.0 in stage 4.0 (TID 4) in 1209 ms on ip-172-31-69-193.ec2.internal (executor driver) (2/2)
26/01/14 15:31:54 INFO TaskSchedulerImpl: Removed TaskSet 4.0, whose tasks have all completed, from pool 
26/01/14 15:31:54 INFO DAGScheduler: ShuffleMapStage 4 (parquet at NativeMethodAccessorImpl.java:0) finished in 1.233 s
26/01/14 15:31:54 INFO DAGScheduler: looking for newly runnable stages
26/01/14 15:31:54 INFO DAGScheduler: running: Set()
26/01/14 15:31:54 INFO DAGScheduler: waiting: Set()
26/01/14 15:31:54 INFO DAGScheduler: failed: Set()
26/01/14 15:31:54 INFO ShufflePartitionsUtil: For shuffle(1), advisory target size: 67108864, actual target size 1048576, minimum partition size: 1048576
26/01/14 15:31:54 INFO BlockManagerInfo: Removed broadcast_1_piece0 on ip-172-31-69-193.ec2.internal:44271 in memory (size: 35.2 KiB, free: 434.3 MiB)
26/01/14 15:31:54 INFO CodeGenerator: Code generated in 41.363973 ms
26/01/14 15:31:54 INFO CodeGenerator: Code generated in 28.141555 ms
26/01/14 15:31:54 INFO DAGScheduler: Registering RDD 18 (parquet at NativeMethodAccessorImpl.java:0) as input to shuffle 2
26/01/14 15:31:54 INFO DAGScheduler: Got map stage job 4 (parquet at NativeMethodAccessorImpl.java:0) with 1 output partitions
26/01/14 15:31:54 INFO DAGScheduler: Final stage: ShuffleMapStage 6 (parquet at NativeMethodAccessorImpl.java:0)
26/01/14 15:31:54 INFO DAGScheduler: Parents of final stage: List(ShuffleMapStage 5)
26/01/14 15:31:54 INFO DAGScheduler: Missing parents: List()
26/01/14 15:31:54 INFO DAGScheduler: Submitting ShuffleMapStage 6 (MapPartitionsRDD[18] at parquet at NativeMethodAccessorImpl.java:0), which has no missing parents
26/01/14 15:31:54 INFO MemoryStore: Block broadcast_6 stored as values in memory (estimated size 51.9 KiB, free 434.1 MiB)
26/01/14 15:31:54 INFO MemoryStore: Block broadcast_6_piece0 stored as bytes in memory (estimated size 21.5 KiB, free 434.0 MiB)
26/01/14 15:31:54 INFO BlockManagerInfo: Added broadcast_6_piece0 in memory on ip-172-31-69-193.ec2.internal:44271 (size: 21.5 KiB, free: 434.3 MiB)
26/01/14 15:31:54 INFO SparkContext: Created broadcast 6 from broadcast at DAGScheduler.scala:1535
26/01/14 15:31:54 INFO DAGScheduler: Submitting 1 missing tasks from ShuffleMapStage 6 (MapPartitionsRDD[18] at parquet at NativeMethodAccessorImpl.java:0) (first 15 tasks are for partitions Vector(0))
26/01/14 15:31:54 INFO TaskSchedulerImpl: Adding task set 6.0 with 1 tasks resource profile 0
26/01/14 15:31:54 INFO TaskSetManager: Starting task 0.0 in stage 6.0 (TID 6) (ip-172-31-69-193.ec2.internal, executor driver, partition 0, NODE_LOCAL, 7352 bytes) 
26/01/14 15:31:54 INFO Executor: Running task 0.0 in stage 6.0 (TID 6)
26/01/14 15:31:54 INFO ShuffleBlockFetcherIterator: Getting 2 (710.8 KiB) non-empty blocks including 2 (710.8 KiB) local and 0 (0.0 B) host-local and 0 (0.0 B) push-merged-local and 0 (0.0 B) remote blocks
26/01/14 15:31:54 INFO ShuffleBlockFetcherIterator: Started 0 remote fetches in 3 ms
26/01/14 15:31:54 INFO CodeGenerator: Code generated in 10.261617 ms
26/01/14 15:31:54 INFO CodeGenerator: Code generated in 12.186746 ms
26/01/14 15:31:54 INFO CodeGenerator: Code generated in 31.986713 ms
26/01/14 15:31:54 INFO CodeGenerator: Code generated in 9.17079 ms
26/01/14 15:31:54 INFO CodeGenerator: Code generated in 33.757568 ms
26/01/14 15:31:54 INFO CodeGenerator: Code generated in 25.686586 ms
26/01/14 15:31:54 INFO CodeGenerator: Code generated in 21.783493 ms
26/01/14 15:31:55 INFO Executor: Finished task 0.0 in stage 6.0 (TID 6). 5687 bytes result sent to driver
26/01/14 15:31:55 INFO TaskSetManager: Finished task 0.0 in stage 6.0 (TID 6) in 615 ms on ip-172-31-69-193.ec2.internal (executor driver) (1/1)
26/01/14 15:31:55 INFO TaskSchedulerImpl: Removed TaskSet 6.0, whose tasks have all completed, from pool 
26/01/14 15:31:55 INFO DAGScheduler: ShuffleMapStage 6 (parquet at NativeMethodAccessorImpl.java:0) finished in 0.647 s
26/01/14 15:31:55 INFO DAGScheduler: looking for newly runnable stages
26/01/14 15:31:55 INFO DAGScheduler: running: Set()
26/01/14 15:31:55 INFO DAGScheduler: waiting: Set()
26/01/14 15:31:55 INFO DAGScheduler: failed: Set()
26/01/14 15:31:55 INFO ShufflePartitionsUtil: For shuffle(2), advisory target size: 67108864, actual target size 1048576, minimum partition size: 1048576
26/01/14 15:31:55 INFO BlockManagerInfo: Removed broadcast_5_piece0 on ip-172-31-69-193.ec2.internal:44271 in memory (size: 17.4 KiB, free: 434.3 MiB)
26/01/14 15:31:55 INFO ParquetUtils: Using default output committer for Parquet: org.apache.parquet.hadoop.ParquetOutputCommitter
26/01/14 15:31:55 INFO FileOutputCommitter: File Output Committer Algorithm version is 1
26/01/14 15:31:55 INFO FileOutputCommitter: FileOutputCommitter skip cleanup _temporary folders under output directory:false, ignore cleanup failures: false
26/01/14 15:31:55 INFO SQLHadoopMapReduceCommitProtocol: Using user defined output committer class org.apache.parquet.hadoop.ParquetOutputCommitter
26/01/14 15:31:55 INFO FileOutputCommitter: File Output Committer Algorithm version is 1
26/01/14 15:31:55 INFO FileOutputCommitter: FileOutputCommitter skip cleanup _temporary folders under output directory:false, ignore cleanup failures: false
26/01/14 15:31:55 INFO SQLHadoopMapReduceCommitProtocol: Using output committer class org.apache.parquet.hadoop.ParquetOutputCommitter
26/01/14 15:31:55 INFO CodeGenerator: Code generated in 53.063865 ms
26/01/14 15:31:55 INFO CodeGenerator: Code generated in 31.731575 ms
26/01/14 15:31:55 INFO CodeGenerator: Code generated in 21.1012 ms
26/01/14 15:31:55 INFO SparkContext: Starting job: parquet at NativeMethodAccessorImpl.java:0
26/01/14 15:31:55 INFO DAGScheduler: Got job 5 (parquet at NativeMethodAccessorImpl.java:0) with 1 output partitions
26/01/14 15:31:55 INFO DAGScheduler: Final stage: ResultStage 9 (parquet at NativeMethodAccessorImpl.java:0)
26/01/14 15:31:55 INFO DAGScheduler: Parents of final stage: List(ShuffleMapStage 8)
26/01/14 15:31:55 INFO DAGScheduler: Missing parents: List()
26/01/14 15:31:55 INFO DAGScheduler: Submitting ResultStage 9 (MapPartitionsRDD[25] at parquet at NativeMethodAccessorImpl.java:0), which has no missing parents
26/01/14 15:31:55 INFO MemoryStore: Block broadcast_7 stored as values in memory (estimated size 295.7 KiB, free 433.8 MiB)
26/01/14 15:31:55 INFO MemoryStore: Block broadcast_7_piece0 stored as bytes in memory (estimated size 106.8 KiB, free 433.7 MiB)
26/01/14 15:31:55 INFO BlockManagerInfo: Added broadcast_7_piece0 in memory on ip-172-31-69-193.ec2.internal:44271 (size: 106.8 KiB, free: 434.2 MiB)
26/01/14 15:31:55 INFO SparkContext: Created broadcast 7 from broadcast at DAGScheduler.scala:1535
26/01/14 15:31:55 INFO DAGScheduler: Submitting 1 missing tasks from ResultStage 9 (MapPartitionsRDD[25] at parquet at NativeMethodAccessorImpl.java:0) (first 15 tasks are for partitions Vector(0))
26/01/14 15:31:55 INFO TaskSchedulerImpl: Adding task set 9.0 with 1 tasks resource profile 0
26/01/14 15:31:55 INFO TaskSetManager: Starting task 0.0 in stage 9.0 (TID 7) (ip-172-31-69-193.ec2.internal, executor driver, partition 0, NODE_LOCAL, 7363 bytes) 
26/01/14 15:31:55 INFO Executor: Running task 0.0 in stage 9.0 (TID 7)
26/01/14 15:31:55 INFO ShuffleBlockFetcherIterator: Getting 1 (453.3 KiB) non-empty blocks including 1 (453.3 KiB) local and 0 (0.0 B) host-local and 0 (0.0 B) push-merged-local and 0 (0.0 B) remote blocks
26/01/14 15:31:55 INFO ShuffleBlockFetcherIterator: Started 0 remote fetches in 2 ms
26/01/14 15:31:55 INFO CodeGenerator: Code generated in 22.82879 ms
26/01/14 15:31:55 INFO CodeGenerator: Code generated in 14.36481 ms
26/01/14 15:31:56 INFO CodeGenerator: Code generated in 27.757625 ms
26/01/14 15:31:56 INFO CodeGenerator: Code generated in 6.209609 ms
26/01/14 15:31:56 INFO CodeGenerator: Code generated in 10.367487 ms
26/01/14 15:31:56 INFO CodeGenerator: Code generated in 18.378055 ms
26/01/14 15:31:56 INFO ExternalAppendOnlyUnsafeRowArray: Reached spill threshold of 4096 rows, switching to org.apache.spark.util.collection.unsafe.sort.UnsafeExternalSorter
26/01/14 15:31:56 INFO CodeGenerator: Code generated in 6.840335 ms
26/01/14 15:31:56 INFO CodeGenerator: Code generated in 8.772371 ms
26/01/14 15:31:56 INFO CodeGenerator: Code generated in 7.891437 ms
26/01/14 15:31:56 INFO CodeGenerator: Code generated in 17.585858 ms
26/01/14 15:31:56 INFO CodeGenerator: Code generated in 7.389795 ms
26/01/14 15:31:56 INFO CodeGenerator: Code generated in 7.260354 ms
26/01/14 15:31:56 INFO CodeGenerator: Code generated in 8.01549 ms
26/01/14 15:31:56 INFO CodeGenerator: Code generated in 11.926294 ms
26/01/14 15:31:56 INFO CodeGenerator: Code generated in 29.829437 ms
26/01/14 15:31:56 INFO CodeGenerator: Code generated in 14.486738 ms
26/01/14 15:31:56 INFO CodeGenerator: Code generated in 8.272047 ms
26/01/14 15:31:56 INFO CodeGenerator: Code generated in 14.626638 ms
26/01/14 15:31:56 INFO CodeGenerator: Code generated in 10.262036 ms
26/01/14 15:31:56 INFO CodeGenerator: Code generated in 7.965158 ms
26/01/14 15:31:56 INFO FileOutputCommitter: File Output Committer Algorithm version is 1
26/01/14 15:31:56 INFO FileOutputCommitter: FileOutputCommitter skip cleanup _temporary folders under output directory:false, ignore cleanup failures: false
26/01/14 15:31:56 INFO SQLHadoopMapReduceCommitProtocol: Using user defined output committer class org.apache.parquet.hadoop.ParquetOutputCommitter
26/01/14 15:31:56 INFO FileOutputCommitter: File Output Committer Algorithm version is 1
26/01/14 15:31:56 INFO FileOutputCommitter: FileOutputCommitter skip cleanup _temporary folders under output directory:false, ignore cleanup failures: false
26/01/14 15:31:56 INFO SQLHadoopMapReduceCommitProtocol: Using output committer class org.apache.parquet.hadoop.ParquetOutputCommitter
26/01/14 15:31:56 INFO CodeGenerator: Code generated in 26.194117 ms
26/01/14 15:31:56 INFO ExternalAppendOnlyUnsafeRowArray: Reached spill threshold of 4096 rows, switching to org.apache.spark.util.collection.unsafe.sort.UnsafeExternalSorter
26/01/14 15:31:56 INFO ExternalAppendOnlyUnsafeRowArray: Reached spill threshold of 4096 rows, switching to org.apache.spark.util.collection.unsafe.sort.UnsafeExternalSorter
26/01/14 15:31:56 INFO ExternalAppendOnlyUnsafeRowArray: Reached spill threshold of 4096 rows, switching to org.apache.spark.util.collection.unsafe.sort.UnsafeExternalSorter
26/01/14 15:31:56 INFO ExternalAppendOnlyUnsafeRowArray: Reached spill threshold of 4096 rows, switching to org.apache.spark.util.collection.unsafe.sort.UnsafeExternalSorter
26/01/14 15:31:56 INFO ExternalAppendOnlyUnsafeRowArray: Reached spill threshold of 4096 rows, switching to org.apache.spark.util.collection.unsafe.sort.UnsafeExternalSorter
26/01/14 15:31:57 INFO CodeGenerator: Code generated in 7.071428 ms
26/01/14 15:31:57 INFO CodeGenerator: Code generated in 26.064 ms
26/01/14 15:31:57 INFO CodecConfig: Compression: SNAPPY
26/01/14 15:31:57 INFO CodecConfig: Compression: SNAPPY
26/01/14 15:31:57 INFO ParquetOutputFormat: ParquetRecordWriter [block size: 134217728b, row group padding size: 8388608b, validating: false]
26/01/14 15:31:57 INFO ParquetWriteSupport: Initialized Parquet WriteSupport with Catalyst schema:
{
  "type" : "struct",
  "fields" : [ {
    "name" : "date",
    "type" : "date",
    "nullable" : true,
    "metadata" : { }
  }, {
    "name" : "open",
    "type" : "double",
    "nullable" : true,
    "metadata" : { }
  }, {
    "name" : "high",
    "type" : "double",
    "nullable" : true,
    "metadata" : { }
  }, {
    "name" : "low",
    "type" : "double",
    "nullable" : true,
    "metadata" : { }
  }, {
    "name" : "close",
    "type" : "double",
    "nullable" : true,
    "metadata" : { }
  }, {
    "name" : "from_symbol",
    "type" : "string",
    "nullable" : true,
    "metadata" : { }
  }, {
    "name" : "to_symbol",
    "type" : "string",
    "nullable" : true,
    "metadata" : { }
  }, {
    "name" : "frequency",
    "type" : "string",
    "nullable" : true,
    "metadata" : { }
  }, {
    "name" : "error",
    "type" : "string",
    "nullable" : true,
    "metadata" : { }
  }, {
    "name" : "prev_date",
    "type" : "date",
    "nullable" : true,
    "metadata" : { }
  }, {
    "name" : "prev_close",
    "type" : "double",
    "nullable" : true,
    "metadata" : { }
  }, {
    "name" : "gap_days",
    "type" : "integer",
    "nullable" : true,
    "metadata" : { }
  }, {
    "name" : "log_return",
    "type" : "double",
    "nullable" : true,
    "metadata" : { }
  }, {
    "name" : "range",
    "type" : "double",
    "nullable" : true,
    "metadata" : { }
  }, {
    "name" : "body",
    "type" : "double",
    "nullable" : true,
    "metadata" : { }
  }, {
    "name" : "lag_ret_1",
    "type" : "double",
    "nullable" : true,
    "metadata" : { }
  }, {
    "name" : "lag_ret_2",
    "type" : "double",
    "nullable" : true,
    "metadata" : { }
  }, {
    "name" : "lag_ret_5",
    "type" : "double",
    "nullable" : true,
    "metadata" : { }
  }, {
    "name" : "roll_mean_5",
    "type" : "double",
    "nullable" : true,
    "metadata" : { }
  }, {
    "name" : "roll_mean_20",
    "type" : "double",
    "nullable" : true,
    "metadata" : { }
  }, {
    "name" : "roll_std_5",
    "type" : "double",
    "nullable" : true,
    "metadata" : { }
  }, {
    "name" : "roll_std_20",
    "type" : "double",
    "nullable" : true,
    "metadata" : { }
  }, {
    "name" : "target_return_1d",
    "type" : "double",
    "nullable" : true,
    "metadata" : { }
  } ]
}
and corresponding Parquet message type:
message spark_schema {
  optional int32 date (DATE);
  optional double open;
  optional double high;
  optional double low;
  optional double close;
  optional binary from_symbol (STRING);
  optional binary to_symbol (STRING);
  optional binary frequency (STRING);
  optional binary error (STRING);
  optional int32 prev_date (DATE);
  optional double prev_close;
  optional int32 gap_days;
  optional double log_return;
  optional double range;
  optional double body;
  optional double lag_ret_1;
  optional double lag_ret_2;
  optional double lag_ret_5;
  optional double roll_mean_5;
  optional double roll_mean_20;
  optional double roll_std_5;
  optional double roll_std_20;
  optional double target_return_1d;
}

       
26/01/14 15:31:57 INFO CodecPool: Got brand-new compressor [.snappy]
26/01/14 15:31:57 INFO CodecConfig: Compression: SNAPPY
26/01/14 15:31:57 INFO CodecConfig: Compression: SNAPPY
26/01/14 15:31:57 INFO ParquetOutputFormat: ParquetRecordWriter [block size: 134217728b, row group padding size: 8388608b, validating: false]
26/01/14 15:31:57 INFO ParquetWriteSupport: Initialized Parquet WriteSupport with Catalyst schema:
{
  "type" : "struct",
  "fields" : [ {
    "name" : "date",
    "type" : "date",
    "nullable" : true,
    "metadata" : { }
  }, {
    "name" : "open",
    "type" : "double",
    "nullable" : true,
    "metadata" : { }
  }, {
    "name" : "high",
    "type" : "double",
    "nullable" : true,
    "metadata" : { }
  }, {
    "name" : "low",
    "type" : "double",
    "nullable" : true,
    "metadata" : { }
  }, {
    "name" : "close",
    "type" : "double",
    "nullable" : true,
    "metadata" : { }
  }, {
    "name" : "from_symbol",
    "type" : "string",
    "nullable" : true,
    "metadata" : { }
  }, {
    "name" : "to_symbol",
    "type" : "string",
    "nullable" : true,
    "metadata" : { }
  }, {
    "name" : "frequency",
    "type" : "string",
    "nullable" : true,
    "metadata" : { }
  }, {
    "name" : "error",
    "type" : "string",
    "nullable" : true,
    "metadata" : { }
  }, {
    "name" : "prev_date",
    "type" : "date",
    "nullable" : true,
    "metadata" : { }
  }, {
    "name" : "prev_close",
    "type" : "double",
    "nullable" : true,
    "metadata" : { }
  }, {
    "name" : "gap_days",
    "type" : "integer",
    "nullable" : true,
    "metadata" : { }
  }, {
    "name" : "log_return",
    "type" : "double",
    "nullable" : true,
    "metadata" : { }
  }, {
    "name" : "range",
    "type" : "double",
    "nullable" : true,
    "metadata" : { }
  }, {
    "name" : "body",
    "type" : "double",
    "nullable" : true,
    "metadata" : { }
  }, {
    "name" : "lag_ret_1",
    "type" : "double",
    "nullable" : true,
    "metadata" : { }
  }, {
    "name" : "lag_ret_2",
    "type" : "double",
    "nullable" : true,
    "metadata" : { }
  }, {
    "name" : "lag_ret_5",
    "type" : "double",
    "nullable" : true,
    "metadata" : { }
  }, {
    "name" : "roll_mean_5",
    "type" : "double",
    "nullable" : true,
    "metadata" : { }
  }, {
    "name" : "roll_mean_20",
    "type" : "double",
    "nullable" : true,
    "metadata" : { }
  }, {
    "name" : "roll_std_5",
    "type" : "double",
    "nullable" : true,
    "metadata" : { }
  }, {
    "name" : "roll_std_20",
    "type" : "double",
    "nullable" : true,
    "metadata" : { }
  }, {
    "name" : "target_return_1d",
    "type" : "double",
    "nullable" : true,
    "metadata" : { }
  } ]
}
and corresponding Parquet message type:
message spark_schema {
  optional int32 date (DATE);
  optional double open;
  optional double high;
  optional double low;
  optional double close;
  optional binary from_symbol (STRING);
  optional binary to_symbol (STRING);
  optional binary frequency (STRING);
  optional binary error (STRING);
  optional int32 prev_date (DATE);
  optional double prev_close;
  optional int32 gap_days;
  optional double log_return;
  optional double range;
  optional double body;
  optional double lag_ret_1;
  optional double lag_ret_2;
  optional double lag_ret_5;
  optional double roll_mean_5;
  optional double roll_mean_20;
  optional double roll_std_5;
  optional double roll_std_20;
  optional double target_return_1d;
}

       
26/01/14 15:31:57 INFO CodecConfig: Compression: SNAPPY
26/01/14 15:31:57 INFO CodecConfig: Compression: SNAPPY
26/01/14 15:31:57 INFO ParquetOutputFormat: ParquetRecordWriter [block size: 134217728b, row group padding size: 8388608b, validating: false]
26/01/14 15:31:57 INFO ParquetWriteSupport: Initialized Parquet WriteSupport with Catalyst schema:
{
  "type" : "struct",
  "fields" : [ {
    "name" : "date",
    "type" : "date",
    "nullable" : true,
    "metadata" : { }
  }, {
    "name" : "open",
    "type" : "double",
    "nullable" : true,
    "metadata" : { }
  }, {
    "name" : "high",
    "type" : "double",
    "nullable" : true,
    "metadata" : { }
  }, {
    "name" : "low",
    "type" : "double",
    "nullable" : true,
    "metadata" : { }
  }, {
    "name" : "close",
    "type" : "double",
    "nullable" : true,
    "metadata" : { }
  }, {
    "name" : "from_symbol",
    "type" : "string",
    "nullable" : true,
    "metadata" : { }
  }, {
    "name" : "to_symbol",
    "type" : "string",
    "nullable" : true,
    "metadata" : { }
  }, {
    "name" : "frequency",
    "type" : "string",
    "nullable" : true,
    "metadata" : { }
  }, {
    "name" : "error",
    "type" : "string",
    "nullable" : true,
    "metadata" : { }
  }, {
    "name" : "prev_date",
    "type" : "date",
    "nullable" : true,
    "metadata" : { }
  }, {
    "name" : "prev_close",
    "type" : "double",
    "nullable" : true,
    "metadata" : { }
  }, {
    "name" : "gap_days",
    "type" : "integer",
    "nullable" : true,
    "metadata" : { }
  }, {
    "name" : "log_return",
    "type" : "double",
    "nullable" : true,
    "metadata" : { }
  }, {
    "name" : "range",
    "type" : "double",
    "nullable" : true,
    "metadata" : { }
  }, {
    "name" : "body",
    "type" : "double",
    "nullable" : true,
    "metadata" : { }
  }, {
    "name" : "lag_ret_1",
    "type" : "double",
    "nullable" : true,
    "metadata" : { }
  }, {
    "name" : "lag_ret_2",
    "type" : "double",
    "nullable" : true,
    "metadata" : { }
  }, {
    "name" : "lag_ret_5",
    "type" : "double",
    "nullable" : true,
    "metadata" : { }
  }, {
    "name" : "roll_mean_5",
    "type" : "double",
    "nullable" : true,
    "metadata" : { }
  }, {
    "name" : "roll_mean_20",
    "type" : "double",
    "nullable" : true,
    "metadata" : { }
  }, {
    "name" : "roll_std_5",
    "type" : "double",
    "nullable" : true,
    "metadata" : { }
  }, {
    "name" : "roll_std_20",
    "type" : "double",
    "nullable" : true,
    "metadata" : { }
  }, {
    "name" : "target_return_1d",
    "type" : "double",
    "nullable" : true,
    "metadata" : { }
  } ]
}
and corresponding Parquet message type:
message spark_schema {
  optional int32 date (DATE);
  optional double open;
  optional double high;
  optional double low;
  optional double close;
  optional binary from_symbol (STRING);
  optional binary to_symbol (STRING);
  optional binary frequency (STRING);
  optional binary error (STRING);
  optional int32 prev_date (DATE);
  optional double prev_close;
  optional int32 gap_days;
  optional double log_return;
  optional double range;
  optional double body;
  optional double lag_ret_1;
  optional double lag_ret_2;
  optional double lag_ret_5;
  optional double roll_mean_5;
  optional double roll_mean_20;
  optional double roll_std_5;
  optional double roll_std_20;
  optional double target_return_1d;
}

       
26/01/14 15:31:58 INFO FileOutputCommitter: Saved output of task 'attempt_202601141531558316227593051903849_0009_m_000000_7' to file:/home/ec2-user/project/adzd-project/data/features/forex_daily/frequency=daily/.spark-staging-e118fffe-a640-4e37-aec6-1512154c2c11/_temporary/0/task_202601141531558316227593051903849_0009_m_000000
26/01/14 15:31:58 INFO SparkHadoopMapRedUtil: attempt_202601141531558316227593051903849_0009_m_000000_7: Committed. Elapsed time: 11 ms.
26/01/14 15:31:58 INFO Executor: Finished task 0.0 in stage 9.0 (TID 7). 7453 bytes result sent to driver
26/01/14 15:31:58 INFO TaskSetManager: Finished task 0.0 in stage 9.0 (TID 7) in 2410 ms on ip-172-31-69-193.ec2.internal (executor driver) (1/1)
26/01/14 15:31:58 INFO DAGScheduler: ResultStage 9 (parquet at NativeMethodAccessorImpl.java:0) finished in 2.465 s
26/01/14 15:31:58 INFO DAGScheduler: Job 5 is finished. Cancelling potential speculative or zombie tasks for this job
26/01/14 15:31:58 INFO TaskSchedulerImpl: Removed TaskSet 9.0, whose tasks have all completed, from pool 
26/01/14 15:31:58 INFO TaskSchedulerImpl: Killing all running tasks in stage 9: Stage finished
26/01/14 15:31:58 INFO DAGScheduler: Job 5 finished: parquet at NativeMethodAccessorImpl.java:0, took 2.480542 s
26/01/14 15:31:58 INFO FileFormatWriter: Start to commit write Job 3bdee0e8-30a0-4856-9a58-f9cc17e6b1e3.
26/01/14 15:31:58 INFO FileFormatWriter: Write Job 3bdee0e8-30a0-4856-9a58-f9cc17e6b1e3 committed. Elapsed time: 52 ms.
26/01/14 15:31:58 INFO FileFormatWriter: Finished processing stats for write job 3bdee0e8-30a0-4856-9a58-f9cc17e6b1e3.
26/01/14 15:31:58 INFO DataSourceStrategy: Pruning directories with: isnotnull(ingest_date#10),(ingest_date#10 = 2026-01-14)
26/01/14 15:31:58 INFO FileSourceStrategy: Pushed Filters: 
26/01/14 15:31:58 INFO FileSourceStrategy: Post-Scan Filters: 
26/01/14 15:31:58 INFO CodeGenerator: Code generated in 72.959241 ms
26/01/14 15:31:58 INFO MemoryStore: Block broadcast_8 stored as values in memory (estimated size 203.0 KiB, free 433.5 MiB)
26/01/14 15:31:58 INFO MemoryStore: Block broadcast_8_piece0 stored as bytes in memory (estimated size 35.4 KiB, free 433.5 MiB)
26/01/14 15:31:58 INFO BlockManagerInfo: Added broadcast_8_piece0 in memory on ip-172-31-69-193.ec2.internal:44271 (size: 35.4 KiB, free: 434.2 MiB)
26/01/14 15:31:58 INFO SparkContext: Created broadcast 8 from collect at /home/ec2-user/project/adzd-project/spark_jobs/preprocess/forex_daily_preprocess.py:177
26/01/14 15:31:58 INFO InMemoryFileIndex: Selected 3 partitions out of 3, pruned 0.0% partitions.
26/01/14 15:31:58 INFO FileSourceScanExec: Planning scan with bin packing, max size: 6500831 bytes, open cost is considered as scanning 4194304 bytes.
26/01/14 15:31:58 INFO DAGScheduler: Registering RDD 29 (collect at /home/ec2-user/project/adzd-project/spark_jobs/preprocess/forex_daily_preprocess.py:177) as input to shuffle 3
26/01/14 15:31:58 INFO DAGScheduler: Got map stage job 6 (collect at /home/ec2-user/project/adzd-project/spark_jobs/preprocess/forex_daily_preprocess.py:177) with 2 output partitions
26/01/14 15:31:58 INFO DAGScheduler: Final stage: ShuffleMapStage 10 (collect at /home/ec2-user/project/adzd-project/spark_jobs/preprocess/forex_daily_preprocess.py:177)
26/01/14 15:31:58 INFO DAGScheduler: Parents of final stage: List()
26/01/14 15:31:58 INFO DAGScheduler: Missing parents: List()
26/01/14 15:31:58 INFO DAGScheduler: Submitting ShuffleMapStage 10 (MapPartitionsRDD[29] at collect at /home/ec2-user/project/adzd-project/spark_jobs/preprocess/forex_daily_preprocess.py:177), which has no missing parents
26/01/14 15:31:58 INFO MemoryStore: Block broadcast_9 stored as values in memory (estimated size 53.3 KiB, free 433.4 MiB)
26/01/14 15:31:58 INFO MemoryStore: Block broadcast_9_piece0 stored as bytes in memory (estimated size 21.5 KiB, free 433.4 MiB)
26/01/14 15:31:58 INFO BlockManagerInfo: Added broadcast_9_piece0 in memory on ip-172-31-69-193.ec2.internal:44271 (size: 21.5 KiB, free: 434.2 MiB)
26/01/14 15:31:58 INFO SparkContext: Created broadcast 9 from broadcast at DAGScheduler.scala:1535
26/01/14 15:31:58 INFO DAGScheduler: Submitting 2 missing tasks from ShuffleMapStage 10 (MapPartitionsRDD[29] at collect at /home/ec2-user/project/adzd-project/spark_jobs/preprocess/forex_daily_preprocess.py:177) (first 15 tasks are for partitions Vector(0, 1))
26/01/14 15:31:58 INFO TaskSchedulerImpl: Adding task set 10.0 with 2 tasks resource profile 0
26/01/14 15:31:58 INFO TaskSetManager: Starting task 0.0 in stage 10.0 (TID 8) (ip-172-31-69-193.ec2.internal, executor driver, partition 0, PROCESS_LOCAL, 8439 bytes) 
26/01/14 15:31:58 INFO TaskSetManager: Starting task 1.0 in stage 10.0 (TID 9) (ip-172-31-69-193.ec2.internal, executor driver, partition 1, PROCESS_LOCAL, 8148 bytes) 
26/01/14 15:31:58 INFO Executor: Running task 0.0 in stage 10.0 (TID 8)
26/01/14 15:31:58 INFO Executor: Running task 1.0 in stage 10.0 (TID 9)
26/01/14 15:31:58 INFO CodeGenerator: Code generated in 22.326544 ms
26/01/14 15:31:58 INFO CodeGenerator: Code generated in 16.442545 ms
26/01/14 15:31:58 INFO FileScanRDD: Reading File path: file:///home/ec2-user/project/adzd-project/data/raw/alpha_vantage/market=forex/frequency=daily/pair=USD_JPY/ingest_date=2026-01-14/part-00000-d6c4b84d-c442-438d-8fa1-eff2398b03d5.c000.snappy.parquet, range: 0-114177, partition values: [USD_JPY,20467]
26/01/14 15:31:58 INFO FileScanRDD: Reading File path: file:///home/ec2-user/project/adzd-project/data/raw/alpha_vantage/market=forex/frequency=daily/pair=EUR_USD/ingest_date=2026-01-14/part-00000-d6c4b84d-c442-438d-8fa1-eff2398b03d5.c000.snappy.parquet, range: 0-154973, partition values: [EUR_USD,20467]
26/01/14 15:31:58 INFO FileScanRDD: Reading File path: file:///home/ec2-user/project/adzd-project/data/raw/alpha_vantage/market=forex/frequency=daily/pair=GBP_USD/ingest_date=2026-01-14/part-00000-d6c4b84d-c442-438d-8fa1-eff2398b03d5.c000.snappy.parquet, range: 0-149601, partition values: [GBP_USD,20467]
26/01/14 15:31:58 INFO Executor: Finished task 1.0 in stage 10.0 (TID 9). 3055 bytes result sent to driver
26/01/14 15:31:59 INFO TaskSetManager: Finished task 1.0 in stage 10.0 (TID 9) in 310 ms on ip-172-31-69-193.ec2.internal (executor driver) (1/2)
26/01/14 15:31:59 INFO Executor: Finished task 0.0 in stage 10.0 (TID 8). 3055 bytes result sent to driver
26/01/14 15:31:59 INFO TaskSetManager: Finished task 0.0 in stage 10.0 (TID 8) in 319 ms on ip-172-31-69-193.ec2.internal (executor driver) (2/2)
26/01/14 15:31:59 INFO TaskSchedulerImpl: Removed TaskSet 10.0, whose tasks have all completed, from pool 
26/01/14 15:31:59 INFO DAGScheduler: ShuffleMapStage 10 (collect at /home/ec2-user/project/adzd-project/spark_jobs/preprocess/forex_daily_preprocess.py:177) finished in 0.337 s
26/01/14 15:31:59 INFO DAGScheduler: looking for newly runnable stages
26/01/14 15:31:59 INFO DAGScheduler: running: Set()
26/01/14 15:31:59 INFO DAGScheduler: waiting: Set()
26/01/14 15:31:59 INFO DAGScheduler: failed: Set()
26/01/14 15:31:59 INFO ShufflePartitionsUtil: For shuffle(3), advisory target size: 67108864, actual target size 1048576, minimum partition size: 1048576
26/01/14 15:31:59 INFO HashAggregateExec: spark.sql.codegen.aggregate.map.twolevel.enabled is set to true, but current version of codegened fast hashmap does not support this aggregate.
26/01/14 15:31:59 INFO CodeGenerator: Code generated in 33.309261 ms
26/01/14 15:31:59 INFO DAGScheduler: Registering RDD 32 (collect at /home/ec2-user/project/adzd-project/spark_jobs/preprocess/forex_daily_preprocess.py:177) as input to shuffle 4
26/01/14 15:31:59 INFO DAGScheduler: Got map stage job 7 (collect at /home/ec2-user/project/adzd-project/spark_jobs/preprocess/forex_daily_preprocess.py:177) with 1 output partitions
26/01/14 15:31:59 INFO DAGScheduler: Final stage: ShuffleMapStage 12 (collect at /home/ec2-user/project/adzd-project/spark_jobs/preprocess/forex_daily_preprocess.py:177)
26/01/14 15:31:59 INFO DAGScheduler: Parents of final stage: List(ShuffleMapStage 11)
26/01/14 15:31:59 INFO DAGScheduler: Missing parents: List()
26/01/14 15:31:59 INFO DAGScheduler: Submitting ShuffleMapStage 12 (MapPartitionsRDD[32] at collect at /home/ec2-user/project/adzd-project/spark_jobs/preprocess/forex_daily_preprocess.py:177), which has no missing parents
26/01/14 15:31:59 INFO MemoryStore: Block broadcast_10 stored as values in memory (estimated size 59.6 KiB, free 433.3 MiB)
26/01/14 15:31:59 INFO MemoryStore: Block broadcast_10_piece0 stored as bytes in memory (estimated size 24.4 KiB, free 433.3 MiB)
26/01/14 15:31:59 INFO BlockManagerInfo: Added broadcast_10_piece0 in memory on ip-172-31-69-193.ec2.internal:44271 (size: 24.4 KiB, free: 434.2 MiB)
26/01/14 15:31:59 INFO SparkContext: Created broadcast 10 from broadcast at DAGScheduler.scala:1535
26/01/14 15:31:59 INFO DAGScheduler: Submitting 1 missing tasks from ShuffleMapStage 12 (MapPartitionsRDD[32] at collect at /home/ec2-user/project/adzd-project/spark_jobs/preprocess/forex_daily_preprocess.py:177) (first 15 tasks are for partitions Vector(0))
26/01/14 15:31:59 INFO TaskSchedulerImpl: Adding task set 12.0 with 1 tasks resource profile 0
26/01/14 15:31:59 INFO TaskSetManager: Starting task 0.0 in stage 12.0 (TID 10) (ip-172-31-69-193.ec2.internal, executor driver, partition 0, NODE_LOCAL, 7352 bytes) 
26/01/14 15:31:59 INFO Executor: Running task 0.0 in stage 12.0 (TID 10)
26/01/14 15:31:59 INFO ShuffleBlockFetcherIterator: Getting 2 (688.6 KiB) non-empty blocks including 2 (688.6 KiB) local and 0 (0.0 B) host-local and 0 (0.0 B) push-merged-local and 0 (0.0 B) remote blocks
26/01/14 15:31:59 INFO ShuffleBlockFetcherIterator: Started 0 remote fetches in 8 ms
26/01/14 15:31:59 INFO CodeGenerator: Code generated in 22.154232 ms
26/01/14 15:31:59 INFO Executor: Finished task 0.0 in stage 12.0 (TID 10). 5850 bytes result sent to driver
26/01/14 15:31:59 INFO TaskSetManager: Finished task 0.0 in stage 12.0 (TID 10) in 224 ms on ip-172-31-69-193.ec2.internal (executor driver) (1/1)
26/01/14 15:31:59 INFO TaskSchedulerImpl: Removed TaskSet 12.0, whose tasks have all completed, from pool 
26/01/14 15:31:59 INFO DAGScheduler: ShuffleMapStage 12 (collect at /home/ec2-user/project/adzd-project/spark_jobs/preprocess/forex_daily_preprocess.py:177) finished in 0.240 s
26/01/14 15:31:59 INFO DAGScheduler: looking for newly runnable stages
26/01/14 15:31:59 INFO DAGScheduler: running: Set()
26/01/14 15:31:59 INFO DAGScheduler: waiting: Set()
26/01/14 15:31:59 INFO DAGScheduler: failed: Set()
26/01/14 15:31:59 INFO ShufflePartitionsUtil: For shuffle(4), advisory target size: 67108864, actual target size 1048576, minimum partition size: 1048576
26/01/14 15:31:59 INFO CodeGenerator: Code generated in 26.85786 ms
26/01/14 15:31:59 INFO CodeGenerator: Code generated in 10.186952 ms
26/01/14 15:31:59 INFO CodeGenerator: Code generated in 14.140434 ms
26/01/14 15:31:59 INFO DAGScheduler: Registering RDD 39 (collect at /home/ec2-user/project/adzd-project/spark_jobs/preprocess/forex_daily_preprocess.py:177) as input to shuffle 5
26/01/14 15:31:59 INFO DAGScheduler: Got map stage job 8 (collect at /home/ec2-user/project/adzd-project/spark_jobs/preprocess/forex_daily_preprocess.py:177) with 1 output partitions
26/01/14 15:31:59 INFO DAGScheduler: Final stage: ShuffleMapStage 15 (collect at /home/ec2-user/project/adzd-project/spark_jobs/preprocess/forex_daily_preprocess.py:177)
26/01/14 15:31:59 INFO DAGScheduler: Parents of final stage: List(ShuffleMapStage 14)
26/01/14 15:31:59 INFO DAGScheduler: Missing parents: List()
26/01/14 15:31:59 INFO DAGScheduler: Submitting ShuffleMapStage 15 (MapPartitionsRDD[39] at collect at /home/ec2-user/project/adzd-project/spark_jobs/preprocess/forex_daily_preprocess.py:177), which has no missing parents
26/01/14 15:31:59 INFO MemoryStore: Block broadcast_11 stored as values in memory (estimated size 74.7 KiB, free 433.2 MiB)
26/01/14 15:31:59 INFO MemoryStore: Block broadcast_11_piece0 stored as bytes in memory (estimated size 30.8 KiB, free 433.2 MiB)
26/01/14 15:31:59 INFO BlockManagerInfo: Added broadcast_11_piece0 in memory on ip-172-31-69-193.ec2.internal:44271 (size: 30.8 KiB, free: 434.1 MiB)
26/01/14 15:31:59 INFO SparkContext: Created broadcast 11 from broadcast at DAGScheduler.scala:1535
26/01/14 15:31:59 INFO DAGScheduler: Submitting 1 missing tasks from ShuffleMapStage 15 (MapPartitionsRDD[39] at collect at /home/ec2-user/project/adzd-project/spark_jobs/preprocess/forex_daily_preprocess.py:177) (first 15 tasks are for partitions Vector(0))
26/01/14 15:31:59 INFO TaskSchedulerImpl: Adding task set 15.0 with 1 tasks resource profile 0
26/01/14 15:31:59 INFO TaskSetManager: Starting task 0.0 in stage 15.0 (TID 11) (ip-172-31-69-193.ec2.internal, executor driver, partition 0, NODE_LOCAL, 7352 bytes) 
26/01/14 15:31:59 INFO Executor: Running task 0.0 in stage 15.0 (TID 11)
26/01/14 15:31:59 INFO ShuffleBlockFetcherIterator: Getting 1 (197.9 KiB) non-empty blocks including 1 (197.9 KiB) local and 0 (0.0 B) host-local and 0 (0.0 B) push-merged-local and 0 (0.0 B) remote blocks
26/01/14 15:31:59 INFO ShuffleBlockFetcherIterator: Started 0 remote fetches in 2 ms
26/01/14 15:31:59 INFO CodeGenerator: Code generated in 16.150748 ms
26/01/14 15:31:59 INFO CodeGenerator: Code generated in 12.405753 ms
26/01/14 15:31:59 INFO CodeGenerator: Code generated in 15.134711 ms
26/01/14 15:31:59 INFO CodeGenerator: Code generated in 7.369855 ms
26/01/14 15:31:59 INFO CodeGenerator: Code generated in 6.482695 ms
26/01/14 15:31:59 INFO CodeGenerator: Code generated in 11.421188 ms
26/01/14 15:31:59 INFO CodeGenerator: Code generated in 7.211487 ms
26/01/14 15:31:59 INFO ExternalAppendOnlyUnsafeRowArray: Reached spill threshold of 4096 rows, switching to org.apache.spark.util.collection.unsafe.sort.UnsafeExternalSorter
26/01/14 15:31:59 INFO CodeGenerator: Code generated in 6.573679 ms
26/01/14 15:31:59 INFO CodeGenerator: Code generated in 6.280314 ms
26/01/14 15:31:59 INFO CodeGenerator: Code generated in 6.6859 ms
26/01/14 15:31:59 INFO CodeGenerator: Code generated in 6.457857 ms
26/01/14 15:31:59 INFO CodeGenerator: Code generated in 14.556318 ms
26/01/14 15:31:59 INFO CodeGenerator: Code generated in 5.77468 ms
26/01/14 15:31:59 INFO ExternalAppendOnlyUnsafeRowArray: Reached spill threshold of 4096 rows, switching to org.apache.spark.util.collection.unsafe.sort.UnsafeExternalSorter
26/01/14 15:31:59 INFO ExternalAppendOnlyUnsafeRowArray: Reached spill threshold of 4096 rows, switching to org.apache.spark.util.collection.unsafe.sort.UnsafeExternalSorter
26/01/14 15:32:00 INFO ExternalAppendOnlyUnsafeRowArray: Reached spill threshold of 4096 rows, switching to org.apache.spark.util.collection.unsafe.sort.UnsafeExternalSorter
26/01/14 15:32:00 INFO ExternalAppendOnlyUnsafeRowArray: Reached spill threshold of 4096 rows, switching to org.apache.spark.util.collection.unsafe.sort.UnsafeExternalSorter
26/01/14 15:32:00 INFO BlockManagerInfo: Removed broadcast_9_piece0 on ip-172-31-69-193.ec2.internal:44271 in memory (size: 21.5 KiB, free: 434.2 MiB)
26/01/14 15:32:00 INFO BlockManagerInfo: Removed broadcast_10_piece0 on ip-172-31-69-193.ec2.internal:44271 in memory (size: 24.4 KiB, free: 434.2 MiB)
26/01/14 15:32:00 INFO ExternalAppendOnlyUnsafeRowArray: Reached spill threshold of 4096 rows, switching to org.apache.spark.util.collection.unsafe.sort.UnsafeExternalSorter
26/01/14 15:32:00 INFO Executor: Finished task 0.0 in stage 15.0 (TID 11). 7551 bytes result sent to driver
26/01/14 15:32:00 INFO TaskSetManager: Finished task 0.0 in stage 15.0 (TID 11) in 803 ms on ip-172-31-69-193.ec2.internal (executor driver) (1/1)
26/01/14 15:32:00 INFO TaskSchedulerImpl: Removed TaskSet 15.0, whose tasks have all completed, from pool 
26/01/14 15:32:00 INFO DAGScheduler: ShuffleMapStage 15 (collect at /home/ec2-user/project/adzd-project/spark_jobs/preprocess/forex_daily_preprocess.py:177) finished in 0.829 s
26/01/14 15:32:00 INFO DAGScheduler: looking for newly runnable stages
26/01/14 15:32:00 INFO DAGScheduler: running: Set()
26/01/14 15:32:00 INFO DAGScheduler: waiting: Set()
26/01/14 15:32:00 INFO DAGScheduler: failed: Set()
26/01/14 15:32:00 INFO CodeGenerator: Code generated in 9.63307 ms
26/01/14 15:32:00 INFO SparkContext: Starting job: collect at /home/ec2-user/project/adzd-project/spark_jobs/preprocess/forex_daily_preprocess.py:177
26/01/14 15:32:00 INFO DAGScheduler: Got job 9 (collect at /home/ec2-user/project/adzd-project/spark_jobs/preprocess/forex_daily_preprocess.py:177) with 1 output partitions
26/01/14 15:32:00 INFO DAGScheduler: Final stage: ResultStage 19 (collect at /home/ec2-user/project/adzd-project/spark_jobs/preprocess/forex_daily_preprocess.py:177)
26/01/14 15:32:00 INFO DAGScheduler: Parents of final stage: List(ShuffleMapStage 18)
26/01/14 15:32:00 INFO DAGScheduler: Missing parents: List()
26/01/14 15:32:00 INFO DAGScheduler: Submitting ResultStage 19 (MapPartitionsRDD[42] at collect at /home/ec2-user/project/adzd-project/spark_jobs/preprocess/forex_daily_preprocess.py:177), which has no missing parents
26/01/14 15:32:00 INFO MemoryStore: Block broadcast_12 stored as values in memory (estimated size 12.2 KiB, free 433.4 MiB)
26/01/14 15:32:00 INFO MemoryStore: Block broadcast_12_piece0 stored as bytes in memory (estimated size 5.8 KiB, free 433.3 MiB)
26/01/14 15:32:00 INFO BlockManagerInfo: Added broadcast_12_piece0 in memory on ip-172-31-69-193.ec2.internal:44271 (size: 5.8 KiB, free: 434.2 MiB)
26/01/14 15:32:00 INFO SparkContext: Created broadcast 12 from broadcast at DAGScheduler.scala:1535
26/01/14 15:32:00 INFO DAGScheduler: Submitting 1 missing tasks from ResultStage 19 (MapPartitionsRDD[42] at collect at /home/ec2-user/project/adzd-project/spark_jobs/preprocess/forex_daily_preprocess.py:177) (first 15 tasks are for partitions Vector(0))
26/01/14 15:32:00 INFO TaskSchedulerImpl: Adding task set 19.0 with 1 tasks resource profile 0
26/01/14 15:32:00 INFO TaskSetManager: Starting task 0.0 in stage 19.0 (TID 12) (ip-172-31-69-193.ec2.internal, executor driver, partition 0, NODE_LOCAL, 7363 bytes) 
26/01/14 15:32:00 INFO Executor: Running task 0.0 in stage 19.0 (TID 12)
26/01/14 15:32:00 INFO ShuffleBlockFetcherIterator: Getting 1 (60.0 B) non-empty blocks including 1 (60.0 B) local and 0 (0.0 B) host-local and 0 (0.0 B) push-merged-local and 0 (0.0 B) remote blocks
26/01/14 15:32:00 INFO ShuffleBlockFetcherIterator: Started 0 remote fetches in 1 ms
26/01/14 15:32:00 INFO Executor: Finished task 0.0 in stage 19.0 (TID 12). 3808 bytes result sent to driver
26/01/14 15:32:00 INFO TaskSetManager: Finished task 0.0 in stage 19.0 (TID 12) in 14 ms on ip-172-31-69-193.ec2.internal (executor driver) (1/1)
26/01/14 15:32:00 INFO TaskSchedulerImpl: Removed TaskSet 19.0, whose tasks have all completed, from pool 
26/01/14 15:32:00 INFO DAGScheduler: ResultStage 19 (collect at /home/ec2-user/project/adzd-project/spark_jobs/preprocess/forex_daily_preprocess.py:177) finished in 0.030 s
26/01/14 15:32:00 INFO DAGScheduler: Job 9 is finished. Cancelling potential speculative or zombie tasks for this job
26/01/14 15:32:00 INFO TaskSchedulerImpl: Killing all running tasks in stage 19: Stage finished
26/01/14 15:32:00 INFO DAGScheduler: Job 9 finished: collect at /home/ec2-user/project/adzd-project/spark_jobs/preprocess/forex_daily_preprocess.py:177, took 0.036500 s
2026-01-14 15:32:00,531 | INFO | spark.preprocess.forex_daily | Preprocessing done. ingest_date=2026-01-14, records=14976
26/01/14 15:32:00 INFO SparkContext: SparkContext is stopping with exitCode 0.
26/01/14 15:32:00 INFO SparkUI: Stopped Spark web UI at http://ip-172-31-69-193.ec2.internal:4040
26/01/14 15:32:00 INFO MapOutputTrackerMasterEndpoint: MapOutputTrackerMasterEndpoint stopped!
26/01/14 15:32:00 INFO MemoryStore: MemoryStore cleared
26/01/14 15:32:00 INFO BlockManager: BlockManager stopped
26/01/14 15:32:00 INFO BlockManagerMaster: BlockManagerMaster stopped
26/01/14 15:32:00 INFO OutputCommitCoordinator$OutputCommitCoordinatorEndpoint: OutputCommitCoordinator stopped!
26/01/14 15:32:00 INFO SparkContext: Successfully stopped SparkContext
26/01/14 15:32:00 INFO ShutdownHookManager: Shutdown hook called
26/01/14 15:32:00 INFO ShutdownHookManager: Deleting directory /tmp/spark-52498783-c688-454f-85fe-81f8bf9a982a
26/01/14 15:32:00 INFO ShutdownHookManager: Deleting directory /tmp/spark-1c87b8f4-9a49-4be9-a0c4-41bc2edfe07a
26/01/14 15:32:00 INFO ShutdownHookManager: Deleting directory /tmp/spark-52498783-c688-454f-85fe-81f8bf9a982a/pyspark-a5aeb3e2-a916-47df-90de-167e13e5c8b3
Traceback (most recent call last):
  File "/usr/lib64/python3.9/runpy.py", line 197, in _run_module_as_main
    return _run_code(code, main_globals, None,
  File "/usr/lib64/python3.9/runpy.py", line 87, in _run_code
    exec(code, run_globals)
  File "/home/ec2-user/project/adzd-project/pipelines/naive/backtest.py", line 9, in <module>
    import numpy as np
ModuleNotFoundError: No module named 'numpy'
